    -----------------------------------------------------------------------
          PSI4: An Open-Source Ab Initio Electronic Structure Package
                              PSI 4.0.0-beta5+ Driver

               Git: Rev {master} 9e91a950ecfbbc1aef4f6938f61ae7ae8c17c46b

    J. M. Turney, A. C. Simmonett, R. M. Parrish, E. G. Hohenstein,
    F. A. Evangelista, J. T. Fermann, B. J. Mintz, L. A. Burns, J. J. Wilke,
    M. L. Abrams, N. J. Russ, M. L. Leininger, C. L. Janssen, E. T. Seidl,
    W. D. Allen, H. F. Schaefer, R. A. King, E. F. Valeev, C. D. Sherrill,
    and T. D. Crawford, WIREs Comput. Mol. Sci. 2, 556-565 (2012)
    (doi: 10.1002/wcms.93)

                         Additional Contributions by
    A. E. DePrince, M. Saitow, U. Bozkaya, A. Yu. Sokolov
    -----------------------------------------------------------------------

    Process ID:  29790
    PSI4DATADIR: /home/qwang/software/psi4_git/install_psi4/share/psi

    Using LocalCommunicator (Number of processes = 1)

    Memory level set to 256.000 MB

  ==> Input File <==

--------------------------------------------------------------------------
#psi4
#
memory 40 gb

molecule Uracil_Uracil {
0 1
    N    -0.729999134     0.022767626     0.000914648
    H     0.298422555     0.074004465     0.001623038
    C    -1.296824528    -1.240426820     0.001502336
    O    -0.594098857    -2.253517508     0.002633705
    C    -2.743622291    -1.262331701     0.000479378
    H    -3.249590454    -2.211835169     0.000833106
    C    -3.422019974    -0.095909207    -0.000922590
    H    -4.500897091    -0.049216027    -0.001745463
    N    -2.774836844     1.105408947    -0.001418075
    H    -3.283838068     1.973877391    -0.002485743
    C    -1.391478664     1.237019779    -0.000525382
    O    -0.839843713     2.317035280    -0.001001251
--
0 1
    N     3.620480029    -1.061021170     0.000814645
    H     4.067723812    -0.154447970     0.001201461
    C     4.476527799    -2.175638960    -0.000685232
    O     5.685979822    -2.023934545    -0.001434431
    C     3.762309369    -3.437812498    -0.001189626
    H     4.328893918    -4.352843248    -0.002328261
    C     2.412140393    -3.441630370    -0.000229530
    H     1.835177156    -4.354595136    -0.000548207
    N     1.674148983    -2.290749531     0.001220882
    H     0.647812723    -2.312192330     0.001897951
    C     2.246919921    -1.046084490     0.001771529
    O     1.596599037    -0.004866185     0.003007922
units angstrom
no_reorient  #important for SAPT in psi4, default
symmetry c1  #important for SAPT in psi4, default
}

set {
basis aug-cc-pVTZ
scf_type DF
freeze_core True
}
energy('sapt2+')
--------------------------------------------------------------------------

  Memory set to  40.000 GiB by Python script.

  //>>>>>>>>>>>>>>>>>>>>>>>>>>>>>>>>>>>//
  //              Dimer HF             //
  //<<<<<<<<<<<<<<<<<<<<<<<<<<<<<<<<<<<//


  No DF_BASIS_SCF auxiliary basis selected, defaulting to aug-cc-pvtz-jkfit


*** tstart() called on node37.bme.utexas.edu
*** at Thu Apr 17 18:07:17 2014


         ---------------------------------------------------------
                                   SCF
            by Justin Turney, Rob Parrish, and Andy Simmonett
                              RHF Reference
                        8 Threads,  40000 MiB Core
         ---------------------------------------------------------

  ==> Geometry <==

    Molecular point group: c1
    Full point group: C1

    Geometry (in Angstrom), charge = 0, multiplicity = 1:

       Center              X                  Y                   Z       
    ------------   -----------------  -----------------  -----------------
           N         -1.476617723920     0.967188556379     0.000586249147
           H         -0.448196034920     1.018425395379     0.001294639147
           C         -2.043443117920    -0.296005889621     0.001173937147
           O         -1.340717446920    -1.309096577621     0.002305306147
           C         -3.490240880920    -0.317910770621     0.000150979147
           H         -3.996209043920    -1.267414238621     0.000504707147
           C         -4.168638563920     0.848511723379    -0.001250988853
           H         -5.247515680920     0.895204903379    -0.002073861853
           N         -3.521455433920     2.049829877379    -0.001746473853
           H         -4.030456657920     2.918298321379    -0.002814141853
           C         -2.138097253920     2.181440709379    -0.000853780853
           O         -1.586462302920     3.261456210379    -0.001329649853
           N          2.873861439080    -0.116600239621     0.000486246147
           H          3.321105222080     0.789972960379     0.000873062147
           C          3.729909209080    -1.231218029621    -0.001013630853
           O          4.939361232080    -1.079513614621    -0.001762829853
           C          3.015690779080    -2.493391567621    -0.001518024853
           H          3.582275328080    -3.408422317621    -0.002656659853
           C          1.665521803080    -2.497209439621    -0.000557928853
           H          1.088558566080    -3.410174205621    -0.000876605853
           N          0.927530393080    -1.346328600621     0.000892483147
           H         -0.098805866920    -1.367771399621     0.001569552147
           C          1.500301331080    -0.101663559621     0.001443130147
           O          0.849980447080     0.939554745379     0.002679523147

  Running in c1 symmetry.


	Rotational constants (cm^-1):
	A =    0.04730    B =    0.00874   C =    0.00737

	Rotational constants (MHz):
	A = 1417.94802    B =  261.91317   C =  221.07744
  Nuclear repulsion = 1076.751555437719617

  Charge       = 0
  Multiplicity = 1
  Electrons    = 116
  Nalpha       = 58
  Nbeta        = 58

  ==> Algorithm <==

  SCF Algorithm Type is DF.
  DIIS enabled.
  MOM disabled.
  Fractional occupation disabled.
  Guess Type is CORE.
  Energy threshold   = 1.00e-08
  Density threshold  = 1.00e-08
  Integral threshold = 0.00e+00

  ==> Primary Basis <==

  Basis Set: AUG-CC-PVTZ
    Number of shells: 296
    Number of basis function: 920
    Number of Cartesian functions: 1080
    Spherical Harmonics?: true
    Max angular momentum: 3

  ==> Pre-Iterations <==

   -------------------------------------------------------
    Irrep   Nso     Nmo     Nalpha   Nbeta   Ndocc  Nsocc
   -------------------------------------------------------
     A        920     920       0       0       0       0
   -------------------------------------------------------
    Total     920     920      58      58      58       0
   -------------------------------------------------------

 OEINTS: Wrapper to libmints.
   by Justin Turney

   Calculation information:
      Number of atoms:                  24
      Number of AO shells:             296
      Number of SO shells:             296
      Number of primitives:            568
      Number of atomic orbitals:      1080
      Number of basis functions:       920

      Number of irreps:                  1
      Number of functions per irrep: [ 920 ]

      Overlap, kinetic, potential, dipole, and quadrupole integrals
        stored in file 35.

  ==> Integral Setup <==

  ==> DFJK: Density-Fitted J/K Matrices <==

    J tasked:                  Yes
    K tasked:                  Yes
    wK tasked:                  No
    OpenMP threads:              8
    Integrals threads:           8
    Memory (MB):             28610
    Algorithm:                Core
    Integral Cache:           SAVE
    Schwarz Cutoff:          1E-12
    Fitting Condition:       1E-12

   => Auxiliary Basis Set <=

  Basis Set: aug-cc-pvtz-jkfit
    Number of shells: 592
    Number of basis function: 2032
    Number of Cartesian functions: 2536
    Spherical Harmonics?: true
    Max angular momentum: 4

  Minimum eigenvalue in the overlap matrix is 1.3000168894E-06.
  Using Symmetric Orthogonalization.
  SCF Guess: Core (One-Electron) Hamiltonian.

  ==> Iterations <==

                           Total Energy        Delta E     RMS |[F,P]|

   @DF-RHF iter   1:  -541.61140433624405   -5.41611e+02   2.67944e-02 
   @DF-RHF iter   2:  -322.03439931212870    2.19577e+02   2.64861e-02 DIIS
   @DF-RHF iter   3:  -606.15628910623582   -2.84122e+02   1.60377e-02 DIIS
   @DF-RHF iter   4:  -334.67600899966988    2.71480e+02   2.42185e-02 DIIS
   @DF-RHF iter   5:  -780.92668725215572   -4.46251e+02   6.63924e-03 DIIS
   @DF-RHF iter   6:  -640.53546919408814    1.40391e+02   1.76812e-02 DIIS
   @DF-RHF iter   7:  -710.67102979298397   -7.01356e+01   1.41837e-02 DIIS
   @DF-RHF iter   8:  -746.92707630391374   -3.62560e+01   1.25161e-02 DIIS
   @DF-RHF iter   9:  -768.33195201222406   -2.14049e+01   1.07031e-02 DIIS
   @DF-RHF iter  10:  -800.44095786526532   -3.21090e+01   7.59239e-03 DIIS
   @DF-RHF iter  11:  -809.79993179682629   -9.35897e+00   5.31374e-03 DIIS
   @DF-RHF iter  12:  -823.01594893995980   -1.32160e+01   2.25776e-03 DIIS
   @DF-RHF iter  13:  -824.28967832477019   -1.27373e+00   1.44081e-03 DIIS
   @DF-RHF iter  14:  -825.12909671896250   -8.39418e-01   3.61344e-04 DIIS
   @DF-RHF iter  15:  -825.19926701357417   -7.01703e-02   1.46529e-04 DIIS
   @DF-RHF iter  16:  -825.21115899235588   -1.18920e-02   5.18653e-05 DIIS
   @DF-RHF iter  17:  -825.21333130125799   -2.17231e-03   2.81733e-05 DIIS
   @DF-RHF iter  18:  -825.21401297020429   -6.81669e-04   1.22589e-05 DIIS
   @DF-RHF iter  19:  -825.21415249461234   -1.39524e-04   5.52803e-06 DIIS
   @DF-RHF iter  20:  -825.21417110890206   -1.86143e-05   1.13378e-06 DIIS
   @DF-RHF iter  21:  -825.21417211323251   -1.00433e-06   4.66835e-07 DIIS
   @DF-RHF iter  22:  -825.21417228360542   -1.70373e-07   1.74166e-07 DIIS
   @DF-RHF iter  23:  -825.21417231874102   -3.51356e-08   6.79487e-08 DIIS
   @DF-RHF iter  24:  -825.21417232540625   -6.66523e-09   3.20666e-08 DIIS
   @DF-RHF iter  25:  -825.21417232656199   -1.15574e-09   1.05050e-08 DIIS
   @DF-RHF iter  26:  -825.21417232666818   -1.06184e-10   3.93428e-09 DIIS

  ==> Post-Iterations <==

	Orbital Energies (a.u.)
	-----------------------

	Doubly Occupied:                                                      

	   1A    -20.563071     2A    -20.553189     3A    -20.540442  
	   4A    -20.529070     5A    -15.646444     6A    -15.621912  
	   7A    -15.594987     8A    -15.586522     9A    -11.417866  
	  10A    -11.410675    11A    -11.401202    12A    -11.368744  
	  13A    -11.349587    14A    -11.317559    15A    -11.259977  
	  16A    -11.235962    17A     -1.456250    18A     -1.437342  
	  19A     -1.421746    20A     -1.390030    21A     -1.315580  
	  22A     -1.301375    23A     -1.241309    24A     -1.232090  
	  25A     -1.095271    26A     -1.070926    27A     -0.951688  
	  28A     -0.916321    29A     -0.909590    30A     -0.892455  
	  31A     -0.835169    32A     -0.808015    33A     -0.766058  
	  34A     -0.757545    35A     -0.749134    36A     -0.723716  
	  37A     -0.681618    38A     -0.670367    39A     -0.664984  
	  40A     -0.658787    41A     -0.650231    42A     -0.640017  
	  43A     -0.623960    44A     -0.610172    45A     -0.594852  
	  46A     -0.587281    47A     -0.573427    48A     -0.564057  
	  49A     -0.523594    50A     -0.508787    51A     -0.502781  
	  52A     -0.466587    53A     -0.455847    54A     -0.443539  
	  55A     -0.438339    56A     -0.435222    57A     -0.375566  
	  58A     -0.347940  

	Virtual:                                                              

	  59A      0.010812    60A      0.024192    61A      0.032988  
	  62A      0.040779    63A      0.044634    64A      0.052929  
	  65A      0.055111    66A      0.057718    67A      0.064637  
	  68A      0.068772    69A      0.075667    70A      0.086270  
	  71A      0.089225    72A      0.093068    73A      0.096270  
	  74A      0.097514    75A      0.098263    76A      0.104033  
	  77A      0.104038    78A      0.109108    79A      0.117528  
	  80A      0.119354    81A      0.122856    82A      0.126513  
	  83A      0.130774    84A      0.132760    85A      0.137292  
	  86A      0.139332    87A      0.142251    88A      0.146081  
	  89A      0.149915    90A      0.150481    91A      0.154487  
	  92A      0.156170    93A      0.165432    94A      0.165763  
	  95A      0.169793    96A      0.182042    97A      0.184326  
	  98A      0.185110    99A      0.197483   100A      0.200782  
	 101A      0.206464   102A      0.211260   103A      0.212838  
	 104A      0.221623   105A      0.222354   106A      0.225446  
	 107A      0.225886   108A      0.231157   109A      0.237502  
	 110A      0.245209   111A      0.253802   112A      0.259475  
	 113A      0.260288   114A      0.262184   115A      0.263967  
	 116A      0.268521   117A      0.271874   118A      0.276027  
	 119A      0.278527   120A      0.281707   121A      0.286009  
	 122A      0.289944   123A      0.291653   124A      0.298790  
	 125A      0.301885   126A      0.303315   127A      0.305303  
	 128A      0.311677   129A      0.312826   130A      0.314987  
	 131A      0.318983   132A      0.325651   133A      0.331235  
	 134A      0.335180   135A      0.340727   136A      0.344448  
	 137A      0.348207   138A      0.348367   139A      0.350102  
	 140A      0.351114   141A      0.357259   142A      0.368328  
	 143A      0.371720   144A      0.375832   145A      0.383899  
	 146A      0.384128   147A      0.384682   148A      0.391961  
	 149A      0.394604   150A      0.395361   151A      0.406407  
	 152A      0.413079   153A      0.417883   154A      0.419269  
	 155A      0.427213   156A      0.430959   157A      0.433370  
	 158A      0.435522   159A      0.438226   160A      0.444149  
	 161A      0.446309   162A      0.448411   163A      0.452727  
	 164A      0.457356   165A      0.459034   166A      0.460995  
	 167A      0.462176   168A      0.466405   169A      0.472074  
	 170A      0.472234   171A      0.477477   172A      0.482090  
	 173A      0.489042   174A      0.490439   175A      0.496397  
	 176A      0.498197   177A      0.503975   178A      0.508525  
	 179A      0.512842   180A      0.513440   181A      0.514578  
	 182A      0.523405   183A      0.527974   184A      0.529271  
	 185A      0.536177   186A      0.540809   187A      0.546822  
	 188A      0.548278   189A      0.555789   190A      0.562900  
	 191A      0.568459   192A      0.577853   193A      0.580362  
	 194A      0.586213   195A      0.591311   196A      0.591825  
	 197A      0.598367   198A      0.607158   199A      0.617434  
	 200A      0.619076   201A      0.626545   202A      0.628733  
	 203A      0.630187   204A      0.639704   205A      0.639912  
	 206A      0.645451   207A      0.650794   208A      0.651075  
	 209A      0.656723   210A      0.663001   211A      0.664855  
	 212A      0.666617   213A      0.672442   214A      0.674515  
	 215A      0.681301   216A      0.685053   217A      0.685408  
	 218A      0.697299   219A      0.699510   220A      0.712975  
	 221A      0.714262   222A      0.719348   223A      0.727638  
	 224A      0.731686   225A      0.734660   226A      0.746404  
	 227A      0.747507   228A      0.751005   229A      0.759678  
	 230A      0.768145   231A      0.770479   232A      0.770846  
	 233A      0.783397   234A      0.786748   235A      0.788876  
	 236A      0.793660   237A      0.794822   238A      0.802289  
	 239A      0.805799   240A      0.808473   241A      0.813636  
	 242A      0.815636   243A      0.825632   244A      0.832406  
	 245A      0.847230   246A      0.847589   247A      0.848494  
	 248A      0.851243   249A      0.856889   250A      0.864142  
	 251A      0.864603   252A      0.872987   253A      0.876378  
	 254A      0.887282   255A      0.894004   256A      0.897265  
	 257A      0.897774   258A      0.902318   259A      0.906545  
	 260A      0.913128   261A      0.915449   262A      0.917390  
	 263A      0.922748   264A      0.927686   265A      0.936205  
	 266A      0.938989   267A      0.950347   268A      0.955694  
	 269A      0.956562   270A      0.956856   271A      0.964119  
	 272A      0.967240   273A      0.969286   274A      0.970864  
	 275A      0.974274   276A      0.980170   277A      0.984727  
	 278A      0.989843   279A      0.991820   280A      0.999984  
	 281A      1.005141   282A      1.013999   283A      1.020082  
	 284A      1.023578   285A      1.027416   286A      1.030538  
	 287A      1.036367   288A      1.041791   289A      1.043296  
	 290A      1.045721   291A      1.046503   292A      1.060612  
	 293A      1.070034   294A      1.077972   295A      1.081526  
	 296A      1.090614   297A      1.092039   298A      1.098159  
	 299A      1.100420   300A      1.101693   301A      1.104241  
	 302A      1.112228   303A      1.115889   304A      1.120370  
	 305A      1.122474   306A      1.132874   307A      1.143595  
	 308A      1.144642   309A      1.147853   310A      1.152127  
	 311A      1.160987   312A      1.164044   313A      1.166350  
	 314A      1.170758   315A      1.172560   316A      1.179545  
	 317A      1.183397   318A      1.186546   319A      1.191528  
	 320A      1.194171   321A      1.205128   322A      1.208119  
	 323A      1.210610   324A      1.224719   325A      1.225119  
	 326A      1.226723   327A      1.232411   328A      1.236946  
	 329A      1.240825   330A      1.241090   331A      1.254944  
	 332A      1.262824   333A      1.269560   334A      1.270375  
	 335A      1.277610   336A      1.280657   337A      1.282457  
	 338A      1.291713   339A      1.307760   340A      1.313278  
	 341A      1.316394   342A      1.322081   343A      1.328840  
	 344A      1.329538   345A      1.335526   346A      1.346141  
	 347A      1.350769   348A      1.356886   349A      1.367258  
	 350A      1.386528   351A      1.386887   352A      1.391334  
	 353A      1.402649   354A      1.403875   355A      1.411595  
	 356A      1.423091   357A      1.425697   358A      1.431278  
	 359A      1.432606   360A      1.439985   361A      1.442224  
	 362A      1.450616   363A      1.457584   364A      1.458342  
	 365A      1.459541   366A      1.473198   367A      1.477794  
	 368A      1.485209   369A      1.485937   370A      1.497135  
	 371A      1.503026   372A      1.505003   373A      1.508683  
	 374A      1.511229   375A      1.515874   376A      1.518943  
	 377A      1.522941   378A      1.526415   379A      1.536812  
	 380A      1.548262   381A      1.562015   382A      1.562865  
	 383A      1.566508   384A      1.568163   385A      1.570170  
	 386A      1.579125   387A      1.593175   388A      1.603432  
	 389A      1.603604   390A      1.621822   391A      1.631323  
	 392A      1.634885   393A      1.639010   394A      1.647082  
	 395A      1.654366   396A      1.656423   397A      1.659316  
	 398A      1.661631   399A      1.680789   400A      1.683611  
	 401A      1.696876   402A      1.700535   403A      1.702506  
	 404A      1.708215   405A      1.721896   406A      1.723994  
	 407A      1.728834   408A      1.740223   409A      1.743364  
	 410A      1.758682   411A      1.758836   412A      1.765775  
	 413A      1.771686   414A      1.775125   415A      1.781182  
	 416A      1.783201   417A      1.796554   418A      1.804092  
	 419A      1.804615   420A      1.812334   421A      1.842913  
	 422A      1.845845   423A      1.857797   424A      1.858937  
	 425A      1.876352   426A      1.879903   427A      1.886146  
	 428A      1.888517   429A      1.905546   430A      1.913116  
	 431A      1.914814   432A      1.916886   433A      1.920772  
	 434A      1.929747   435A      1.939277   436A      1.941885  
	 437A      1.950554   438A      1.954811   439A      1.962791  
	 440A      1.981251   441A      1.990072   442A      1.990515  
	 443A      1.993398   444A      2.001290   445A      2.027601  
	 446A      2.028560   447A      2.042661   448A      2.065608  
	 449A      2.076039   450A      2.087147   451A      2.090276  
	 452A      2.102457   453A      2.111527   454A      2.116116  
	 455A      2.131597   456A      2.136739   457A      2.151083  
	 458A      2.155256   459A      2.171755   460A      2.172902  
	 461A      2.175309   462A      2.178120   463A      2.198117  
	 464A      2.204671   465A      2.207562   466A      2.213413  
	 467A      2.213589   468A      2.223419   469A      2.238295  
	 470A      2.245871   471A      2.246573   472A      2.257810  
	 473A      2.278601   474A      2.287174   475A      2.290772  
	 476A      2.299196   477A      2.307540   478A      2.310632  
	 479A      2.317940   480A      2.330588   481A      2.343180  
	 482A      2.348905   483A      2.355829   484A      2.370271  
	 485A      2.379021   486A      2.390211   487A      2.403741  
	 488A      2.418715   489A      2.425362   490A      2.427485  
	 491A      2.442453   492A      2.456938   493A      2.460702  
	 494A      2.480360   495A      2.481761   496A      2.504744  
	 497A      2.511039   498A      2.515910   499A      2.522015  
	 500A      2.522875   501A      2.531204   502A      2.531729  
	 503A      2.536833   504A      2.546081   505A      2.549128  
	 506A      2.559432   507A      2.563372   508A      2.569135  
	 509A      2.578258   510A      2.583561   511A      2.597694  
	 512A      2.601925   513A      2.613950   514A      2.618143  
	 515A      2.633691   516A      2.641092   517A      2.642584  
	 518A      2.653808   519A      2.657590   520A      2.674257  
	 521A      2.681243   522A      2.684368   523A      2.690855  
	 524A      2.701522   525A      2.708754   526A      2.709428  
	 527A      2.723522   528A      2.726073   529A      2.733749  
	 530A      2.754277   531A      2.757989   532A      2.781460  
	 533A      2.783060   534A      2.790859   535A      2.800194  
	 536A      2.805054   537A      2.821772   538A      2.825718  
	 539A      2.843451   540A      2.846841   541A      2.851552  
	 542A      2.869377   543A      2.880993   544A      2.886831  
	 545A      2.894962   546A      2.897502   547A      2.914703  
	 548A      2.935158   549A      2.943028   550A      2.944948  
	 551A      2.953585   552A      2.975254   553A      2.983957  
	 554A      2.984294   555A      2.990871   556A      3.011035  
	 557A      3.022125   558A      3.029412   559A      3.031607  
	 560A      3.048420   561A      3.055200   562A      3.066825  
	 563A      3.075541   564A      3.093577   565A      3.120463  
	 566A      3.126323   567A      3.141104   568A      3.144291  
	 569A      3.152303   570A      3.166917   571A      3.179043  
	 572A      3.209085   573A      3.218844   574A      3.229859  
	 575A      3.243403   576A      3.262881   577A      3.263903  
	 578A      3.278150   579A      3.280311   580A      3.290305  
	 581A      3.294262   582A      3.306146   583A      3.314958  
	 584A      3.319217   585A      3.325934   586A      3.339543  
	 587A      3.344996   588A      3.386682   589A      3.392900  
	 590A      3.402150   591A      3.412324   592A      3.424593  
	 593A      3.431404   594A      3.452881   595A      3.455107  
	 596A      3.460364   597A      3.467485   598A      3.501029  
	 599A      3.505365   600A      3.514239   601A      3.523444  
	 602A      3.526539   603A      3.543400   604A      3.547995  
	 605A      3.550305   606A      3.581983   607A      3.584926  
	 608A      3.600892   609A      3.610516   610A      3.621733  
	 611A      3.644051   612A      3.644701   613A      3.659216  
	 614A      3.668110   615A      3.673615   616A      3.682009  
	 617A      3.686028   618A      3.700293   619A      3.716388  
	 620A      3.722186   621A      3.739257   622A      3.750641  
	 623A      3.761787   624A      3.775926   625A      3.778571  
	 626A      3.784925   627A      3.795459   628A      3.806169  
	 629A      3.806856   630A      3.808472   631A      3.821203  
	 632A      3.832240   633A      3.838988   634A      3.839760  
	 635A      3.864865   636A      3.886076   637A      3.892697  
	 638A      3.901285   639A      3.903902   640A      3.906105  
	 641A      3.914365   642A      3.933646   643A      3.952771  
	 644A      3.954871   645A      3.974126   646A      3.989131  
	 647A      3.994023   648A      4.003060   649A      4.003895  
	 650A      4.016930   651A      4.022329   652A      4.041492  
	 653A      4.047937   654A      4.056012   655A      4.073147  
	 656A      4.106281   657A      4.123685   658A      4.131552  
	 659A      4.132442   660A      4.142448   661A      4.162224  
	 662A      4.163127   663A      4.166830   664A      4.174239  
	 665A      4.178069   666A      4.182472   667A      4.187180  
	 668A      4.210216   669A      4.213107   670A      4.231452  
	 671A      4.237934   672A      4.264063   673A      4.269440  
	 674A      4.281759   675A      4.286675   676A      4.303779  
	 677A      4.308442   678A      4.320511   679A      4.321159  
	 680A      4.328236   681A      4.341745   682A      4.351060  
	 683A      4.374007   684A      4.382187   685A      4.390151  
	 686A      4.398471   687A      4.407715   688A      4.409114  
	 689A      4.415741   690A      4.427324   691A      4.432064  
	 692A      4.446666   693A      4.469315   694A      4.477581  
	 695A      4.483829   696A      4.491269   697A      4.509631  
	 698A      4.512188   699A      4.520362   700A      4.524736  
	 701A      4.550617   702A      4.552277   703A      4.563046  
	 704A      4.596453   705A      4.621178   706A      4.634391  
	 707A      4.640581   708A      4.660723   709A      4.675295  
	 710A      4.684247   711A      4.691260   712A      4.698190  
	 713A      4.726634   714A      4.730634   715A      4.733830  
	 716A      4.762318   717A      4.767238   718A      4.779599  
	 719A      4.786916   720A      4.787073   721A      4.796938  
	 722A      4.806196   723A      4.818037   724A      4.823143  
	 725A      4.853439   726A      4.856044   727A      4.864410  
	 728A      4.881144   729A      4.899471   730A      4.921945  
	 731A      4.937051   732A      4.945158   733A      4.975487  
	 734A      4.975735   735A      4.995458   736A      5.001798  
	 737A      5.014569   738A      5.025713   739A      5.029714  
	 740A      5.032545   741A      5.078897   742A      5.092086  
	 743A      5.093740   744A      5.102493   745A      5.114558  
	 746A      5.119952   747A      5.139143   748A      5.140085  
	 749A      5.158603   750A      5.172237   751A      5.184384  
	 752A      5.198163   753A      5.207505   754A      5.217923  
	 755A      5.249158   756A      5.263009   757A      5.271291  
	 758A      5.278419   759A      5.290913   760A      5.299831  
	 761A      5.335766   762A      5.355287   763A      5.371741  
	 764A      5.383651   765A      5.411364   766A      5.414968  
	 767A      5.436389   768A      5.459355   769A      5.483773  
	 770A      5.496655   771A      5.507883   772A      5.509485  
	 773A      5.509834   774A      5.536285   775A      5.549357  
	 776A      5.554155   777A      5.564351   778A      5.567867  
	 779A      5.580452   780A      5.594239   781A      5.613465  
	 782A      5.623403   783A      5.641879   784A      5.663847  
	 785A      5.678820   786A      5.708130   787A      5.731865  
	 788A      5.733576   789A      5.757169   790A      5.764547  
	 791A      5.788523   792A      5.797130   793A      5.798718  
	 794A      5.832480   795A      5.844281   796A      5.845093  
	 797A      5.858823   798A      5.872367   799A      5.894281  
	 800A      5.929233   801A      5.931659   802A      5.946769  
	 803A      5.966098   804A      5.967872   805A      5.989083  
	 806A      5.989526   807A      6.013175   808A      6.041990  
	 809A      6.055396   810A      6.064798   811A      6.082968  
	 812A      6.086518   813A      6.124875   814A      6.139090  
	 815A      6.140733   816A      6.158356   817A      6.179920  
	 818A      6.182033   819A      6.206665   820A      6.266497  
	 821A      6.307466   822A      6.352590   823A      6.368055  
	 824A      6.401606   825A      6.420420   826A      6.458545  
	 827A      6.458671   828A      6.525986   829A      6.574348  
	 830A      6.600448   831A      6.617688   832A      6.641965  
	 833A      6.669586   834A      6.676925   835A      6.680242  
	 836A      6.702273   837A      6.745821   838A      6.753971  
	 839A      6.774087   840A      6.829273   841A      6.843887  
	 842A      6.856555   843A      6.866404   844A      6.881825  
	 845A      6.896259   846A      6.898740   847A      6.916909  
	 848A      6.920725   849A      6.949700   850A      6.982347  
	 851A      6.987254   852A      6.993137   853A      7.005225  
	 854A      7.029500   855A      7.076361   856A      7.078907  
	 857A      7.109484   858A      7.126929   859A      7.127732  
	 860A      7.144904   861A      7.160002   862A      7.186959  
	 863A      7.224097   864A      7.256693   865A      7.258216  
	 866A      7.273029   867A      7.307039   868A      7.334266  
	 869A      7.369339   870A      7.386997   871A      7.392433  
	 872A      7.406401   873A      7.417812   874A      7.435647  
	 875A      7.456534   876A      7.477307   877A      7.514047  
	 878A      7.568862   879A      7.592954   880A      7.618156  
	 881A      7.659756   882A      7.685813   883A      7.703392  
	 884A      7.722161   885A      7.750339   886A      7.823104  
	 887A      7.838035   888A      7.861812   889A      7.877377  
	 890A      7.905874   891A      7.942682   892A      7.958872  
	 893A      7.990945   894A      8.003522   895A      8.025397  
	 896A      8.085337   897A      8.116050   898A      8.202446  
	 899A      8.308070   900A      8.331519   901A      8.690525  
	 902A      8.782836   903A      9.066836   904A      9.184073  
	 905A     16.390888   906A     16.468460   907A     16.736714  
	 908A     16.753423   909A     16.932650   910A     17.390061  
	 911A     18.004021   912A     18.551900   913A     19.151777  
	 914A     19.332871   915A     20.125643   916A     20.219928  
	 917A     20.569178   918A     21.263321   919A     21.497737  
	 920A     22.236882  

	Final Occupation by Irrep:
	          A 
	DOCC [    58 ]

  Energy converged.

  @DF-RHF Final Energy:  -825.21417232666818

   => Energetics <=

    Nuclear Repulsion Energy =           1076.7515554377196167
    One-Electron Energy =               -3266.5579042701333492
    Two-Electron Energy =                1364.5921765057423727
    DFT Exchange-Correlation Energy =       0.0000000000000000
    Empirical Dispersion Energy =           0.0000000000000000
    Total Energy =                       -825.2141723266713598



Properties will be evaluated at   0.000000,   0.000000,   0.000000 Bohr
  ==> Properties <==


Properties computed using the SCF density density matrix
  Nuclear Dipole Moment: (a.u.)
     X:    -5.4475      Y:    -3.5881      Z:    -0.0039

  Electronic Dipole Moment: (a.u.)
     X:     1.9406      Y:     2.8226      Z:     0.0026

  Dipole Moment: (a.u.)
     X:    -3.5069      Y:    -0.7655      Z:    -0.0013     Total:     3.5895

  Dipole Moment: (Debye)
     X:    -8.9137      Y:    -1.9457      Z:    -0.0034     Total:     9.1236


  Saving occupied orbitals to File 180.

  Saving SAPT 2-DIMER file.

*** tstop() called on node37.bme.utexas.edu at Thu Apr 17 18:12:19 2014
Module time:
	user time   =    2058.82 seconds =      34.31 minutes
	system time =      22.65 seconds =       0.38 minutes
	total time  =        302 seconds =       5.03 minutes
Total time:
	user time   =    2058.82 seconds =      34.31 minutes
	system time =      22.65 seconds =       0.38 minutes
	total time  =        302 seconds =       5.03 minutes

  //>>>>>>>>>>>>>>>>>>>>>>>>>>>>>>>>>>>//
  //            Monomer A HF           //
  //<<<<<<<<<<<<<<<<<<<<<<<<<<<<<<<<<<<//


  No DF_BASIS_SCF auxiliary basis selected, defaulting to aug-cc-pvtz-jkfit


*** tstart() called on node37.bme.utexas.edu
*** at Thu Apr 17 18:12:19 2014


         ---------------------------------------------------------
                                   SCF
            by Justin Turney, Rob Parrish, and Andy Simmonett
                              RHF Reference
                        8 Threads,  40000 MiB Core
         ---------------------------------------------------------

  ==> Geometry <==

    Molecular point group: c1
    Full point group: C1

    Geometry (in Angstrom), charge = 0, multiplicity = 1:

       Center              X                  Y                   Z       
    ------------   -----------------  -----------------  -----------------
           N         -1.476617723920     0.967188556379     0.000586249147
           H         -0.448196034920     1.018425395379     0.001294639147
           C         -2.043443117920    -0.296005889621     0.001173937147
           O         -1.340717446920    -1.309096577621     0.002305306147
           C         -3.490240880920    -0.317910770621     0.000150979147
           H         -3.996209043920    -1.267414238621     0.000504707147
           C         -4.168638563920     0.848511723379    -0.001250988853
           H         -5.247515680920     0.895204903379    -0.002073861853
           N         -3.521455433920     2.049829877379    -0.001746473853
           H         -4.030456657920     2.918298321379    -0.002814141853
           C         -2.138097253920     2.181440709379    -0.000853780853
           O         -1.586462302920     3.261456210379    -0.001329649853
           N(Gh)      2.873861439080    -0.116600239621     0.000486246147
           H(Gh)      3.321105222080     0.789972960379     0.000873062147
           C(Gh)      3.729909209080    -1.231218029621    -0.001013630853
           O(Gh)      4.939361232080    -1.079513614621    -0.001762829853
           C(Gh)      3.015690779080    -2.493391567621    -0.001518024853
           H(Gh)      3.582275328080    -3.408422317621    -0.002656659853
           C(Gh)      1.665521803080    -2.497209439621    -0.000557928853
           H(Gh)      1.088558566080    -3.410174205621    -0.000876605853
           N(Gh)      0.927530393080    -1.346328600621     0.000892483147
           H(Gh)     -0.098805866920    -1.367771399621     0.001569552147
           C(Gh)      1.500301331080    -0.101663559621     0.001443130147
           O(Gh)      0.849980447080     0.939554745379     0.002679523147

  Running in c1 symmetry.


	Rotational constants (cm^-1):
	A =    0.04730    B =    0.00874   C =    0.00737

	Rotational constants (MHz):
	A = 1417.94802    B =  261.91317   C =  221.07744
  Nuclear repulsion =  357.252639089750346

  Charge       = 0
  Multiplicity = 1
  Electrons    = 58
  Nalpha       = 29
  Nbeta        = 29

  ==> Algorithm <==

  SCF Algorithm Type is DF.
  DIIS enabled.
  MOM disabled.
  Fractional occupation disabled.
  Guess Type is CORE.
  Energy threshold   = 1.00e-08
  Density threshold  = 1.00e-08
  Integral threshold = 0.00e+00

  ==> Primary Basis <==

  Basis Set: AUG-CC-PVTZ
    Number of shells: 296
    Number of basis function: 920
    Number of Cartesian functions: 1080
    Spherical Harmonics?: true
    Max angular momentum: 3

  ==> Pre-Iterations <==

   -------------------------------------------------------
    Irrep   Nso     Nmo     Nalpha   Nbeta   Ndocc  Nsocc
   -------------------------------------------------------
     A        920     920       0       0       0       0
   -------------------------------------------------------
    Total     920     920      29      29      29       0
   -------------------------------------------------------

 OEINTS: Wrapper to libmints.
   by Justin Turney

   Calculation information:
      Number of atoms:                  24
      Number of AO shells:             296
      Number of SO shells:             296
      Number of primitives:            568
      Number of atomic orbitals:      1080
      Number of basis functions:       920

      Number of irreps:                  1
      Number of functions per irrep: [ 920 ]

      Overlap, kinetic, potential, dipole, and quadrupole integrals
        stored in file 35.

  ==> Integral Setup <==

  ==> DFJK: Density-Fitted J/K Matrices <==

    J tasked:                  Yes
    K tasked:                  Yes
    wK tasked:                  No
    OpenMP threads:              8
    Integrals threads:           8
    Memory (MB):             28610
    Algorithm:                Core
    Integral Cache:           LOAD
    Schwarz Cutoff:          1E-12
    Fitting Condition:       1E-12

   => Auxiliary Basis Set <=

  Basis Set: aug-cc-pvtz-jkfit
    Number of shells: 592
    Number of basis function: 2032
    Number of Cartesian functions: 2536
    Spherical Harmonics?: true
    Max angular momentum: 4

  Minimum eigenvalue in the overlap matrix is 1.3000168893E-06.
  Using Symmetric Orthogonalization.
  SCF Guess: Core (One-Electron) Hamiltonian.

  ==> Iterations <==

                           Total Energy        Delta E     RMS |[F,P]|

   @DF-RHF iter   1:  -319.53544246400668   -3.19535e+02   1.68621e-02 
   @DF-RHF iter   2:  -286.66658158127143    3.28689e+01   1.02547e-02 DIIS
   @DF-RHF iter   3:  -298.55139606986677   -1.18848e+01   1.21306e-02 DIIS
   @DF-RHF iter   4:  -391.82862992294577   -9.32772e+01   5.85348e-03 DIIS
   @DF-RHF iter   5:  -389.07685522778092    2.75177e+00   5.58386e-03 DIIS
   @DF-RHF iter   6:  -409.85152911304067   -2.07747e+01   2.51093e-03 DIIS
   @DF-RHF iter   7:  -412.41169383385522   -2.56016e+00   6.04897e-04 DIIS
   @DF-RHF iter   8:  -412.58563669797923   -1.73943e-01   2.33490e-04 DIIS
   @DF-RHF iter   9:  -412.61402518884586   -2.83885e-02   1.05373e-04 DIIS
   @DF-RHF iter  10:  -412.62093373384971   -6.90855e-03   4.49154e-05 DIIS
   @DF-RHF iter  11:  -412.62239583949861   -1.46211e-03   2.37127e-05 DIIS
   @DF-RHF iter  12:  -412.62302497415885   -6.29135e-04   8.25254e-06 DIIS
   @DF-RHF iter  13:  -412.62308492755733   -5.99534e-05   3.32253e-06 DIIS
   @DF-RHF iter  14:  -412.62308977224302   -4.84469e-06   8.28715e-07 DIIS
   @DF-RHF iter  15:  -412.62309017458551   -4.02342e-07   2.17961e-07 DIIS
   @DF-RHF iter  16:  -412.62309020623343   -3.16479e-08   8.09071e-08 DIIS
   @DF-RHF iter  17:  -412.62309021096712   -4.73369e-09   2.95942e-08 DIIS
   @DF-RHF iter  18:  -412.62309021190367   -9.36552e-10   1.19687e-08 DIIS
   @DF-RHF iter  19:  -412.62309021205874   -1.55069e-10   3.99723e-09 DIIS

  ==> Post-Iterations <==

	Orbital Energies (a.u.)
	-----------------------

	Doubly Occupied:                                                      

	   1A    -20.550837     2A    -20.536947     3A    -15.645972  
	   4A    -15.633984     5A    -11.422326     6A    -11.379143  
	   7A    -11.340301     8A    -11.254348     9A     -1.439677  
	  10A     -1.390142    11A     -1.315256    12A     -1.249287  
	  13A     -1.087871    14A     -0.934210    15A     -0.904321  
	  16A     -0.808204    17A     -0.766737    18A     -0.716970  
	  19A     -0.677158    20A     -0.671508    21A     -0.653823  
	  22A     -0.610694    23A     -0.601479    24A     -0.568845  
	  25A     -0.528909    26A     -0.485294    27A     -0.447777  
	  28A     -0.437344    29A     -0.367622  

	Virtual:                                                              

	  30A      0.013332    31A      0.025836    32A      0.032013  
	  33A      0.039666    34A      0.043038    35A      0.053722  
	  36A      0.056247    37A      0.058348    38A      0.067307  
	  39A      0.067464    40A      0.079238    41A      0.079752  
	  42A      0.086949    43A      0.091429    44A      0.095710  
	  45A      0.098505    46A      0.099430    47A      0.100147  
	  48A      0.104748    49A      0.109824    50A      0.110482  
	  51A      0.120602    52A      0.123114    53A      0.127774  
	  54A      0.130735    55A      0.133332    56A      0.136345  
	  57A      0.138761    58A      0.143212    59A      0.147508  
	  60A      0.151221    61A      0.157142    62A      0.158080  
	  63A      0.161572    64A      0.167645    65A      0.169826  
	  66A      0.179611    67A      0.180361    68A      0.186737  
	  69A      0.186870    70A      0.196971    71A      0.199964  
	  72A      0.206940    73A      0.208012    74A      0.212296  
	  75A      0.215982    76A      0.217000    77A      0.225217  
	  78A      0.225949    79A      0.231425    80A      0.236176  
	  81A      0.241159    82A      0.245452    83A      0.249646  
	  84A      0.256502    85A      0.261524    86A      0.261790  
	  87A      0.266836    88A      0.267947    89A      0.273644  
	  90A      0.274195    91A      0.284128    92A      0.286372  
	  93A      0.291002    94A      0.293515    95A      0.298183  
	  96A      0.302001    97A      0.305111    98A      0.307522  
	  99A      0.312651   100A      0.312709   101A      0.324578  
	 102A      0.329764   103A      0.329881   104A      0.331751  
	 105A      0.339121   106A      0.341560   107A      0.347007  
	 108A      0.351023   109A      0.362175   110A      0.365541  
	 111A      0.374098   112A      0.375191   113A      0.377723  
	 114A      0.379764   115A      0.379857   116A      0.384278  
	 117A      0.387613   118A      0.390329   119A      0.396711  
	 120A      0.401117   121A      0.401842   122A      0.406444  
	 123A      0.415601   124A      0.415866   125A      0.419597  
	 126A      0.424606   127A      0.425933   128A      0.427434  
	 129A      0.432132   130A      0.438046   131A      0.442729  
	 132A      0.448819   133A      0.455400   134A      0.457840  
	 135A      0.458501   136A      0.462375   137A      0.464197  
	 138A      0.469146   139A      0.474725   140A      0.477343  
	 141A      0.482153   142A      0.484825   143A      0.489183  
	 144A      0.493028   145A      0.493061   146A      0.495111  
	 147A      0.507411   148A      0.514514   149A      0.516194  
	 150A      0.520644   151A      0.522721   152A      0.532415  
	 153A      0.537220   154A      0.542639   155A      0.544646  
	 156A      0.551084   157A      0.554794   158A      0.557235  
	 159A      0.565379   160A      0.569592   161A      0.575919  
	 162A      0.582879   163A      0.589638   164A      0.597623  
	 165A      0.602117   166A      0.603584   167A      0.612875  
	 168A      0.620429   169A      0.630348   170A      0.630630  
	 171A      0.635133   172A      0.638592   173A      0.641836  
	 174A      0.648008   175A      0.651239   176A      0.655801  
	 177A      0.659452   178A      0.666517   179A      0.671199  
	 180A      0.673494   181A      0.676482   182A      0.685960  
	 183A      0.687081   184A      0.688393   185A      0.692076  
	 186A      0.701186   187A      0.707938   188A      0.724178  
	 189A      0.724559   190A      0.733702   191A      0.734787  
	 192A      0.744306   193A      0.750197   194A      0.756420  
	 195A      0.759595   196A      0.764588   197A      0.773906  
	 198A      0.777539   199A      0.779772   200A      0.788475  
	 201A      0.795394   202A      0.798512   203A      0.800433  
	 204A      0.818017   205A      0.821295   206A      0.825350  
	 207A      0.826393   208A      0.828071   209A      0.833599  
	 210A      0.839649   211A      0.839725   212A      0.843713  
	 213A      0.853508   214A      0.861210   215A      0.865229  
	 216A      0.869166   217A      0.876414   218A      0.881653  
	 219A      0.885993   220A      0.886182   221A      0.891594  
	 222A      0.892268   223A      0.895666   224A      0.903788  
	 225A      0.908412   226A      0.913542   227A      0.920926  
	 228A      0.923173   229A      0.928150   230A      0.938403  
	 231A      0.939512   232A      0.942991   233A      0.945224  
	 234A      0.947555   235A      0.950184   236A      0.956714  
	 237A      0.961729   238A      0.966798   239A      0.970046  
	 240A      0.973628   241A      0.976368   242A      0.979440  
	 243A      0.985185   244A      0.987681   245A      0.988184  
	 246A      1.000405   247A      1.004146   248A      1.016526  
	 249A      1.016703   250A      1.026896   251A      1.033850  
	 252A      1.041103   253A      1.042353   254A      1.042835  
	 255A      1.050244   256A      1.063851   257A      1.065490  
	 258A      1.067128   259A      1.072651   260A      1.080570  
	 261A      1.085845   262A      1.089507   263A      1.092989  
	 264A      1.098398   265A      1.099022   266A      1.103157  
	 267A      1.115368   268A      1.115873   269A      1.119517  
	 270A      1.125419   271A      1.128192   272A      1.138294  
	 273A      1.145049   274A      1.147378   275A      1.150188  
	 276A      1.153063   277A      1.157399   278A      1.163750  
	 279A      1.166589   280A      1.179021   281A      1.182512  
	 282A      1.183405   283A      1.185050   284A      1.185915  
	 285A      1.193097   286A      1.208064   287A      1.209107  
	 288A      1.223919   289A      1.228508   290A      1.231886  
	 291A      1.237906   292A      1.238839   293A      1.242619  
	 294A      1.248368   295A      1.260245   296A      1.268789  
	 297A      1.272461   298A      1.279660   299A      1.280159  
	 300A      1.287499   301A      1.294493   302A      1.299903  
	 303A      1.300661   304A      1.309542   305A      1.314668  
	 306A      1.330274   307A      1.332911   308A      1.340727  
	 309A      1.347563   310A      1.349137   311A      1.351059  
	 312A      1.364776   313A      1.369670   314A      1.381290  
	 315A      1.392857   316A      1.393321   317A      1.399941  
	 318A      1.405696   319A      1.413335   320A      1.414073  
	 321A      1.431259   322A      1.432345   323A      1.437452  
	 324A      1.447753   325A      1.451225   326A      1.454944  
	 327A      1.464782   328A      1.467714   329A      1.482076  
	 330A      1.483973   331A      1.484199   332A      1.492006  
	 333A      1.501721   334A      1.510375   335A      1.511950  
	 336A      1.518438   337A      1.523609   338A      1.524351  
	 339A      1.536054   340A      1.539806   341A      1.553768  
	 342A      1.557682   343A      1.558902   344A      1.562578  
	 345A      1.567961   346A      1.574040   347A      1.585011  
	 348A      1.586642   349A      1.593108   350A      1.595782  
	 351A      1.619074   352A      1.624546   353A      1.634987  
	 354A      1.641719   355A      1.647543   356A      1.655998  
	 357A      1.660131   358A      1.670888   359A      1.676508  
	 360A      1.681505   361A      1.689461   362A      1.695793  
	 363A      1.709998   364A      1.716428   365A      1.716744  
	 366A      1.723773   367A      1.730010   368A      1.735026  
	 369A      1.740978   370A      1.743900   371A      1.751777  
	 372A      1.756807   373A      1.765955   374A      1.769448  
	 375A      1.778872   376A      1.780396   377A      1.791257  
	 378A      1.791298   379A      1.799211   380A      1.809915  
	 381A      1.819042   382A      1.821890   383A      1.836465  
	 384A      1.845239   385A      1.852149   386A      1.857802  
	 387A      1.871469   388A      1.874897   389A      1.886390  
	 390A      1.887263   391A      1.896282   392A      1.900635  
	 393A      1.902819   394A      1.910084   395A      1.923674  
	 396A      1.928487   397A      1.929164   398A      1.944007  
	 399A      1.946970   400A      1.951839   401A      1.959448  
	 402A      1.961261   403A      1.968962   404A      1.975685  
	 405A      1.983024   406A      1.988381   407A      2.001675  
	 408A      2.017349   409A      2.029753   410A      2.035641  
	 411A      2.037631   412A      2.049970   413A      2.053292  
	 414A      2.070885   415A      2.075120   416A      2.082252  
	 417A      2.089300   418A      2.094103   419A      2.112597  
	 420A      2.116133   421A      2.127998   422A      2.134265  
	 423A      2.160205   424A      2.172178   425A      2.173283  
	 426A      2.181005   427A      2.196085   428A      2.205405  
	 429A      2.224845   430A      2.227429   431A      2.230339  
	 432A      2.240298   433A      2.249331   434A      2.253041  
	 435A      2.254963   436A      2.266327   437A      2.285032  
	 438A      2.289438   439A      2.291428   440A      2.294699  
	 441A      2.302650   442A      2.306416   443A      2.308680  
	 444A      2.320242   445A      2.328616   446A      2.331546  
	 447A      2.360548   448A      2.360637   449A      2.367839  
	 450A      2.384373   451A      2.393175   452A      2.398988  
	 453A      2.417479   454A      2.419315   455A      2.420596  
	 456A      2.434967   457A      2.449855   458A      2.475512  
	 459A      2.477407   460A      2.485730   461A      2.488024  
	 462A      2.508323   463A      2.512999   464A      2.513441  
	 465A      2.526992   466A      2.529669   467A      2.539817  
	 468A      2.549697   469A      2.560977   470A      2.567542  
	 471A      2.574419   472A      2.582299   473A      2.591194  
	 474A      2.593503   475A      2.616298   476A      2.619508  
	 477A      2.620506   478A      2.637826   479A      2.649315  
	 480A      2.659599   481A      2.663037   482A      2.663988  
	 483A      2.678108   484A      2.679736   485A      2.683293  
	 486A      2.699304   487A      2.702111   488A      2.719853  
	 489A      2.723870   490A      2.724278   491A      2.733503  
	 492A      2.745914   493A      2.761087   494A      2.762261  
	 495A      2.770995   496A      2.773872   497A      2.779151  
	 498A      2.785455   499A      2.799007   500A      2.801328  
	 501A      2.818137   502A      2.830486   503A      2.842311  
	 504A      2.861387   505A      2.865583   506A      2.865767  
	 507A      2.872402   508A      2.876500   509A      2.887712  
	 510A      2.905068   511A      2.912478   512A      2.928131  
	 513A      2.936059   514A      2.944597   515A      2.946174  
	 516A      2.957695   517A      2.967001   518A      2.981569  
	 519A      2.987275   520A      3.001714   521A      3.004203  
	 522A      3.004787   523A      3.035626   524A      3.047440  
	 525A      3.049149   526A      3.057904   527A      3.066793  
	 528A      3.078520   529A      3.102390   530A      3.105756  
	 531A      3.108656   532A      3.123958   533A      3.127016  
	 534A      3.128345   535A      3.143134   536A      3.160681  
	 537A      3.177125   538A      3.208396   539A      3.224042  
	 540A      3.230802   541A      3.248251   542A      3.249435  
	 543A      3.260543   544A      3.275998   545A      3.283593  
	 546A      3.292126   547A      3.313663   548A      3.314759  
	 549A      3.322294   550A      3.336302   551A      3.336791  
	 552A      3.348377   553A      3.350582   554A      3.381276  
	 555A      3.393331   556A      3.412516   557A      3.428942  
	 558A      3.444199   559A      3.448465   560A      3.457587  
	 561A      3.478186   562A      3.482151   563A      3.501440  
	 564A      3.515565   565A      3.534628   566A      3.547058  
	 567A      3.552521   568A      3.557022   569A      3.565202  
	 570A      3.572735   571A      3.587359   572A      3.615976  
	 573A      3.641213   574A      3.646278   575A      3.663191  
	 576A      3.677249   577A      3.686546   578A      3.692889  
	 579A      3.703890   580A      3.716751   581A      3.725090  
	 582A      3.727793   583A      3.745494   584A      3.758962  
	 585A      3.776766   586A      3.782256   587A      3.792548  
	 588A      3.798549   589A      3.800251   590A      3.828226  
	 591A      3.849395   592A      3.863551   593A      3.878781  
	 594A      3.883359   595A      3.896608   596A      3.900070  
	 597A      3.920689   598A      3.947893   599A      3.957503  
	 600A      3.978260   601A      3.985269   602A      3.991951  
	 603A      4.021884   604A      4.022461   605A      4.028343  
	 606A      4.028929   607A      4.062938   608A      4.070789  
	 609A      4.077115   610A      4.089404   611A      4.121601  
	 612A      4.135995   613A      4.143838   614A      4.146116  
	 615A      4.162075   616A      4.173742   617A      4.177383  
	 618A      4.184567   619A      4.189098   620A      4.196885  
	 621A      4.205444   622A      4.219054   623A      4.225486  
	 624A      4.241459   625A      4.251594   626A      4.258643  
	 627A      4.273242   628A      4.279129   629A      4.281132  
	 630A      4.300285   631A      4.323621   632A      4.334201  
	 633A      4.347003   634A      4.353428   635A      4.373233  
	 636A      4.378562   637A      4.379155   638A      4.403406  
	 639A      4.410646   640A      4.417982   641A      4.430247  
	 642A      4.443703   643A      4.458113   644A      4.464106  
	 645A      4.466511   646A      4.481489   647A      4.489609  
	 648A      4.502428   649A      4.523357   650A      4.527438  
	 651A      4.529558   652A      4.568983   653A      4.581868  
	 654A      4.593242   655A      4.626155   656A      4.636209  
	 657A      4.650650   658A      4.671732   659A      4.674427  
	 660A      4.678882   661A      4.695077   662A      4.708377  
	 663A      4.728115   664A      4.741676   665A      4.764920  
	 666A      4.768751   667A      4.781249   668A      4.791638  
	 669A      4.802495   670A      4.805116   671A      4.828213  
	 672A      4.841383   673A      4.852911   674A      4.869077  
	 675A      4.882208   676A      4.889137   677A      4.897887  
	 678A      4.911078   679A      4.923936   680A      4.929765  
	 681A      4.930079   682A      4.958934   683A      4.965380  
	 684A      4.978719   685A      5.006447   686A      5.009664  
	 687A      5.020275   688A      5.025508   689A      5.035450  
	 690A      5.040452   691A      5.049871   692A      5.053739  
	 693A      5.058351   694A      5.088020   695A      5.103399  
	 696A      5.116272   697A      5.121719   698A      5.128468  
	 699A      5.134118   700A      5.161962   701A      5.162632  
	 702A      5.186130   703A      5.192875   704A      5.207267  
	 705A      5.213548   706A      5.248473   707A      5.256744  
	 708A      5.258354   709A      5.263763   710A      5.281163  
	 711A      5.288308   712A      5.298572   713A      5.344518  
	 714A      5.358836   715A      5.377205   716A      5.382819  
	 717A      5.406546   718A      5.411501   719A      5.414044  
	 720A      5.418116   721A      5.462139   722A      5.501943  
	 723A      5.509773   724A      5.526305   725A      5.538784  
	 726A      5.541007   727A      5.549162   728A      5.554767  
	 729A      5.568637   730A      5.584779   731A      5.585061  
	 732A      5.606648   733A      5.615710   734A      5.655076  
	 735A      5.672793   736A      5.690970   737A      5.718243  
	 738A      5.719823   739A      5.729242   740A      5.739704  
	 741A      5.765598   742A      5.786342   743A      5.792535  
	 744A      5.806443   745A      5.818764   746A      5.826734  
	 747A      5.859425   748A      5.873453   749A      5.878570  
	 750A      5.892722   751A      5.929535   752A      5.934333  
	 753A      5.959372   754A      5.965018   755A      5.977895  
	 756A      6.009538   757A      6.034208   758A      6.056330  
	 759A      6.070120   760A      6.079000   761A      6.106825  
	 762A      6.124251   763A      6.140167   764A      6.141756  
	 765A      6.170161   766A      6.205341   767A      6.225398  
	 768A      6.268392   769A      6.268680   770A      6.290794  
	 771A      6.304018   772A      6.349553   773A      6.364424  
	 774A      6.422205   775A      6.424056   776A      6.449633  
	 777A      6.489767   778A      6.503076   779A      6.539827  
	 780A      6.569413   781A      6.583480   782A      6.603240  
	 783A      6.631807   784A      6.638242   785A      6.668892  
	 786A      6.678124   787A      6.680018   788A      6.694148  
	 789A      6.744341   790A      6.763676   791A      6.771523  
	 792A      6.800627   793A      6.848261   794A      6.854436  
	 795A      6.868662   796A      6.885696   797A      6.894834  
	 798A      6.902832   799A      6.914888   800A      6.931664  
	 801A      6.937330   802A      6.941173   803A      6.976292  
	 804A      7.019298   805A      7.020271   806A      7.048565  
	 807A      7.099199   808A      7.114848   809A      7.125056  
	 810A      7.147758   811A      7.168718   812A      7.181244  
	 813A      7.187359   814A      7.271005   815A      7.275313  
	 816A      7.314501   817A      7.358465   818A      7.368427  
	 819A      7.378202   820A      7.390040   821A      7.435553  
	 822A      7.464436   823A      7.487978   824A      7.530961  
	 825A      7.556885   826A      7.567783   827A      7.603675  
	 828A      7.620977   829A      7.640817   830A      7.649353  
	 831A      7.667173   832A      7.716718   833A      7.739559  
	 834A      7.781233   835A      7.788248   836A      7.808525  
	 837A      7.817648   838A      7.857097   839A      7.861269  
	 840A      7.870100   841A      7.904496   842A      7.924377  
	 843A      7.929210   844A      7.959156   845A      7.963397  
	 846A      7.984961   847A      8.021627   848A      8.047095  
	 849A      8.075130   850A      8.094832   851A      8.098185  
	 852A      8.115277   853A      8.147853   854A      8.192548  
	 855A      8.198186   856A      8.215727   857A      8.312899  
	 858A      8.329583   859A      8.394922   860A      8.419236  
	 861A      8.521485   862A      8.587920   863A      8.642518  
	 864A      8.722315   865A      8.797132   866A      8.850234  
	 867A      9.020502   868A      9.079422   869A      9.137675  
	 870A      9.200636   871A      9.322283   872A      9.393722  
	 873A      9.550241   874A      9.574619   875A      9.797172  
	 876A      9.806393   877A      9.886130   878A      9.965745  
	 879A      9.984447   880A     10.019595   881A     10.156599  
	 882A     10.226489   883A     10.261074   884A     10.437370  
	 885A     10.541385   886A     10.609788   887A     10.681222  
	 888A     11.091561   889A     11.211365   890A     11.354199  
	 891A     11.551234   892A     11.985742   893A     12.047801  
	 894A     12.083352   895A     12.235851   896A     12.294215  
	 897A     12.586685   898A     12.745465   899A     13.084592  
	 900A     13.444820   901A     13.698339   902A     14.064791  
	 903A     14.292149   904A     14.464040   905A     16.435643  
	 906A     16.831547   907A     17.505874   908A     18.186392  
	 909A     19.169829   910A     20.223441   911A     21.198891  
	 912A     21.689291   913A     52.182430   914A     53.057043  
	 915A     55.376599   916A     56.298064   917A     61.985191  
	 918A     65.205286   919A     69.800753   920A     72.033175  

	Final Occupation by Irrep:
	          A 
	DOCC [    29 ]

  Energy converged.

  @DF-RHF Final Energy:  -412.62309021205874

   => Energetics <=

    Nuclear Repulsion Energy =            357.2526390897503461
    One-Electron Energy =               -1270.8974874441446445
    Two-Electron Energy =                 501.0217581423359547
    DFT Exchange-Correlation Energy =       0.0000000000000000
    Empirical Dispersion Energy =           0.0000000000000000
    Total Energy =                       -412.6230902120583437



Properties will be evaluated at   0.000000,   0.000000,   0.000000 Bohr
  ==> Properties <==


Properties computed using the SCF density density matrix
  Nuclear Dipole Moment: (a.u.)
     X:  -270.5499      Y:   103.5546      Z:    -0.0153

  Electronic Dipole Moment: (a.u.)
     X:   268.6610      Y:  -103.0243      Z:     0.0137

  Dipole Moment: (a.u.)
     X:    -1.8889      Y:     0.5303      Z:    -0.0016     Total:     1.9620

  Dipole Moment: (Debye)
     X:    -4.8012      Y:     1.3479      Z:    -0.0041     Total:     4.9868


  Saving occupied orbitals to File 180.

  Saving SAPT 2-MONOMER_A file.

*** tstop() called on node37.bme.utexas.edu at Thu Apr 17 18:14:45 2014
Module time:
	user time   =     994.13 seconds =      16.57 minutes
	system time =      10.19 seconds =       0.17 minutes
	total time  =        146 seconds =       2.43 minutes
Total time:
	user time   =    3052.96 seconds =      50.88 minutes
	system time =      32.84 seconds =       0.55 minutes
	total time  =        448 seconds =       7.47 minutes

  //>>>>>>>>>>>>>>>>>>>>>>>>>>>>>>>>>>>//
  //            Monomer B HF           //
  //<<<<<<<<<<<<<<<<<<<<<<<<<<<<<<<<<<<//


  No DF_BASIS_SCF auxiliary basis selected, defaulting to aug-cc-pvtz-jkfit


*** tstart() called on node37.bme.utexas.edu
*** at Thu Apr 17 18:14:45 2014


         ---------------------------------------------------------
                                   SCF
            by Justin Turney, Rob Parrish, and Andy Simmonett
                              RHF Reference
                        8 Threads,  40000 MiB Core
         ---------------------------------------------------------

  ==> Geometry <==

    Molecular point group: c1
    Full point group: C1

    Geometry (in Angstrom), charge = 0, multiplicity = 1:

       Center              X                  Y                   Z       
    ------------   -----------------  -----------------  -----------------
           N(Gh)     -1.476617723920     0.967188556379     0.000586249147
           H(Gh)     -0.448196034920     1.018425395379     0.001294639147
           C(Gh)     -2.043443117920    -0.296005889621     0.001173937147
           O(Gh)     -1.340717446920    -1.309096577621     0.002305306147
           C(Gh)     -3.490240880920    -0.317910770621     0.000150979147
           H(Gh)     -3.996209043920    -1.267414238621     0.000504707147
           C(Gh)     -4.168638563920     0.848511723379    -0.001250988853
           H(Gh)     -5.247515680920     0.895204903379    -0.002073861853
           N(Gh)     -3.521455433920     2.049829877379    -0.001746473853
           H(Gh)     -4.030456657920     2.918298321379    -0.002814141853
           C(Gh)     -2.138097253920     2.181440709379    -0.000853780853
           O(Gh)     -1.586462302920     3.261456210379    -0.001329649853
           N          2.873861439080    -0.116600239621     0.000486246147
           H          3.321105222080     0.789972960379     0.000873062147
           C          3.729909209080    -1.231218029621    -0.001013630853
           O          4.939361232080    -1.079513614621    -0.001762829853
           C          3.015690779080    -2.493391567621    -0.001518024853
           H          3.582275328080    -3.408422317621    -0.002656659853
           C          1.665521803080    -2.497209439621    -0.000557928853
           H          1.088558566080    -3.410174205621    -0.000876605853
           N          0.927530393080    -1.346328600621     0.000892483147
           H         -0.098805866920    -1.367771399621     0.001569552147
           C          1.500301331080    -0.101663559621     0.001443130147
           O          0.849980447080     0.939554745379     0.002679523147

  Running in c1 symmetry.


	Rotational constants (cm^-1):
	A =    0.04730    B =    0.00874   C =    0.00737

	Rotational constants (MHz):
	A = 1417.94802    B =  261.91317   C =  221.07744
  Nuclear repulsion =  357.228241913637646

  Charge       = 0
  Multiplicity = 1
  Electrons    = 58
  Nalpha       = 29
  Nbeta        = 29

  ==> Algorithm <==

  SCF Algorithm Type is DF.
  DIIS enabled.
  MOM disabled.
  Fractional occupation disabled.
  Guess Type is CORE.
  Energy threshold   = 1.00e-08
  Density threshold  = 1.00e-08
  Integral threshold = 0.00e+00

  ==> Primary Basis <==

  Basis Set: AUG-CC-PVTZ
    Number of shells: 296
    Number of basis function: 920
    Number of Cartesian functions: 1080
    Spherical Harmonics?: true
    Max angular momentum: 3

  ==> Pre-Iterations <==

   -------------------------------------------------------
    Irrep   Nso     Nmo     Nalpha   Nbeta   Ndocc  Nsocc
   -------------------------------------------------------
     A        920     920       0       0       0       0
   -------------------------------------------------------
    Total     920     920      29      29      29       0
   -------------------------------------------------------

 OEINTS: Wrapper to libmints.
   by Justin Turney

   Calculation information:
      Number of atoms:                  24
      Number of AO shells:             296
      Number of SO shells:             296
      Number of primitives:            568
      Number of atomic orbitals:      1080
      Number of basis functions:       920

      Number of irreps:                  1
      Number of functions per irrep: [ 920 ]

      Overlap, kinetic, potential, dipole, and quadrupole integrals
        stored in file 35.

  ==> Integral Setup <==

  ==> DFJK: Density-Fitted J/K Matrices <==

    J tasked:                  Yes
    K tasked:                  Yes
    wK tasked:                  No
    OpenMP threads:              8
    Integrals threads:           8
    Memory (MB):             28610
    Algorithm:                Core
    Integral Cache:           LOAD
    Schwarz Cutoff:          1E-12
    Fitting Condition:       1E-12

   => Auxiliary Basis Set <=

  Basis Set: aug-cc-pvtz-jkfit
    Number of shells: 592
    Number of basis function: 2032
    Number of Cartesian functions: 2536
    Spherical Harmonics?: true
    Max angular momentum: 4

  Minimum eigenvalue in the overlap matrix is 1.3000168893E-06.
  Using Symmetric Orthogonalization.
  SCF Guess: Core (One-Electron) Hamiltonian.

  ==> Iterations <==

                           Total Energy        Delta E     RMS |[F,P]|

   @DF-RHF iter   1:  -319.78150352897256   -3.19782e+02   1.68545e-02 
   @DF-RHF iter   2:  -286.87192051790561    3.29096e+01   1.02641e-02 DIIS
   @DF-RHF iter   3:  -298.54630961764059   -1.16744e+01   1.21073e-02 DIIS
   @DF-RHF iter   4:  -391.92123356599706   -9.33749e+01   5.82253e-03 DIIS
   @DF-RHF iter   5:  -389.13774615460778    2.78349e+00   5.52836e-03 DIIS
   @DF-RHF iter   6:  -409.96468971407370   -2.08269e+01   2.45322e-03 DIIS
   @DF-RHF iter   7:  -412.41167519227685   -2.44699e+00   5.96324e-04 DIIS
   @DF-RHF iter   8:  -412.58705626047282   -1.75381e-01   2.23358e-04 DIIS
   @DF-RHF iter   9:  -412.61449228450732   -2.74360e-02   1.02012e-04 DIIS
   @DF-RHF iter  10:  -412.62107432997760   -6.58205e-03   4.62993e-05 DIIS
   @DF-RHF iter  11:  -412.62259832777664   -1.52400e-03   2.47765e-05 DIIS
   @DF-RHF iter  12:  -412.62327560574550   -6.77278e-04   8.51992e-06 DIIS
   @DF-RHF iter  13:  -412.62333620883288   -6.06031e-05   3.33758e-06 DIIS
   @DF-RHF iter  14:  -412.62334107713690   -4.86830e-06   8.70040e-07 DIIS
   @DF-RHF iter  15:  -412.62334149521740   -4.18081e-07   2.20484e-07 DIIS
   @DF-RHF iter  16:  -412.62334152789964   -3.26822e-08   8.49156e-08 DIIS
   @DF-RHF iter  17:  -412.62334153281842   -4.91877e-09   3.21075e-08 DIIS
   @DF-RHF iter  18:  -412.62334153387661   -1.05820e-09   1.32191e-08 DIIS
   @DF-RHF iter  19:  -412.62334153407113   -1.94518e-10   4.29236e-09 DIIS

  ==> Post-Iterations <==

	Orbital Energies (a.u.)
	-----------------------

	Doubly Occupied:                                                      

	   1A    -20.543206     2A    -20.542767     3A    -15.649929  
	   4A    -15.628037     5A    -11.417663     6A    -11.381915  
	   7A    -11.343115     8A    -11.258045     9A     -1.432833  
	  10A     -1.397487    11A     -1.313936    12A     -1.247085  
	  13A     -1.090445    14A     -0.937705    15A     -0.901506  
	  16A     -0.807743    17A     -0.767829    18A     -0.715655  
	  19A     -0.677481    20A     -0.670720    21A     -0.649780  
	  22A     -0.615709    23A     -0.602565    24A     -0.571640  
	  25A     -0.524789    26A     -0.481632    27A     -0.449384  
	  28A     -0.435879    29A     -0.371029  

	Virtual:                                                              

	  30A      0.009178    31A      0.023226    32A      0.032331  
	  33A      0.037496    34A      0.043883    35A      0.048205  
	  36A      0.050998    37A      0.054795    38A      0.065435  
	  39A      0.067247    40A      0.068517    41A      0.077465  
	  42A      0.081394    43A      0.089863    44A      0.091811  
	  45A      0.095393    46A      0.100821    47A      0.104237  
	  48A      0.104644    49A      0.106950    50A      0.108693  
	  51A      0.111721    52A      0.123001    53A      0.127861  
	  54A      0.129033    55A      0.132111    56A      0.133451  
	  57A      0.139047    58A      0.139393    59A      0.142962  
	  60A      0.144444    61A      0.152983    62A      0.157896  
	  63A      0.158338    64A      0.165508    65A      0.170129  
	  66A      0.175026    67A      0.179651    68A      0.180928  
	  69A      0.185877    70A      0.187712    71A      0.194051  
	  72A      0.198012    73A      0.209447    74A      0.211481  
	  75A      0.213978    76A      0.217975    77A      0.219408  
	  78A      0.219641    79A      0.226117    80A      0.231682  
	  81A      0.238224    82A      0.239867    83A      0.248861  
	  84A      0.250657    85A      0.253004    86A      0.257376  
	  87A      0.262764    88A      0.270822    89A      0.277040  
	  90A      0.279522    91A      0.282053    92A      0.285485  
	  93A      0.286400    94A      0.289465    95A      0.290313  
	  96A      0.295501    97A      0.303855    98A      0.309878  
	  99A      0.310485   100A      0.316915   101A      0.318941  
	 102A      0.325797   103A      0.328436   104A      0.331446  
	 105A      0.336086   106A      0.336957   107A      0.343217  
	 108A      0.343901   109A      0.350625   110A      0.353002  
	 111A      0.359943   112A      0.362312   113A      0.367423  
	 114A      0.374902   115A      0.376261   116A      0.381493  
	 117A      0.390173   118A      0.394714   119A      0.396443  
	 120A      0.401591   121A      0.405395   122A      0.411583  
	 123A      0.413422   124A      0.414827   125A      0.418440  
	 126A      0.422515   127A      0.425820   128A      0.428498  
	 129A      0.429989   130A      0.430863   131A      0.438521  
	 132A      0.441198   133A      0.444579   134A      0.446497  
	 135A      0.449529   136A      0.457214   137A      0.457422  
	 138A      0.464085   139A      0.465270   140A      0.469122  
	 141A      0.472487   142A      0.480977   143A      0.490191  
	 144A      0.491856   145A      0.493203   146A      0.494919  
	 147A      0.502206   148A      0.505413   149A      0.517266  
	 150A      0.518536   151A      0.521607   152A      0.525373  
	 153A      0.530674   154A      0.534708   155A      0.538500  
	 156A      0.541407   157A      0.551032   158A      0.559086  
	 159A      0.565945   160A      0.570247   161A      0.571392  
	 162A      0.576491   163A      0.576981   164A      0.588299  
	 165A      0.597346   166A      0.605762   167A      0.607004  
	 168A      0.613881   169A      0.617982   170A      0.622068  
	 171A      0.627871   172A      0.632814   173A      0.633614  
	 174A      0.643360   175A      0.644676   176A      0.646330  
	 177A      0.650017   178A      0.660632   179A      0.661290  
	 180A      0.669630   181A      0.678236   182A      0.686775  
	 183A      0.689070   184A      0.690266   185A      0.692396  
	 186A      0.712153   187A      0.715617   188A      0.715738  
	 189A      0.725534   190A      0.732619   191A      0.750617  
	 192A      0.751406   193A      0.753025   194A      0.760147  
	 195A      0.760630   196A      0.769371   197A      0.771120  
	 198A      0.775509   199A      0.778611   200A      0.785289  
	 201A      0.787332   202A      0.790881   203A      0.794671  
	 204A      0.794879   205A      0.804374   206A      0.805012  
	 207A      0.815697   208A      0.821961   209A      0.829267  
	 210A      0.839380   211A      0.844333   212A      0.846885  
	 213A      0.847577   214A      0.851310   215A      0.860202  
	 216A      0.861448   217A      0.862327   218A      0.864075  
	 219A      0.866900   220A      0.876864   221A      0.882417  
	 222A      0.885861   223A      0.892069   224A      0.896511  
	 225A      0.904720   226A      0.915027   227A      0.918616  
	 228A      0.922212   229A      0.923009   230A      0.931397  
	 231A      0.933553   232A      0.936445   233A      0.939519  
	 234A      0.947807   235A      0.949913   236A      0.953579  
	 237A      0.959981   238A      0.961673   239A      0.963769  
	 240A      0.965849   241A      0.967953   242A      0.983350  
	 243A      0.983839   244A      0.994061   245A      0.994787  
	 246A      0.994936   247A      0.999833   248A      1.008857  
	 249A      1.015307   250A      1.016617   251A      1.017343  
	 252A      1.028849   253A      1.034283   254A      1.035822  
	 255A      1.040027   256A      1.046550   257A      1.048069  
	 258A      1.060763   259A      1.063870   260A      1.064146  
	 261A      1.074867   262A      1.076630   263A      1.084357  
	 264A      1.086856   265A      1.087340   266A      1.095515  
	 267A      1.103304   268A      1.115363   269A      1.118303  
	 270A      1.119848   271A      1.128792   272A      1.131530  
	 273A      1.137290   274A      1.144470   275A      1.150138  
	 276A      1.154690   277A      1.157751   278A      1.160467  
	 279A      1.176701   280A      1.180659   281A      1.184530  
	 282A      1.184580   283A      1.185866   284A      1.188678  
	 285A      1.191423   286A      1.203908   287A      1.209170  
	 288A      1.220709   289A      1.221342   290A      1.222544  
	 291A      1.226165   292A      1.235772   293A      1.237532  
	 294A      1.238456   295A      1.254514   296A      1.254665  
	 297A      1.257569   298A      1.268232   299A      1.270820  
	 300A      1.291215   301A      1.297841   302A      1.308505  
	 303A      1.312683   304A      1.315020   305A      1.321129  
	 306A      1.331618   307A      1.332327   308A      1.340380  
	 309A      1.344763   310A      1.350020   311A      1.353496  
	 312A      1.354669   313A      1.368809   314A      1.373096  
	 315A      1.381722   316A      1.384426   317A      1.393753  
	 318A      1.394837   319A      1.421147   320A      1.422167  
	 321A      1.424749   322A      1.424911   323A      1.433479  
	 324A      1.439666   325A      1.441303   326A      1.445313  
	 327A      1.447261   328A      1.458756   329A      1.469868  
	 330A      1.473329   331A      1.482465   332A      1.483799  
	 333A      1.490383   334A      1.496586   335A      1.502512  
	 336A      1.503330   337A      1.513076   338A      1.529068  
	 339A      1.534176   340A      1.534486   341A      1.547708  
	 342A      1.551457   343A      1.565062   344A      1.565380  
	 345A      1.576510   346A      1.579766   347A      1.585423  
	 348A      1.596237   349A      1.598554   350A      1.607952  
	 351A      1.615138   352A      1.616894   353A      1.636966  
	 354A      1.637410   355A      1.647941   356A      1.660244  
	 357A      1.661998   358A      1.669365   359A      1.670575  
	 360A      1.681654   361A      1.686398   362A      1.691894  
	 363A      1.697648   364A      1.701048   365A      1.707501  
	 366A      1.709236   367A      1.714564   368A      1.718061  
	 369A      1.719590   370A      1.734515   371A      1.742634  
	 372A      1.743701   373A      1.758681   374A      1.761130  
	 375A      1.765527   376A      1.774682   377A      1.786831  
	 378A      1.791736   379A      1.795087   380A      1.799868  
	 381A      1.809270   382A      1.811398   383A      1.828908  
	 384A      1.835417   385A      1.839187   386A      1.850366  
	 387A      1.852909   388A      1.863181   389A      1.867768  
	 390A      1.885484   391A      1.886260   392A      1.902666  
	 393A      1.906144   394A      1.906949   395A      1.908758  
	 396A      1.917778   397A      1.918060   398A      1.927130  
	 399A      1.933094   400A      1.935698   401A      1.942983  
	 402A      1.947678   403A      1.970260   404A      1.975344  
	 405A      1.976579   406A      1.978399   407A      2.001530  
	 408A      2.002963   409A      2.013899   410A      2.030140  
	 411A      2.033558   412A      2.042729   413A      2.046604  
	 414A      2.056931   415A      2.073794   416A      2.078404  
	 417A      2.098587   418A      2.101719   419A      2.110986  
	 420A      2.133561   421A      2.145286   422A      2.145453  
	 423A      2.157298   424A      2.163300   425A      2.165222  
	 426A      2.173646   427A      2.179233   428A      2.181348  
	 429A      2.189914   430A      2.190728   431A      2.205648  
	 432A      2.212578   433A      2.223011   434A      2.237990  
	 435A      2.243163   436A      2.266850   437A      2.268764  
	 438A      2.270170   439A      2.275976   440A      2.286435  
	 441A      2.292087   442A      2.294805   443A      2.317575  
	 444A      2.329206   445A      2.342779   446A      2.347074  
	 447A      2.357480   448A      2.370248   449A      2.370954  
	 450A      2.386700   451A      2.390682   452A      2.393831  
	 453A      2.407799   454A      2.425835   455A      2.434693  
	 456A      2.448938   457A      2.450762   458A      2.478770  
	 459A      2.483949   460A      2.490284   461A      2.497317  
	 462A      2.500968   463A      2.508290   464A      2.519148  
	 465A      2.533237   466A      2.534026   467A      2.537965  
	 468A      2.544452   469A      2.553016   470A      2.556897  
	 471A      2.564880   472A      2.579720   473A      2.582762  
	 474A      2.585517   475A      2.608851   476A      2.613910  
	 477A      2.615143   478A      2.645001   479A      2.651380  
	 480A      2.656014   481A      2.658610   482A      2.671377  
	 483A      2.671812   484A      2.683136   485A      2.683719  
	 486A      2.686785   487A      2.692040   488A      2.707206  
	 489A      2.708372   490A      2.721727   491A      2.730506  
	 492A      2.733791   493A      2.745760   494A      2.756382  
	 495A      2.761178   496A      2.777202   497A      2.795323  
	 498A      2.804695   499A      2.810379   500A      2.814393  
	 501A      2.821380   502A      2.833293   503A      2.835099  
	 504A      2.846852   505A      2.864658   506A      2.879039  
	 507A      2.882830   508A      2.883556   509A      2.896435  
	 510A      2.899510   511A      2.907237   512A      2.914619  
	 513A      2.925677   514A      2.932083   515A      2.935888  
	 516A      2.943032   517A      2.959845   518A      2.974276  
	 519A      2.986355   520A      2.991744   521A      3.005853  
	 522A      3.013652   523A      3.024204   524A      3.034280  
	 525A      3.044172   526A      3.051501   527A      3.056955  
	 528A      3.067933   529A      3.081470   530A      3.090195  
	 531A      3.115408   532A      3.133917   533A      3.135482  
	 534A      3.143893   535A      3.145370   536A      3.167170  
	 537A      3.175527   538A      3.191736   539A      3.193578  
	 540A      3.221221   541A      3.226571   542A      3.227537  
	 543A      3.239514   544A      3.260216   545A      3.274511  
	 546A      3.280667   547A      3.294112   548A      3.300772  
	 549A      3.306540   550A      3.309419   551A      3.323540  
	 552A      3.342427   553A      3.353022   554A      3.365077  
	 555A      3.367455   556A      3.388536   557A      3.418297  
	 558A      3.426051   559A      3.452717   560A      3.458485  
	 561A      3.459000   562A      3.469397   563A      3.482940  
	 564A      3.490826   565A      3.523056   566A      3.528673  
	 567A      3.539413   568A      3.555354   569A      3.572668  
	 570A      3.576254   571A      3.594272   572A      3.613335  
	 573A      3.631163   574A      3.636517   575A      3.652024  
	 576A      3.658553   577A      3.671029   578A      3.675959  
	 579A      3.679234   580A      3.703627   581A      3.714912  
	 582A      3.738655   583A      3.746558   584A      3.760607  
	 585A      3.768307   586A      3.783390   587A      3.787424  
	 588A      3.798309   589A      3.799538   590A      3.815517  
	 591A      3.823469   592A      3.832259   593A      3.851980  
	 594A      3.873381   595A      3.889856   596A      3.905836  
	 597A      3.916425   598A      3.926562   599A      3.945911  
	 600A      3.945994   601A      3.960521   602A      3.974379  
	 603A      4.001727   604A      4.006149   605A      4.017904  
	 606A      4.025738   607A      4.040590   608A      4.057099  
	 609A      4.063611   610A      4.069631   611A      4.092121  
	 612A      4.110052   613A      4.114516   614A      4.122569  
	 615A      4.144800   616A      4.147538   617A      4.167170  
	 618A      4.175225   619A      4.184418   620A      4.195344  
	 621A      4.214126   622A      4.217726   623A      4.234739  
	 624A      4.255133   625A      4.255275   626A      4.268197  
	 627A      4.272719   628A      4.282511   629A      4.287977  
	 630A      4.310542   631A      4.329364   632A      4.334529  
	 633A      4.347627   634A      4.349241   635A      4.368888  
	 636A      4.380879   637A      4.392176   638A      4.393379  
	 639A      4.407852   640A      4.409351   641A      4.424848  
	 642A      4.438549   643A      4.453135   644A      4.465214  
	 645A      4.475604   646A      4.495382   647A      4.514157  
	 648A      4.536174   649A      4.543213   650A      4.549084  
	 651A      4.570015   652A      4.587868   653A      4.592497  
	 654A      4.597059   655A      4.644488   656A      4.647336  
	 657A      4.667764   658A      4.673322   659A      4.684235  
	 660A      4.688520   661A      4.694189   662A      4.706811  
	 663A      4.715819   664A      4.734184   665A      4.755441  
	 666A      4.756931   667A      4.765878   668A      4.772799  
	 669A      4.792361   670A      4.809004   671A      4.816925  
	 672A      4.827872   673A      4.851997   674A      4.865849  
	 675A      4.880218   676A      4.885766   677A      4.892448  
	 678A      4.898561   679A      4.919730   680A      4.922163  
	 681A      4.948569   682A      4.956224   683A      4.960460  
	 684A      4.985316   685A      4.987388   686A      4.999944  
	 687A      5.002569   688A      5.011865   689A      5.018544  
	 690A      5.036836   691A      5.039229   692A      5.045356  
	 693A      5.059639   694A      5.075606   695A      5.097108  
	 696A      5.099518   697A      5.121942   698A      5.125284  
	 699A      5.133732   700A      5.157769   701A      5.158984  
	 702A      5.176466   703A      5.199907   704A      5.204766  
	 705A      5.219398   706A      5.225634   707A      5.239065  
	 708A      5.239192   709A      5.284378   710A      5.291646  
	 711A      5.294256   712A      5.306722   713A      5.322684  
	 714A      5.335125   715A      5.348352   716A      5.377267  
	 717A      5.382675   718A      5.432682   719A      5.448507  
	 720A      5.450727   721A      5.463636   722A      5.483648  
	 723A      5.496115   724A      5.508410   725A      5.517391  
	 726A      5.532084   727A      5.540438   728A      5.549370  
	 729A      5.551839   730A      5.567569   731A      5.591116  
	 732A      5.596435   733A      5.630630   734A      5.631519  
	 735A      5.645821   736A      5.661835   737A      5.668998  
	 738A      5.703430   739A      5.729502   740A      5.738211  
	 741A      5.753530   742A      5.781724   743A      5.806279  
	 744A      5.813783   745A      5.836614   746A      5.846028  
	 747A      5.852882   748A      5.870740   749A      5.880621  
	 750A      5.910164   751A      5.917828   752A      5.931925  
	 753A      5.936137   754A      5.945333   755A      5.984241  
	 756A      5.986969   757A      6.017837   758A      6.056089  
	 759A      6.060232   760A      6.071605   761A      6.086569  
	 762A      6.106142   763A      6.130294   764A      6.130888  
	 765A      6.152635   766A      6.175281   767A      6.211254  
	 768A      6.229374   769A      6.240482   770A      6.297401  
	 771A      6.330351   772A      6.355389   773A      6.382204  
	 774A      6.420727   775A      6.474046   776A      6.486782  
	 777A      6.498704   778A      6.499922   779A      6.527016  
	 780A      6.578837   781A      6.581801   782A      6.599137  
	 783A      6.622888   784A      6.645205   785A      6.656275  
	 786A      6.659471   787A      6.667635   788A      6.677344  
	 789A      6.712834   790A      6.726882   791A      6.752487  
	 792A      6.775660   793A      6.812368   794A      6.848834  
	 795A      6.852286   796A      6.864833   797A      6.882688  
	 798A      6.902307   799A      6.903644   800A      6.927140  
	 801A      6.945891   802A      6.961294   803A      6.962520  
	 804A      6.985338   805A      7.003797   806A      7.035946  
	 807A      7.076013   808A      7.114051   809A      7.155746  
	 810A      7.157125   811A      7.178400   812A      7.242299  
	 813A      7.251685   814A      7.253684   815A      7.289951  
	 816A      7.323630   817A      7.344868   818A      7.362371  
	 819A      7.375271   820A      7.393432   821A      7.410616  
	 822A      7.450253   823A      7.490659   824A      7.523586  
	 825A      7.548460   826A      7.567118   827A      7.608793  
	 828A      7.630711   829A      7.644989   830A      7.650230  
	 831A      7.689357   832A      7.701243   833A      7.755342  
	 834A      7.765781   835A      7.783503   836A      7.786539  
	 837A      7.800366   838A      7.816715   839A      7.850944  
	 840A      7.854523   841A      7.895112   842A      7.905226  
	 843A      7.922528   844A      7.957257   845A      7.966999  
	 846A      7.973892   847A      7.988687   848A      8.012738  
	 849A      8.020487   850A      8.041184   851A      8.067452  
	 852A      8.098457   853A      8.113142   854A      8.155930  
	 855A      8.236719   856A      8.239387   857A      8.302292  
	 858A      8.307283   859A      8.384678   860A      8.397068  
	 861A      8.474001   862A      8.553724   863A      8.607840  
	 864A      8.715731   865A      8.747481   866A      8.918038  
	 867A      8.978337   868A      9.099446   869A      9.128050  
	 870A      9.236079   871A      9.260664   872A      9.366735  
	 873A      9.538414   874A      9.677456   875A      9.731538  
	 876A      9.771358   877A      9.851756   878A      9.957838  
	 879A      9.999074   880A     10.013733   881A     10.144857  
	 882A     10.177654   883A     10.293655   884A     10.511897  
	 885A     10.604121   886A     10.668036   887A     10.777945  
	 888A     11.045053   889A     11.277849   890A     11.382820  
	 891A     11.513900   892A     11.920171   893A     11.960000  
	 894A     12.072829   895A     12.177951   896A     12.179947  
	 897A     12.577318   898A     12.857257   899A     13.101768  
	 900A     13.443287   901A     13.759554   902A     13.904801  
	 903A     14.304290   904A     14.512702   905A     16.601674  
	 906A     16.748095   907A     17.173095   908A     18.161164  
	 909A     19.300796   910A     20.138939   911A     20.568016  
	 912A     21.993584   913A     52.892152   914A     53.840603  
	 915A     55.666520   916A     56.668834   917A     61.349488  
	 918A     64.733500   919A     70.458416   920A     71.576391  

	Final Occupation by Irrep:
	          A 
	DOCC [    29 ]

  Energy converged.

  @DF-RHF Final Energy:  -412.62334153407113

   => Energetics <=

    Nuclear Repulsion Energy =            357.2282419136376461
    One-Electron Energy =               -1270.8481397610430577
    Two-Electron Energy =                 500.9965563133343949
    DFT Exchange-Correlation Energy =       0.0000000000000000
    Empirical Dispersion Energy =           0.0000000000000000
    Total Energy =                       -412.6233415340709598



Properties will be evaluated at   0.000000,   0.000000,   0.000000 Bohr
  ==> Properties <==


Properties computed using the SCF density density matrix
  Nuclear Dipole Moment: (a.u.)
     X:   265.1024      Y:  -107.1427      Z:     0.0114

  Electronic Dipole Moment: (a.u.)
     X:  -266.4254      Y:   105.5909      Z:    -0.0116

  Dipole Moment: (a.u.)
     X:    -1.3230      Y:    -1.5518      Z:    -0.0003     Total:     2.0392

  Dipole Moment: (Debye)
     X:    -3.3628      Y:    -3.9443      Z:    -0.0007     Total:     5.1832


  Saving occupied orbitals to File 180.

  Saving SAPT 2-MONOMER_B file.

*** tstop() called on node37.bme.utexas.edu at Thu Apr 17 18:16:46 2014
Module time:
	user time   =     864.48 seconds =      14.41 minutes
	system time =       7.90 seconds =       0.13 minutes
	total time  =        121 seconds =       2.02 minutes
Total time:
	user time   =    3917.45 seconds =      65.29 minutes
	system time =      40.74 seconds =       0.68 minutes
	total time  =        569 seconds =       9.48 minutes
  No DF_BASIS_SAPT auxiliary basis selected, defaulting to aug-cc-pvtz-ri

  //>>>>>>>>>>>>>>>>>>>>>>>>>>>>>>>>>>>//
  //               SAPT2+              //
  //<<<<<<<<<<<<<<<<<<<<<<<<<<<<<<<<<<<//


*** tstart() called on node37.bme.utexas.edu
*** at Thu Apr 17 18:16:46 2014

        SAPT2+  
    Ed Hohenstein
     6 June 2009

      Orbital Information
  --------------------------
    NSO        =       920
    NMO        =       920
    NRI        =      2064
    NOCC A     =        29
    NOCC B     =        29
    FOCC A     =         8
    FOCC B     =         8
    NVIR A     =       891
    NVIR B     =       891

    Estimated memory usage: 29132.3 MB

    Natural Orbital Cutoff:   1.000E-06
    Disp(T3) Truncation:             No
    CCD (vv|vv) Truncation:          No
    MBPT T2 Truncation:              No

    Elst10,r            =    -0.127451477105 H
    Exch10 (S^2)        =     0.240109829615 H
    Exch10              =     0.255997807345 H
    Ind20,r (A<-B)      =    -0.069349754812 H
    Ind20,r (B<-A)      =    -0.068330047675 H
    Ind20,r             =    -0.137679802487 H
    Exch-Ind20,r (A<-B) =     0.037840713919 H
    Exch-Ind20,r (B<-A) =     0.042504113692 H
    Exch-Ind20,r        =     0.080344827611 H
    Disp20              =    -0.051636097936 H
    Exch-Disp20         =     0.011352382409 H
    Elst12,r            =     0.002827040340 H
    Exch11              =     0.000811465951 H
    Exch12              =     0.012916997740 H
    Ind22               =    -0.015449730513 H
    Disp21              =     0.007099241909 H
    Disp22 (SDQ)        =    -0.000771353279 H

    (i =   1 of  21)      20468 seconds
    (i =   2 of  21)      40997 seconds
    (i =   3 of  21)      61345 seconds
    (i =   4 of  21)      81595 seconds
    (i =   5 of  21)     101873 seconds
    (i =   6 of  21)     121993 seconds
    (i =   7 of  21)     142162 seconds
    (i =   8 of  21)     162463 seconds
    (i =   9 of  21)     182569 seconds
    (i =  10 of  21)     202816 seconds
    (i =  11 of  21)     223157 seconds
    (i =  12 of  21)     243455 seconds
    (i =  13 of  21)     263636 seconds
    (i =  14 of  21)     284324 seconds
    (i =  15 of  21)     320783 seconds
    (i =  16 of  21)     356729 seconds
    (i =  17 of  21)     391764 seconds
    (i =  18 of  21)     423478 seconds
    (i =  19 of  21)     455464 seconds
    (i =  20 of  21)     487256 seconds
    (i =  21 of  21)     519262 seconds

    Disp220 (T)         =    -0.004477422644 H

    (i =   1 of  21)      30950 seconds
    (i =   2 of  21)      62462 seconds
    (i =   3 of  21)      93811 seconds
    (i =   4 of  21)     124693 seconds
    (i =   5 of  21)     156286 seconds
    (i =   6 of  21)     187291 seconds
    (i =   7 of  21)     218526 seconds
    (i =   8 of  21)     249893 seconds
    (i =   9 of  21)     281712 seconds
    (i =  10 of  21)     312803 seconds
    (i =  11 of  21)     343930 seconds
    (i =  12 of  21)     375317 seconds
    (i =  13 of  21)     406992 seconds
    (i =  14 of  21)     438170 seconds
    (i =  15 of  21)     471314 seconds
    (i =  16 of  21)     504223 seconds
    (i =  17 of  21)     536588 seconds
    (i =  18 of  21)     568905 seconds
    (i =  19 of  21)     601254 seconds
    (i =  20 of  21)     633312 seconds
    (i =  21 of  21)     656003 seconds

    Disp202 (T)         =    -0.004397008229 H

    Disp22 (T)          =    -0.008874430873 H

    SAPT Results  
  -----------------------------------------------------------------------
    Electrostatics        -124.62443676 mH     -78.20301800 kcal mol^-1
      Elst10,r            -127.45147710 mH     -79.97701267 kcal mol^-1
      Elst12,r               2.82704034 mH       1.77399467 kcal mol^-1

    Exchange               269.72627104 mH     169.25579747 kcal mol^-1
      Exch10               255.99780734 mH     160.64105609 kcal mol^-1
      Exch10(S^2)          240.10982962 mH     150.67119913 kcal mol^-1
      Exch11(S^2)            0.81146595 mH       0.50920259 kcal mol^-1
      Exch12(S^2)           12.91699774 mH       8.10553879 kcal mol^-1

    Induction             -102.72075143 mH     -64.45824737 kcal mol^-1
      Ind20,r             -137.67980249 mH     -86.39538402 kcal mol^-1
      Ind22                -15.44973051 mH      -9.69485267 kcal mol^-1
      Exch-Ind20,r          80.34482761 mH      50.41714260 kcal mol^-1
      Exch-Ind22             9.01588986 mH       5.65755654 kcal mol^-1
      delta HF,r (2)       -38.95193590 mH     -24.44270982 kcal mol^-1

    Dispersion             -42.83025777 mH     -26.87639364 kcal mol^-1
      Disp20               -51.63609794 mH     -32.40214200 kcal mol^-1
      Disp21                 7.09924191 mH       4.45484174 kcal mol^-1
      Disp22 (SDQ)          -0.77135328 mH      -0.48403151 kcal mol^-1
      Disp22 (T)            -8.87443087 mH      -5.56878968 kcal mol^-1
      Exch-Disp20           11.35238241 mH       7.12372781 kcal mol^-1

    Total HF                32.25941946 mH      20.24309218 kcal mol^-1
    Total SAPT0             -8.02429607 mH      -5.03532201 kcal mol^-1
    Total SAPT2              2.09736731 mH       1.31611791 kcal mol^-1
    Total SAPT2+            -0.44917493 mH      -0.28186154 kcal mol^-1

*** tstop() called on node37.bme.utexas.edu at Thu May  1 22:28:21 2014
Module time:
	user time   = 4284211.00 seconds =   71403.52 minutes
	system time = 2704204.04 seconds =   45070.07 minutes
	total time  =    1224695 seconds =   20411.58 minutes
Total time:
	user time   = 4288128.47 seconds =   71468.81 minutes
	system time = 2704244.78 seconds =   45070.75 minutes
	total time  =    1225264 seconds =   20421.07 minutes

*** PSI4 exiting successfully. Buy a developer a beer!
