    -----------------------------------------------------------------------
          PSI4: An Open-Source Ab Initio Electronic Structure Package
                              PSI 4.0.0-beta4 Driver

    J. M. Turney, A. C. Simmonett, R. M. Parrish, E. G. Hohenstein,
    F. A. Evangelista, J. T. Fermann, B. J. Mintz, L. A. Burns, J. J. Wilke,
    M. L. Abrams, N. J. Russ, M. L. Leininger, C. L. Janssen, E. T. Seidl,
    W. D. Allen, H. F. Schaefer, R. A. King, E. F. Valeev, C. D. Sherrill,
    and T. D. Crawford, WIREs Comput. Mol. Sci., (2011) (doi: 10.1002/wcms.93)

                         Additional Contributions by
    A. E. DePrince, M. Saitow, U. Bozkaya, A. Yu. Sokolov
    -----------------------------------------------------------------------

    Process ID:  36074
    PSI4DATADIR: /home/xzhu216/psi4/psi4-install/share/psi

    Using LocalCommunicator (Number of processes = 1)

    Memory level set to 256.000 MB

  ==> Input File <==

--------------------------------------------------------------------------
#psi4
#
memory 36 gb

molecule Uracil_Cyclopentane {
0 1
    N     0.195729592    -0.844689252     0.823846417
    H     0.450397533    -1.796752940     1.049767944
    C    -1.179049195    -0.573684403     0.759483486
    O    -1.993646244    -1.456265265     0.966900658
    C    -1.476714706     0.811155669     0.437559516
    H    -2.506355919     1.115650590     0.363894693
    C    -0.468112800     1.682962449     0.234890836
    H    -0.638435222     2.721642964    -0.006164102
    N     0.845628536     1.305991135     0.326830511
    H     1.589692556     1.968879240     0.185959794
    C     1.254261474     0.019461869     0.636243974
    O     2.422304381    -0.301716391     0.731879480
--
0 1
    C     1.029264786    -0.848548799     3.507749377
    H     1.483117295    -0.940605038     2.519766823
    H     1.573767286    -1.512529066     4.176947049
    C     1.083578257     0.617403203     3.940685359
    H     2.041868248     1.090302137     3.729961070
    H     0.895462971     0.699040745     5.013908491
    C    -0.083773326     1.230217680     3.169914158
    H     0.190530950     1.318999283     2.116442536
    H    -0.368187750     2.221358805     3.521548172
    C    -1.200717818     0.192645771     3.340942472
    H    -1.926257097     0.216259625     2.529570560
    H    -1.744803448     0.397342927     4.263191088
    C    -0.477681473    -1.173902060     3.444599359
    H    -0.720346019    -1.818058185     2.601239685
    H    -0.792787700    -1.701304474     4.343685779
units angstrom
no_reorient  #important for SAPT in psi4, default
symmetry c1  #important for SAPT in psi4, default
}

set {
basis aug-cc-pVTZ
scf_type DF
freeze_core True
}
energy('sapt2+')
--------------------------------------------------------------------------

  Memory set to  36.000 GiB by Python script.

  //>>>>>>>>>>>>>>>>>>>>>>>>>>>>>>>>>>>//
  //              Dimer HF             //
  //<<<<<<<<<<<<<<<<<<<<<<<<<<<<<<<<<<<//


  No DF_BASIS_SCF auxiliary basis selected, defaulting to aug-cc-pvtz-jkfit


*** tstart() called on node36.bme.utexas.edu
*** at Mon Feb 24 11:34:44 2014


         ---------------------------------------------------------
                                   SCF
            by Justin Turney, Rob Parrish, and Andy Simmonett
                              RHF Reference
                        8 Threads,  36000 MiB Core
         ---------------------------------------------------------

  ==> Geometry <==

    Molecular point group: c1
    Full point group: C1

    Geometry (in Angstrom), charge = 0, multiplicity = 1:

       Center              X                  Y                   Z       
    ------------   -----------------  -----------------  -----------------
           N          0.180709755458    -0.876784853663    -0.898475308528
           H          0.435377696458    -1.828848541663    -0.672553781528
           C         -1.194069031542    -0.605780004663    -0.962838239528
           O         -2.008666080542    -1.488360866663    -0.755421067528
           C         -1.491734542542     0.779060067337    -1.284762209528
           H         -2.521375755542     1.083554988337    -1.358427032528
           C         -0.483132636542     1.650866847337    -1.487430889528
           H         -0.653455058542     2.689547362337    -1.728485827528
           N          0.830608699458     1.273895533337    -1.395491214528
           H          1.574672719458     1.936783638337    -1.536361931528
           C          1.239241637458    -0.012633732663    -1.086077751528
           O          2.407284544458    -0.333811992663    -0.990442245528
           C          1.014244949458    -0.880644400663     1.785427651472
           H          1.468097458458    -0.972700639663     0.797445097472
           H          1.558747449458    -1.544624667663     2.454625323472
           C          1.068558420458     0.585307601337     2.218363633472
           H          2.026848411458     1.058206535337     2.007639344472
           H          0.880443134458     0.666945143337     3.291586765472
           C         -0.098793162542     1.198122078337     1.447592432472
           H          0.175511113458     1.286903681337     0.394120810472
           H         -0.383207586542     2.189263203337     1.799226446472
           C         -1.215737654542     0.160550169337     1.618620746472
           H         -1.941276933542     0.184164023337     0.807248834472
           H         -1.759823284542     0.365247325337     2.540869362472
           C         -0.492701309542    -1.205997661663     1.722277633472
           H         -0.735365855542    -1.850153786663     0.878917959472
           H         -0.807807536542    -1.733400075663     2.621364053472

  Running in c1 symmetry.

  Nuclear repulsion =  893.457149201379821

  Charge       = 0
  Multiplicity = 1
  Electrons    = 98
  Nalpha       = 49
  Nbeta        = 49

  ==> Algorithm <==

  SCF Algorithm Type is DF.
  DIIS enabled.
  MOM disabled.
  Fractional occupation disabled.
  Guess Type is CORE.
  Energy threshold   = 1.00e-08
  Density threshold  = 1.00e-08
  Integral threshold = 0.00e+00

  ==> Primary Basis <==

  Basis Set: AUG-CC-PVTZ
    Number of shells: 308
    Number of basis function: 920
    Number of Cartesian functions: 1065
    Spherical Harmonics?: true
    Max angular momentum: 3

  ==> Pre-Iterations <==

   -------------------------------------------------------
    Irrep   Nso     Nmo     Nalpha   Nbeta   Ndocc  Nsocc
   -------------------------------------------------------
     A        920     920       0       0       0       0
   -------------------------------------------------------
    Total     920     920      49      49      49       0
   -------------------------------------------------------

 OEINTS: Wrapper to libmints.
   by Justin Turney

   Calculation information:
      Number of atoms:                  27
      Number of AO shells:             308
      Number of SO shells:             308
      Number of primitives:            544
      Number of atomic orbitals:      1065
      Number of basis functions:       920

      Number of irreps:                  1
      Number of functions per irrep: [ 920 ]

      Overlap, kinetic, potential, dipole, and quadrupole integrals
        stored in file 35.

  ==> Integral Setup <==

  ==> DFJK: Density-Fitted J/K Matrices <==

    J tasked:                  Yes
    K tasked:                  Yes
    wK tasked:                  No
    OpenMP threads:              8
    Integrals threads:           8
    Memory (MB):             25749
    Algorithm:                Core
    Integral Cache:           SAVE
    Schwarz Cutoff:          0E+00
    Fitting Condition:       1E-12

   => Auxiliary Basis Set <=

  Basis Set: aug-cc-pvtz-jkfit
    Number of shells: 586
    Number of basis function: 1996
    Number of Cartesian functions: 2473
    Spherical Harmonics?: true
    Max angular momentum: 4

  Minimum eigenvalue in the overlap matrix is 4.0197434791E-07.
  Using Symmetric Orthogonalization.
  SCF Guess: Core (One-Electron) Hamiltonian.

  Guess energy:  -507.00736331060386

  ==> Iterations <==

                        Total Energy        Delta E     RMS |[F,P]|

   @RHF iter   1:  -389.11130125523880   -3.89111e+02   2.33613e-02 
   @RHF iter   2:  -113.00808541935726    2.76103e+02   2.09188e-02 DIIS
   @RHF iter   3:  -398.03010942702610   -2.85022e+02   1.52824e-02 DIIS
   @RHF iter   4:  -482.23100112261989   -8.42009e+01   1.34919e-02 DIIS
   @RHF iter   5:  -497.72758523039590   -1.54966e+01   9.92371e-03 DIIS
   @RHF iter   6:  -548.38196749269912   -5.06544e+01   8.72111e-03 DIIS
   @RHF iter   7:  -603.93832988311158   -5.55564e+01   2.70472e-03 DIIS
   @RHF iter   8:  -601.04068260191559    2.89765e+00   3.61911e-03 DIIS
   @RHF iter   9:  -607.52365854135940   -6.48298e+00   8.20033e-04 DIIS
   @RHF iter  10:  -607.68866305290692   -1.65005e-01   4.63460e-04 DIIS
   @RHF iter  11:  -607.76106702478808   -7.24040e-02   1.18010e-04 DIIS
   @RHF iter  12:  -607.76880748611109   -7.74046e-03   5.78304e-05 DIIS
   @RHF iter  13:  -607.77027794140292   -1.47046e-03   2.81254e-05 DIIS
   @RHF iter  14:  -607.77074481511534   -4.66874e-04   7.10247e-06 DIIS
   @RHF iter  15:  -607.77078259050438   -3.77754e-05   1.68458e-06 DIIS
   @RHF iter  16:  -607.77078541818526   -2.82768e-06   9.79566e-07 DIIS
   @RHF iter  17:  -607.77078638860587   -9.70421e-07   4.07949e-07 DIIS
   @RHF iter  18:  -607.77078663053487   -2.41929e-07   1.30110e-07 DIIS
   @RHF iter  19:  -607.77078665398733   -2.34525e-08   5.94995e-08 DIIS
   @RHF iter  20:  -607.77078665755005   -3.56272e-09   1.51252e-08 DIIS
   @RHF iter  21:  -607.77078665779243   -2.42380e-10   6.30714e-09 DIIS

  ==> Post-Iterations <==

	Orbital Energies (a.u.)
	-----------------------

	Doubly Occupied:                                                      

	   1A    -20.550695     2A    -20.540975     3A    -15.642986  
	   4A    -15.628303     5A    -11.421442     6A    -11.383753  
	   7A    -11.337611     8A    -11.257077     9A    -11.206662  
	  10A    -11.204596    11A    -11.203996    12A    -11.198888  
	  13A    -11.197859    14A     -1.442802    15A     -1.404270  
	  16A     -1.318828    17A     -1.251810    18A     -1.115393  
	  19A     -1.092150    20A     -0.959550    21A     -0.955949  
	  22A     -0.934635    23A     -0.905790    24A     -0.812044  
	  25A     -0.786176    26A     -0.779774    27A     -0.754979  
	  28A     -0.718242    29A     -0.704693    30A     -0.681164  
	  31A     -0.656853    32A     -0.643638    33A     -0.627740  
	  34A     -0.617240    35A     -0.605469    36A     -0.597551  
	  37A     -0.594749    38A     -0.533389    39A     -0.509592  
	  40A     -0.490588    41A     -0.474979    42A     -0.470809  
	  43A     -0.462950    44A     -0.460798    45A     -0.455701  
	  46A     -0.447601    47A     -0.439556    48A     -0.427171  
	  49A     -0.368123  

	Virtual:                                                              

	  50A      0.014078    51A      0.031358    52A      0.032949  
	  53A      0.036598    54A      0.045770    55A      0.046227  
	  56A      0.048697    57A      0.053919    58A      0.057140  
	  59A      0.066657    60A      0.073941    61A      0.075849  
	  62A      0.078654    63A      0.079365    64A      0.082675  
	  65A      0.089285    66A      0.092512    67A      0.100752  
	  68A      0.107763    69A      0.110835    70A      0.117194  
	  71A      0.119727    72A      0.123277    73A      0.126659  
	  74A      0.128779    75A      0.132232    76A      0.133033  
	  77A      0.135411    78A      0.141056    79A      0.143098  
	  80A      0.143718    81A      0.145086    82A      0.150594  
	  83A      0.152720    84A      0.154100    85A      0.157834  
	  86A      0.163836    87A      0.174917    88A      0.177480  
	  89A      0.180515    90A      0.183451    91A      0.188448  
	  92A      0.189847    93A      0.192814    94A      0.196484  
	  95A      0.200255    96A      0.202770    97A      0.212641  
	  98A      0.217709    99A      0.221221   100A      0.231354  
	 101A      0.234503   102A      0.244009   103A      0.250727  
	 104A      0.256085   105A      0.259220   106A      0.267311  
	 107A      0.270361   108A      0.273665   109A      0.275223  
	 110A      0.279941   111A      0.281975   112A      0.289111  
	 113A      0.293538   114A      0.296642   115A      0.301406  
	 116A      0.302971   117A      0.305749   118A      0.316690  
	 119A      0.321149   120A      0.323698   121A      0.330194  
	 122A      0.332643   123A      0.333295   124A      0.336893  
	 125A      0.337824   126A      0.341638   127A      0.346785  
	 128A      0.349643   129A      0.353598   130A      0.355366  
	 131A      0.361854   132A      0.365519   133A      0.370746  
	 134A      0.374765   135A      0.377514   136A      0.381241  
	 137A      0.384004   138A      0.387416   139A      0.391416  
	 140A      0.398894   141A      0.403731   142A      0.407829  
	 143A      0.409441   144A      0.412420   145A      0.415202  
	 146A      0.421405   147A      0.423074   148A      0.429203  
	 149A      0.436532   150A      0.442606   151A      0.445056  
	 152A      0.455096   153A      0.457523   154A      0.458960  
	 155A      0.460390   156A      0.463330   157A      0.468622  
	 158A      0.476686   159A      0.479799   160A      0.481927  
	 161A      0.483597   162A      0.487275   163A      0.491229  
	 164A      0.496929   165A      0.500272   166A      0.504682  
	 167A      0.505683   168A      0.510973   169A      0.514010  
	 170A      0.517614   171A      0.521656   172A      0.527371  
	 173A      0.527644   174A      0.530082   175A      0.533991  
	 176A      0.539597   177A      0.540606   178A      0.548136  
	 179A      0.551867   180A      0.555304   181A      0.563439  
	 182A      0.565421   183A      0.567335   184A      0.573247  
	 185A      0.573596   186A      0.583533   187A      0.588065  
	 188A      0.591139   189A      0.592870   190A      0.599514  
	 191A      0.602248   192A      0.606772   193A      0.612372  
	 194A      0.616146   195A      0.624402   196A      0.624724  
	 197A      0.632922   198A      0.633985   199A      0.639766  
	 200A      0.640313   201A      0.647658   202A      0.648213  
	 203A      0.653803   204A      0.660685   205A      0.667272  
	 206A      0.671052   207A      0.674055   208A      0.676535  
	 209A      0.684527   210A      0.688877   211A      0.693624  
	 212A      0.703417   213A      0.707125   214A      0.710872  
	 215A      0.711546   216A      0.718397   217A      0.718818  
	 218A      0.721796   219A      0.729995   220A      0.736537  
	 221A      0.739488   222A      0.744720   223A      0.746477  
	 224A      0.751601   225A      0.754333   226A      0.756468  
	 227A      0.765503   228A      0.769204   229A      0.780610  
	 230A      0.786322   231A      0.790762   232A      0.796293  
	 233A      0.803672   234A      0.813793   235A      0.818612  
	 236A      0.819881   237A      0.823602   238A      0.838818  
	 239A      0.839391   240A      0.844574   241A      0.852949  
	 242A      0.861105   243A      0.862376   244A      0.868385  
	 245A      0.877013   246A      0.880995   247A      0.887573  
	 248A      0.894972   249A      0.896004   250A      0.905439  
	 251A      0.911317   252A      0.918071   253A      0.922636  
	 254A      0.927087   255A      0.935145   256A      0.940665  
	 257A      0.942185   258A      0.942905   259A      0.950346  
	 260A      0.953346   261A      0.958769   262A      0.967684  
	 263A      0.973523   264A      0.975956   265A      0.980261  
	 266A      0.982423   267A      0.991628   268A      0.992511  
	 269A      0.996627   270A      0.999622   271A      1.008237  
	 272A      1.012258   273A      1.020688   274A      1.022989  
	 275A      1.027025   276A      1.030406   277A      1.037571  
	 278A      1.039406   279A      1.046402   280A      1.053788  
	 281A      1.060730   282A      1.066477   283A      1.073480  
	 284A      1.076749   285A      1.078045   286A      1.080234  
	 287A      1.085133   288A      1.091949   289A      1.097717  
	 290A      1.101462   291A      1.110930   292A      1.113988  
	 293A      1.123000   294A      1.125099   295A      1.130538  
	 296A      1.132224   297A      1.145835   298A      1.151902  
	 299A      1.154603   300A      1.156900   301A      1.161368  
	 302A      1.166796   303A      1.171587   304A      1.177899  
	 305A      1.184014   306A      1.185984   307A      1.191707  
	 308A      1.195294   309A      1.204709   310A      1.209817  
	 311A      1.212720   312A      1.217408   313A      1.221212  
	 314A      1.233527   315A      1.234474   316A      1.237798  
	 317A      1.242071   318A      1.243513   319A      1.252170  
	 320A      1.253541   321A      1.265131   322A      1.268847  
	 323A      1.271451   324A      1.279145   325A      1.279948  
	 326A      1.289611   327A      1.295741   328A      1.301817  
	 329A      1.304408   330A      1.310893   331A      1.313884  
	 332A      1.325636   333A      1.328398   334A      1.336994  
	 335A      1.342006   336A      1.346741   337A      1.353844  
	 338A      1.357286   339A      1.357731   340A      1.367241  
	 341A      1.372079   342A      1.375399   343A      1.380235  
	 344A      1.394809   345A      1.397604   346A      1.403487  
	 347A      1.408640   348A      1.415073   349A      1.419423  
	 350A      1.429442   351A      1.435635   352A      1.443312  
	 353A      1.445355   354A      1.461217   355A      1.463061  
	 356A      1.467831   357A      1.476065   358A      1.482738  
	 359A      1.484917   360A      1.495708   361A      1.500295  
	 362A      1.509334   363A      1.513161   364A      1.518471  
	 365A      1.520609   366A      1.527802   367A      1.532156  
	 368A      1.542591   369A      1.543955   370A      1.545534  
	 371A      1.561136   372A      1.563220   373A      1.572736  
	 374A      1.580748   375A      1.587825   376A      1.595342  
	 377A      1.595911   378A      1.606859   379A      1.611364  
	 380A      1.612513   381A      1.616338   382A      1.619700  
	 383A      1.625307   384A      1.634213   385A      1.636600  
	 386A      1.647708   387A      1.650661   388A      1.663677  
	 389A      1.667274   390A      1.674315   391A      1.679802  
	 392A      1.689677   393A      1.693733   394A      1.698486  
	 395A      1.701450   396A      1.710078   397A      1.712606  
	 398A      1.725174   399A      1.728270   400A      1.737209  
	 401A      1.738888   402A      1.751602   403A      1.756402  
	 404A      1.756736   405A      1.762690   406A      1.772209  
	 407A      1.775878   408A      1.778275   409A      1.789474  
	 410A      1.794984   411A      1.801848   412A      1.805296  
	 413A      1.809046   414A      1.813306   415A      1.820190  
	 416A      1.826156   417A      1.834115   418A      1.839369  
	 419A      1.848104   420A      1.864080   421A      1.867985  
	 422A      1.874898   423A      1.881137   424A      1.887030  
	 425A      1.889794   426A      1.894711   427A      1.897493  
	 428A      1.904589   429A      1.913027   430A      1.921103  
	 431A      1.925652   432A      1.935819   433A      1.941727  
	 434A      1.946467   435A      1.954568   436A      1.959224  
	 437A      1.969518   438A      1.971753   439A      1.980715  
	 440A      1.987130   441A      1.994967   442A      1.998091  
	 443A      2.006038   444A      2.013731   445A      2.017464  
	 446A      2.030757   447A      2.036588   448A      2.046204  
	 449A      2.051047   450A      2.062909   451A      2.066182  
	 452A      2.074011   453A      2.084183   454A      2.091956  
	 455A      2.098514   456A      2.105081   457A      2.119079  
	 458A      2.121658   459A      2.130548   460A      2.135453  
	 461A      2.139899   462A      2.145818   463A      2.153315  
	 464A      2.155667   465A      2.165200   466A      2.167793  
	 467A      2.188695   468A      2.197097   469A      2.204694  
	 470A      2.208439   471A      2.210741   472A      2.223285  
	 473A      2.228763   474A      2.236058   475A      2.247243  
	 476A      2.250039   477A      2.255650   478A      2.261641  
	 479A      2.272604   480A      2.274904   481A      2.292084  
	 482A      2.294853   483A      2.301220   484A      2.312500  
	 485A      2.313470   486A      2.327237   487A      2.331503  
	 488A      2.338410   489A      2.349495   490A      2.357905  
	 491A      2.359372   492A      2.371146   493A      2.381886  
	 494A      2.385279   495A      2.402429   496A      2.406482  
	 497A      2.415457   498A      2.419340   499A      2.436831  
	 500A      2.443626   501A      2.451388   502A      2.467119  
	 503A      2.475508   504A      2.483391   505A      2.489633  
	 506A      2.505707   507A      2.509443   508A      2.517433  
	 509A      2.527153   510A      2.531527   511A      2.534480  
	 512A      2.549249   513A      2.555489   514A      2.562610  
	 515A      2.567578   516A      2.580414   517A      2.587776  
	 518A      2.588785   519A      2.597531   520A      2.609078  
	 521A      2.615257   522A      2.628684   523A      2.631399  
	 524A      2.639868   525A      2.647880   526A      2.654078  
	 527A      2.667959   528A      2.676075   529A      2.686560  
	 530A      2.690637   531A      2.703654   532A      2.709560  
	 533A      2.729590   534A      2.733813   535A      2.739908  
	 536A      2.745258   537A      2.750410   538A      2.762819  
	 539A      2.773861   540A      2.781452   541A      2.786489  
	 542A      2.797268   543A      2.807035   544A      2.817088  
	 545A      2.818437   546A      2.826998   547A      2.846024  
	 548A      2.855545   549A      2.866029   550A      2.875295  
	 551A      2.882099   552A      2.897347   553A      2.927934  
	 554A      2.929890   555A      2.946917   556A      2.956483  
	 557A      2.967366   558A      2.982591   559A      2.990491  
	 560A      3.002777   561A      3.040117   562A      3.067548  
	 563A      3.079291   564A      3.081372   565A      3.102026  
	 566A      3.112491   567A      3.136241   568A      3.157576  
	 569A      3.171836   570A      3.178293   571A      3.199555  
	 572A      3.211605   573A      3.230901   574A      3.249977  
	 575A      3.284883   576A      3.304963   577A      3.306527  
	 578A      3.334214   579A      3.360496   580A      3.362760  
	 581A      3.399440   582A      3.421342   583A      3.430536  
	 584A      3.445172   585A      3.457526   586A      3.478572  
	 587A      3.489813   588A      3.495131   589A      3.506613  
	 590A      3.522689   591A      3.540600   592A      3.555776  
	 593A      3.558724   594A      3.591661   595A      3.606284  
	 596A      3.614074   597A      3.618251   598A      3.631017  
	 599A      3.644528   600A      3.652254   601A      3.655239  
	 602A      3.658870   603A      3.671539   604A      3.680999  
	 605A      3.699450   606A      3.716200   607A      3.727489  
	 608A      3.731921   609A      3.754308   610A      3.765381  
	 611A      3.771278   612A      3.788459   613A      3.799837  
	 614A      3.808065   615A      3.814068   616A      3.819967  
	 617A      3.829483   618A      3.832203   619A      3.843384  
	 620A      3.850005   621A      3.859300   622A      3.878395  
	 623A      3.888363   624A      3.893952   625A      3.901974  
	 626A      3.906269   627A      3.908741   628A      3.917628  
	 629A      3.924263   630A      3.935532   631A      3.948861  
	 632A      3.958244   633A      3.968034   634A      3.976043  
	 635A      3.980361   636A      3.981599   637A      3.990871  
	 638A      4.000226   639A      4.010078   640A      4.020311  
	 641A      4.030610   642A      4.041128   643A      4.042688  
	 644A      4.057303   645A      4.063597   646A      4.072271  
	 647A      4.079670   648A      4.087375   649A      4.097601  
	 650A      4.101871   651A      4.111736   652A      4.118821  
	 653A      4.121065   654A      4.140940   655A      4.148982  
	 656A      4.160228   657A      4.167466   658A      4.179605  
	 659A      4.188574   660A      4.194924   661A      4.199323  
	 662A      4.211896   663A      4.213919   664A      4.222993  
	 665A      4.232212   666A      4.248253   667A      4.252985  
	 668A      4.259805   669A      4.273268   670A      4.277922  
	 671A      4.284426   672A      4.297730   673A      4.308258  
	 674A      4.310281   675A      4.318465   676A      4.328478  
	 677A      4.332915   678A      4.340355   679A      4.350404  
	 680A      4.358693   681A      4.366068   682A      4.382191  
	 683A      4.396931   684A      4.400173   685A      4.420424  
	 686A      4.422316   687A      4.436231   688A      4.443137  
	 689A      4.449651   690A      4.450620   691A      4.467407  
	 692A      4.470751   693A      4.477527   694A      4.487716  
	 695A      4.492623   696A      4.495600   697A      4.511983  
	 698A      4.527157   699A      4.535208   700A      4.549467  
	 701A      4.554354   702A      4.557976   703A      4.574114  
	 704A      4.582043   705A      4.591968   706A      4.600317  
	 707A      4.602922   708A      4.610880   709A      4.634758  
	 710A      4.638090   711A      4.651363   712A      4.659522  
	 713A      4.667923   714A      4.674101   715A      4.687298  
	 716A      4.701644   717A      4.715262   718A      4.725771  
	 719A      4.739299   720A      4.749308   721A      4.757639  
	 722A      4.776079   723A      4.785516   724A      4.787514  
	 725A      4.793215   726A      4.801306   727A      4.820391  
	 728A      4.843659   729A      4.844419   730A      4.849681  
	 731A      4.855421   732A      4.873577   733A      4.884313  
	 734A      4.893104   735A      4.900106   736A      4.909661  
	 737A      4.919325   738A      4.928017   739A      4.935011  
	 740A      4.946329   741A      4.970980   742A      4.977129  
	 743A      4.984354   744A      4.999188   745A      5.005273  
	 746A      5.017703   747A      5.023339   748A      5.042345  
	 749A      5.052083   750A      5.056203   751A      5.066806  
	 752A      5.081217   753A      5.092108   754A      5.096696  
	 755A      5.118815   756A      5.121494   757A      5.134292  
	 758A      5.137869   759A      5.154891   760A      5.161177  
	 761A      5.169700   762A      5.191747   763A      5.197227  
	 764A      5.220509   765A      5.223666   766A      5.232264  
	 767A      5.249045   768A      5.252952   769A      5.264423  
	 770A      5.282762   771A      5.289167   772A      5.290782  
	 773A      5.310029   774A      5.331100   775A      5.338887  
	 776A      5.351668   777A      5.352181   778A      5.367219  
	 779A      5.374521   780A      5.384700   781A      5.412871  
	 782A      5.417837   783A      5.424704   784A      5.441190  
	 785A      5.458206   786A      5.462029   787A      5.472762  
	 788A      5.475493   789A      5.495695   790A      5.509201  
	 791A      5.524800   792A      5.539283   793A      5.545442  
	 794A      5.566774   795A      5.570913   796A      5.578955  
	 797A      5.590562   798A      5.605171   799A      5.616254  
	 800A      5.625308   801A      5.638743   802A      5.648867  
	 803A      5.654831   804A      5.666796   805A      5.671479  
	 806A      5.693641   807A      5.704191   808A      5.715506  
	 809A      5.722403   810A      5.736468   811A      5.762424  
	 812A      5.769998   813A      5.781797   814A      5.793836  
	 815A      5.818229   816A      5.830135   817A      5.847230  
	 818A      5.857041   819A      5.862980   820A      5.869948  
	 821A      5.884313   822A      5.899230   823A      5.913830  
	 824A      5.922948   825A      5.940796   826A      5.961201  
	 827A      5.971623   828A      5.979894   829A      5.983906  
	 830A      5.999498   831A      6.006648   832A      6.028419  
	 833A      6.065358   834A      6.071405   835A      6.080384  
	 836A      6.101660   837A      6.127802   838A      6.141867  
	 839A      6.151042   840A      6.157650   841A      6.177007  
	 842A      6.204203   843A      6.229565   844A      6.250239  
	 845A      6.264620   846A      6.284805   847A      6.318659  
	 848A      6.320224   849A      6.337894   850A      6.359330  
	 851A      6.380546   852A      6.408743   853A      6.427423  
	 854A      6.448866   855A      6.463512   856A      6.489449  
	 857A      6.559791   858A      6.594943   859A      6.610728  
	 860A      6.644578   861A      6.652671   862A      6.682520  
	 863A      6.729158   864A      6.739601   865A      6.765689  
	 866A      6.829030   867A      6.863883   868A      6.874917  
	 869A      6.884026   870A      6.922114   871A      6.931673  
	 872A      6.952127   873A      6.961759   874A      6.990325  
	 875A      7.003288   876A      7.011381   877A      7.034475  
	 878A      7.067248   879A      7.080668   880A      7.087373  
	 881A      7.135257   882A      7.181633   883A      7.196397  
	 884A      7.215282   885A      7.252696   886A      7.289935  
	 887A      7.310271   888A      7.360954   889A      7.370159  
	 890A      7.395330   891A      7.478275   892A      7.575190  
	 893A      7.598639   894A      7.631274   895A      7.648306  
	 896A      7.667883   897A      7.711021   898A      7.848545  
	 899A      7.894042   900A      7.901713   901A      7.954478  
	 902A      7.988991   903A      8.068093   904A      8.103691  
	 905A      8.126935   906A      8.150899   907A      8.188052  
	 908A     17.273599   909A     17.566465   910A     17.645138  
	 911A     18.038895   912A     18.766112   913A     18.995943  
	 914A     19.383828   915A     20.109962   916A     20.273084  
	 917A     20.846949   918A     21.120945   919A     21.484002  
	 920A     22.294651  

	Final Occupation by Irrep:
	          A 
	DOCC [    49 ]

  Energy converged.

  @RHF Final Energy:  -607.77078665779243

   => Energetics <=

    Nuclear Repulsion Energy =            893.4571492013798206
    One-Electron Energy =               -2601.9006989951876676
    Two-Electron Energy =                1100.6727631360170108
    DFT Exchange-Correlation Energy =       0.0000000000000000
    Empirical Dispersion Energy =           0.0000000000000000
    Total Energy =                       -607.7707866577909499



Properties will be evaluated at   0.000000,   0.000000,   0.000000 Bohr
  ==> Properties <==


Properties computed using the SCF density density matrix
  Nuclear Dipole Moment: (a.u.)
     X:    -0.6410      Y:     3.3002      Z:    11.5265

  Electronic Dipole Moment: (a.u.)
     X:     0.6031      Y:    -1.4834      Z:   -12.0324

  Dipole Moment: (a.u.)
     X:    -0.0379      Y:     1.8168      Z:    -0.5058     Total:     1.8862

  Dipole Moment: (Debye)
     X:    -0.0963      Y:     4.6178      Z:    -1.2857     Total:     4.7944


  Saving occupied orbitals to File 180.

  Saving SAPT 2-DIMER file.

*** tstop() called on node36.bme.utexas.edu at Mon Feb 24 11:39:56 2014
Module time:
	user time   =    2127.15 seconds =      35.45 minutes
	system time =      28.47 seconds =       0.47 minutes
	total time  =        312 seconds =       5.20 minutes
Total time:
	user time   =    2127.15 seconds =      35.45 minutes
	system time =      28.47 seconds =       0.47 minutes
	total time  =        312 seconds =       5.20 minutes

  //>>>>>>>>>>>>>>>>>>>>>>>>>>>>>>>>>>>//
  //            Monomer A HF           //
  //<<<<<<<<<<<<<<<<<<<<<<<<<<<<<<<<<<<//


  No DF_BASIS_SCF auxiliary basis selected, defaulting to aug-cc-pvtz-jkfit


*** tstart() called on node36.bme.utexas.edu
*** at Mon Feb 24 11:39:56 2014


         ---------------------------------------------------------
                                   SCF
            by Justin Turney, Rob Parrish, and Andy Simmonett
                              RHF Reference
                        8 Threads,  36000 MiB Core
         ---------------------------------------------------------

  ==> Geometry <==

    Molecular point group: c1
    Full point group: C1

    Geometry (in Angstrom), charge = 0, multiplicity = 1:

       Center              X                  Y                   Z       
    ------------   -----------------  -----------------  -----------------
           N          0.180709755458    -0.876784853663    -0.898475308528
           H          0.435377696458    -1.828848541663    -0.672553781528
           C         -1.194069031542    -0.605780004663    -0.962838239528
           O         -2.008666080542    -1.488360866663    -0.755421067528
           C         -1.491734542542     0.779060067337    -1.284762209528
           H         -2.521375755542     1.083554988337    -1.358427032528
           C         -0.483132636542     1.650866847337    -1.487430889528
           H         -0.653455058542     2.689547362337    -1.728485827528
           N          0.830608699458     1.273895533337    -1.395491214528
           H          1.574672719458     1.936783638337    -1.536361931528
           C          1.239241637458    -0.012633732663    -1.086077751528
           O          2.407284544458    -0.333811992663    -0.990442245528
           C(Gh)      1.014244949458    -0.880644400663     1.785427651472
           H(Gh)      1.468097458458    -0.972700639663     0.797445097472
           H(Gh)      1.558747449458    -1.544624667663     2.454625323472
           C(Gh)      1.068558420458     0.585307601337     2.218363633472
           H(Gh)      2.026848411458     1.058206535337     2.007639344472
           H(Gh)      0.880443134458     0.666945143337     3.291586765472
           C(Gh)     -0.098793162542     1.198122078337     1.447592432472
           H(Gh)      0.175511113458     1.286903681337     0.394120810472
           H(Gh)     -0.383207586542     2.189263203337     1.799226446472
           C(Gh)     -1.215737654542     0.160550169337     1.618620746472
           H(Gh)     -1.941276933542     0.184164023337     0.807248834472
           H(Gh)     -1.759823284542     0.365247325337     2.540869362472
           C(Gh)     -0.492701309542    -1.205997661663     1.722277633472
           H(Gh)     -0.735365855542    -1.850153786663     0.878917959472
           H(Gh)     -0.807807536542    -1.733400075663     2.621364053472

  Running in c1 symmetry.

  Nuclear repulsion =  357.041693213196709

  Charge       = 0
  Multiplicity = 1
  Electrons    = 58
  Nalpha       = 29
  Nbeta        = 29

  ==> Algorithm <==

  SCF Algorithm Type is DF.
  DIIS enabled.
  MOM disabled.
  Fractional occupation disabled.
  Guess Type is CORE.
  Energy threshold   = 1.00e-08
  Density threshold  = 1.00e-08
  Integral threshold = 0.00e+00

  ==> Primary Basis <==

  Basis Set: AUG-CC-PVTZ
    Number of shells: 308
    Number of basis function: 920
    Number of Cartesian functions: 1065
    Spherical Harmonics?: true
    Max angular momentum: 3

  ==> Pre-Iterations <==

   -------------------------------------------------------
    Irrep   Nso     Nmo     Nalpha   Nbeta   Ndocc  Nsocc
   -------------------------------------------------------
     A        920     920       0       0       0       0
   -------------------------------------------------------
    Total     920     920      29      29      29       0
   -------------------------------------------------------

 OEINTS: Wrapper to libmints.
   by Justin Turney

   Calculation information:
      Number of atoms:                  27
      Number of AO shells:             308
      Number of SO shells:             308
      Number of primitives:            544
      Number of atomic orbitals:      1065
      Number of basis functions:       920

      Number of irreps:                  1
      Number of functions per irrep: [ 920 ]

      Overlap, kinetic, potential, dipole, and quadrupole integrals
        stored in file 35.

  ==> Integral Setup <==

  ==> DFJK: Density-Fitted J/K Matrices <==

    J tasked:                  Yes
    K tasked:                  Yes
    wK tasked:                  No
    OpenMP threads:              8
    Integrals threads:           8
    Memory (MB):             25749
    Algorithm:                Core
    Integral Cache:           LOAD
    Schwarz Cutoff:          0E+00
    Fitting Condition:       1E-12

   => Auxiliary Basis Set <=

  Basis Set: aug-cc-pvtz-jkfit
    Number of shells: 586
    Number of basis function: 1996
    Number of Cartesian functions: 2473
    Spherical Harmonics?: true
    Max angular momentum: 4

  Minimum eigenvalue in the overlap matrix is 4.0197434818E-07.
  Using Symmetric Orthogonalization.
  SCF Guess: Core (One-Electron) Hamiltonian.

  Guess energy:  -323.99426695436739

  ==> Iterations <==

                        Total Energy        Delta E     RMS |[F,P]|

   @RHF iter   1:  -319.55362787000024   -3.19554e+02   1.69630e-02 
   @RHF iter   2:  -286.78016305407789    3.27735e+01   1.02481e-02 DIIS
   @RHF iter   3:  -297.78984760884362   -1.10097e+01   1.21590e-02 DIIS
   @RHF iter   4:  -391.73526636722215   -9.39454e+01   5.85231e-03 DIIS
   @RHF iter   5:  -389.03174427688202    2.70352e+00   5.55531e-03 DIIS
   @RHF iter   6:  -409.78334067016874   -2.07516e+01   2.53125e-03 DIIS
   @RHF iter   7:  -412.41427173787758   -2.63093e+00   6.06215e-04 DIIS
   @RHF iter   8:  -412.58634004735006   -1.72068e-01   2.42885e-04 DIIS
   @RHF iter   9:  -412.61611268797935   -2.97726e-02   1.04264e-04 DIIS
   @RHF iter  10:  -412.62320911952304   -7.09643e-03   4.50900e-05 DIIS
   @RHF iter  11:  -412.62466352636204   -1.45441e-03   2.42843e-05 DIIS
   @RHF iter  12:  -412.62530937651877   -6.45850e-04   8.53953e-06 DIIS
   @RHF iter  13:  -412.62537132469856   -6.19482e-05   3.42340e-06 DIIS
   @RHF iter  14:  -412.62537637249693   -5.04780e-06   8.60860e-07 DIIS
   @RHF iter  15:  -412.62537680296555   -4.30469e-07   2.16967e-07 DIIS
   @RHF iter  16:  -412.62537683531889   -3.23533e-08   8.59403e-08 DIIS
   @RHF iter  17:  -412.62537684070082   -5.38193e-09   3.16829e-08 DIIS
   @RHF iter  18:  -412.62537684178903   -1.08821e-09   1.29592e-08 DIIS
   @RHF iter  19:  -412.62537684197457   -1.85537e-10   4.25116e-09 DIIS

  ==> Post-Iterations <==

	Orbital Energies (a.u.)
	-----------------------

	Doubly Occupied:                                                      

	   1A    -20.547944     2A    -20.542418     3A    -15.645217  
	   4A    -15.628062     5A    -11.419595     6A    -11.381599  
	   7A    -11.341476     8A    -11.256242     9A     -1.437073  
	  10A     -1.399039    11A     -1.314218    12A     -1.246362  
	  13A     -1.089200    14A     -0.934114    15A     -0.902259  
	  16A     -0.807681    17A     -0.765782    18A     -0.714983  
	  19A     -0.678293    20A     -0.669639    21A     -0.653784  
	  22A     -0.615822    23A     -0.602375    24A     -0.571567  
	  25A     -0.526749    26A     -0.484634    27A     -0.450159  
	  28A     -0.437748    29A     -0.369833  

	Virtual:                                                              

	  30A      0.011585    31A      0.025774    32A      0.030678  
	  33A      0.034012    34A      0.044184    35A      0.044894  
	  36A      0.047806    37A      0.053865    38A      0.056904  
	  39A      0.066126    40A      0.068128    41A      0.074136  
	  42A      0.077348    43A      0.078426    44A      0.080134  
	  45A      0.082107    46A      0.090306    47A      0.092545  
	  48A      0.099321    49A      0.102881    50A      0.105765  
	  51A      0.111762    52A      0.114546    53A      0.121895  
	  54A      0.125261    55A      0.128459    56A      0.131809  
	  57A      0.133483    58A      0.138183    59A      0.142594  
	  60A      0.144513    61A      0.147238    62A      0.148837  
	  63A      0.151195    64A      0.152099    65A      0.155758  
	  66A      0.158853    67A      0.161386    68A      0.174998  
	  69A      0.177999    70A      0.179839    71A      0.183757  
	  72A      0.186540    73A      0.187776    74A      0.190879  
	  75A      0.193442    76A      0.194750    77A      0.197388  
	  78A      0.203036    79A      0.210266    80A      0.216199  
	  81A      0.218431    82A      0.230985    83A      0.236684  
	  84A      0.239075    85A      0.245233    86A      0.250488  
	  87A      0.258286    88A      0.267022    89A      0.270353  
	  90A      0.276845    91A      0.280171    92A      0.283185  
	  93A      0.289448    94A      0.291984    95A      0.292941  
	  96A      0.300370    97A      0.302673    98A      0.310221  
	  99A      0.317606   100A      0.321924   101A      0.325437  
	 102A      0.329020   103A      0.332788   104A      0.334623  
	 105A      0.338696   106A      0.341637   107A      0.348183  
	 108A      0.349845   109A      0.359514   110A      0.359881  
	 111A      0.361462   112A      0.367712   113A      0.371443  
	 114A      0.376797   115A      0.378851   116A      0.382006  
	 117A      0.383816   118A      0.388416   119A      0.390601  
	 120A      0.392995   121A      0.395733   122A      0.397512  
	 123A      0.408813   124A      0.410941   125A      0.412414  
	 126A      0.414127   127A      0.417700   128A      0.425766  
	 129A      0.428168   130A      0.431734   131A      0.440874  
	 132A      0.442981   133A      0.447550   134A      0.448077  
	 135A      0.455955   136A      0.460871   137A      0.466886  
	 138A      0.470054   139A      0.476544   140A      0.477621  
	 141A      0.485306   142A      0.488565   143A      0.490232  
	 144A      0.494775   145A      0.501732   146A      0.503317  
	 147A      0.506520   148A      0.509687   149A      0.514100  
	 150A      0.518663   151A      0.523167   152A      0.527682  
	 153A      0.531902   154A      0.532685   155A      0.538503  
	 156A      0.542929   157A      0.548669   158A      0.551172  
	 159A      0.560241   160A      0.563316   161A      0.570270  
	 162A      0.576846   163A      0.582910   164A      0.583217  
	 165A      0.591949   166A      0.595684   167A      0.599207  
	 168A      0.602723   169A      0.606365   170A      0.610202  
	 171A      0.623317   172A      0.623718   173A      0.629558  
	 174A      0.634501   175A      0.637753   176A      0.644103  
	 177A      0.649610   178A      0.651215   179A      0.658256  
	 180A      0.659968   181A      0.666740   182A      0.673103  
	 183A      0.678751   184A      0.679974   185A      0.689503  
	 186A      0.692459   187A      0.696404   188A      0.697699  
	 189A      0.704631   190A      0.707045   191A      0.713899  
	 192A      0.716268   193A      0.721348   194A      0.723002  
	 195A      0.729583   196A      0.731353   197A      0.735986  
	 198A      0.739562   199A      0.744371   200A      0.745750  
	 201A      0.753224   202A      0.757806   203A      0.763176  
	 204A      0.768242   205A      0.771663   206A      0.778205  
	 207A      0.785106   208A      0.791525   209A      0.793591  
	 210A      0.795383   211A      0.798748   212A      0.804188  
	 213A      0.805367   214A      0.816451   215A      0.823531  
	 216A      0.829336   217A      0.834379   218A      0.835806  
	 219A      0.842959   220A      0.851701   221A      0.857739  
	 222A      0.859341   223A      0.862837   224A      0.866672  
	 225A      0.873817   226A      0.879635   227A      0.884495  
	 228A      0.884723   229A      0.894733   230A      0.903600  
	 231A      0.908716   232A      0.911712   233A      0.920236  
	 234A      0.925894   235A      0.930711   236A      0.932214  
	 237A      0.937742   238A      0.945060   239A      0.956228  
	 240A      0.958491   241A      0.966023   242A      0.971434  
	 243A      0.983900   244A      0.988648   245A      0.997062  
	 246A      1.000073   247A      1.007364   248A      1.012084  
	 249A      1.015533   250A      1.026153   251A      1.032433  
	 252A      1.034130   253A      1.042402   254A      1.055173  
	 255A      1.058557   256A      1.060208   257A      1.068571  
	 258A      1.074534   259A      1.087884   260A      1.088466  
	 261A      1.093938   262A      1.096726   263A      1.099289  
	 264A      1.104841   265A      1.118583   266A      1.124070  
	 267A      1.124409   268A      1.134019   269A      1.135280  
	 270A      1.138932   271A      1.145060   272A      1.152893  
	 273A      1.159178   274A      1.163325   275A      1.167888  
	 276A      1.176760   277A      1.178362   278A      1.181313  
	 279A      1.186149   280A      1.188956   281A      1.196591  
	 282A      1.202712   283A      1.204707   284A      1.207533  
	 285A      1.209908   286A      1.212325   287A      1.222711  
	 288A      1.227091   289A      1.234254   290A      1.244159  
	 291A      1.252606   292A      1.255465   293A      1.262402  
	 294A      1.270027   295A      1.279267   296A      1.281768  
	 297A      1.286149   298A      1.287518   299A      1.297082  
	 300A      1.303368   301A      1.310684   302A      1.311567  
	 303A      1.316195   304A      1.320971   305A      1.328765  
	 306A      1.328887   307A      1.339325   308A      1.343689  
	 309A      1.346068   310A      1.350703   311A      1.355453  
	 312A      1.365168   313A      1.368735   314A      1.371268  
	 315A      1.375334   316A      1.378588   317A      1.382430  
	 318A      1.385327   319A      1.397909   320A      1.404662  
	 321A      1.406392   322A      1.410425   323A      1.420997  
	 324A      1.432238   325A      1.433223   326A      1.438189  
	 327A      1.439794   328A      1.444294   329A      1.450525  
	 330A      1.459313   331A      1.463147   332A      1.468262  
	 333A      1.475284   334A      1.480384   335A      1.484167  
	 336A      1.491020   337A      1.495027   338A      1.495861  
	 339A      1.505513   340A      1.509629   341A      1.514966  
	 342A      1.522169   343A      1.526963   344A      1.534138  
	 345A      1.542871   346A      1.549881   347A      1.552134  
	 348A      1.557766   349A      1.566708   350A      1.570909  
	 351A      1.581290   352A      1.583907   353A      1.597100  
	 354A      1.598847   355A      1.602845   356A      1.606582  
	 357A      1.613081   358A      1.621000   359A      1.623553  
	 360A      1.628410   361A      1.639246   362A      1.646900  
	 363A      1.653476   364A      1.655367   365A      1.660519  
	 366A      1.663989   367A      1.670837   368A      1.681351  
	 369A      1.688958   370A      1.693484   371A      1.699378  
	 372A      1.702227   373A      1.708895   374A      1.717869  
	 375A      1.727094   376A      1.730667   377A      1.740239  
	 378A      1.742596   379A      1.749913   380A      1.756424  
	 381A      1.760235   382A      1.765598   383A      1.776675  
	 384A      1.777624   385A      1.788905   386A      1.793644  
	 387A      1.797321   388A      1.805113   389A      1.806450  
	 390A      1.818010   391A      1.825559   392A      1.830135  
	 393A      1.838476   394A      1.847079   395A      1.852998  
	 396A      1.865737   397A      1.876418   398A      1.883388  
	 399A      1.888897   400A      1.893890   401A      1.895915  
	 402A      1.906074   403A      1.910611   404A      1.917324  
	 405A      1.924533   406A      1.937870   407A      1.943477  
	 408A      1.952400   409A      1.955341   410A      1.962572  
	 411A      1.972890   412A      1.984209   413A      1.988027  
	 414A      2.001854   415A      2.006018   416A      2.016800  
	 417A      2.018736   418A      2.029172   419A      2.032305  
	 420A      2.046404   421A      2.051247   422A      2.067003  
	 423A      2.071425   424A      2.079581   425A      2.087795  
	 426A      2.093374   427A      2.094691   428A      2.097682  
	 429A      2.103333   430A      2.109853   431A      2.117499  
	 432A      2.121364   433A      2.127131   434A      2.140540  
	 435A      2.151903   436A      2.157805   437A      2.167596  
	 438A      2.169092   439A      2.176789   440A      2.187700  
	 441A      2.192799   442A      2.197094   443A      2.200999  
	 444A      2.214136   445A      2.218907   446A      2.228275  
	 447A      2.241884   448A      2.243781   449A      2.257388  
	 450A      2.265686   451A      2.275658   452A      2.279634  
	 453A      2.284277   454A      2.296318   455A      2.301037  
	 456A      2.311585   457A      2.317182   458A      2.320743  
	 459A      2.324244   460A      2.333555   461A      2.347074  
	 462A      2.353845   463A      2.363477   464A      2.368268  
	 465A      2.379235   466A      2.390493   467A      2.391872  
	 468A      2.405371   469A      2.413785   470A      2.414677  
	 471A      2.422781   472A      2.428707   473A      2.441839  
	 474A      2.451086   475A      2.462748   476A      2.472579  
	 477A      2.477064   478A      2.488977   479A      2.499894  
	 480A      2.509647   481A      2.513571   482A      2.517967  
	 483A      2.530535   484A      2.537489   485A      2.538307  
	 486A      2.548820   487A      2.563462   488A      2.570906  
	 489A      2.575005   490A      2.577795   491A      2.587815  
	 492A      2.598212   493A      2.601865   494A      2.608970  
	 495A      2.613951   496A      2.623827   497A      2.654195  
	 498A      2.657824   499A      2.667779   500A      2.675369  
	 501A      2.682767   502A      2.690504   503A      2.694644  
	 504A      2.709407   505A      2.712909   506A      2.716733  
	 507A      2.721591   508A      2.729448   509A      2.731533  
	 510A      2.744389   511A      2.753108   512A      2.762604  
	 513A      2.771516   514A      2.775826   515A      2.794217  
	 516A      2.804727   517A      2.812049   518A      2.818460  
	 519A      2.824093   520A      2.831148   521A      2.842492  
	 522A      2.853737   523A      2.856617   524A      2.865155  
	 525A      2.879724   526A      2.886054   527A      2.897317  
	 528A      2.900255   529A      2.910235   530A      2.924988  
	 531A      2.934137   532A      2.943666   533A      2.950014  
	 534A      2.968427   535A      2.972121   536A      2.972254  
	 537A      2.991955   538A      2.999262   539A      3.002711  
	 540A      3.025152   541A      3.037762   542A      3.039603  
	 543A      3.047813   544A      3.051799   545A      3.060845  
	 546A      3.072567   547A      3.084211   548A      3.097575  
	 549A      3.101077   550A      3.110188   551A      3.134925  
	 552A      3.139095   553A      3.157654   554A      3.167125  
	 555A      3.177385   556A      3.186099   557A      3.205990  
	 558A      3.221350   559A      3.226235   560A      3.259431  
	 561A      3.261486   562A      3.271282   563A      3.285387  
	 564A      3.295863   565A      3.338957   566A      3.349511  
	 567A      3.361529   568A      3.379080   569A      3.402881  
	 570A      3.418054   571A      3.444942   572A      3.469283  
	 573A      3.477944   574A      3.488047   575A      3.509762  
	 576A      3.518868   577A      3.543511   578A      3.558000  
	 579A      3.585831   580A      3.588235   581A      3.609607  
	 582A      3.627125   583A      3.655508   584A      3.671798  
	 585A      3.694159   586A      3.701404   587A      3.730824  
	 588A      3.759240   589A      3.770830   590A      3.778907  
	 591A      3.791970   592A      3.815413   593A      3.821953  
	 594A      3.830998   595A      3.855944   596A      3.874639  
	 597A      3.908465   598A      3.918239   599A      3.922235  
	 600A      3.938827   601A      3.943949   602A      3.954485  
	 603A      3.992929   604A      3.996367   605A      4.005180  
	 606A      4.022444   607A      4.054547   608A      4.066085  
	 609A      4.077478   610A      4.084652   611A      4.112871  
	 612A      4.127029   613A      4.145995   614A      4.162971  
	 615A      4.177199   616A      4.190265   617A      4.200593  
	 618A      4.206776   619A      4.215552   620A      4.218842  
	 621A      4.233306   622A      4.245726   623A      4.261893  
	 624A      4.271992   625A      4.276074   626A      4.289969  
	 627A      4.296629   628A      4.314942   629A      4.322317  
	 630A      4.328096   631A      4.335793   632A      4.345939  
	 633A      4.354839   634A      4.370372   635A      4.378115  
	 636A      4.394795   637A      4.401013   638A      4.404772  
	 639A      4.409115   640A      4.423440   641A      4.430682  
	 642A      4.436305   643A      4.453324   644A      4.462005  
	 645A      4.479074   646A      4.487804   647A      4.489894  
	 648A      4.498857   649A      4.504746   650A      4.507522  
	 651A      4.517950   652A      4.538306   653A      4.544214  
	 654A      4.551856   655A      4.558700   656A      4.571080  
	 657A      4.583479   658A      4.596524   659A      4.628958  
	 660A      4.630158   661A      4.635621   662A      4.642303  
	 663A      4.653550   664A      4.667292   665A      4.684284  
	 666A      4.698171   667A      4.707043   668A      4.712000  
	 669A      4.716532   670A      4.735080   671A      4.746521  
	 672A      4.766270   673A      4.772506   674A      4.772945  
	 675A      4.784508   676A      4.789069   677A      4.803967  
	 678A      4.825663   679A      4.833039   680A      4.834725  
	 681A      4.851537   682A      4.859529   683A      4.866621  
	 684A      4.874553   685A      4.888277   686A      4.893783  
	 687A      4.903163   688A      4.914792   689A      4.928977  
	 690A      4.940129   691A      4.944105   692A      4.963192  
	 693A      4.967185   694A      4.973017   695A      4.987592  
	 696A      4.994450   697A      4.996861   698A      5.008578  
	 699A      5.013069   700A      5.031123   701A      5.037681  
	 702A      5.042934   703A      5.053900   704A      5.065093  
	 705A      5.081481   706A      5.085368   707A      5.100051  
	 708A      5.111073   709A      5.116412   710A      5.128751  
	 711A      5.136210   712A      5.145422   713A      5.149454  
	 714A      5.151846   715A      5.174651   716A      5.183255  
	 717A      5.192906   718A      5.203406   719A      5.210363  
	 720A      5.215632   721A      5.231955   722A      5.258813  
	 723A      5.264651   724A      5.270417   725A      5.282258  
	 726A      5.299276   727A      5.316976   728A      5.326700  
	 729A      5.333583   730A      5.338535   731A      5.344812  
	 732A      5.365409   733A      5.382133   734A      5.388488  
	 735A      5.408046   736A      5.414042   737A      5.425535  
	 738A      5.438390   739A      5.454027   740A      5.464515  
	 741A      5.478822   742A      5.489866   743A      5.512658  
	 744A      5.514430   745A      5.523034   746A      5.533588  
	 747A      5.548077   748A      5.564084   749A      5.580842  
	 750A      5.586906   751A      5.590949   752A      5.594704  
	 753A      5.604660   754A      5.623552   755A      5.635663  
	 756A      5.642784   757A      5.653575   758A      5.655339  
	 759A      5.671457   760A      5.682414   761A      5.693325  
	 762A      5.702247   763A      5.723151   764A      5.729060  
	 765A      5.743975   766A      5.753006   767A      5.762667  
	 768A      5.773728   769A      5.793862   770A      5.808525  
	 771A      5.813828   772A      5.822797   773A      5.830826  
	 774A      5.838576   775A      5.852670   776A      5.863276  
	 777A      5.868823   778A      5.877232   779A      5.880484  
	 780A      5.903773   781A      5.910810   782A      5.922707  
	 783A      5.943912   784A      5.946869   785A      5.951081  
	 786A      5.958789   787A      5.974841   788A      5.998646  
	 789A      6.016687   790A      6.028367   791A      6.046898  
	 792A      6.061771   793A      6.076930   794A      6.087448  
	 795A      6.108504   796A      6.121071   797A      6.145110  
	 798A      6.151504   799A      6.164688   800A      6.165176  
	 801A      6.176511   802A      6.201931   803A      6.217622  
	 804A      6.241950   805A      6.255532   806A      6.262850  
	 807A      6.269067   808A      6.279365   809A      6.287163  
	 810A      6.304405   811A      6.325707   812A      6.338174  
	 813A      6.348167   814A      6.378700   815A      6.380021  
	 816A      6.426926   817A      6.442627   818A      6.454165  
	 819A      6.471961   820A      6.488318   821A      6.507791  
	 822A      6.533335   823A      6.554439   824A      6.560911  
	 825A      6.591206   826A      6.645780   827A      6.675336  
	 828A      6.701357   829A      6.717297   830A      6.721247  
	 831A      6.745125   832A      6.776531   833A      6.831709  
	 834A      6.834726   835A      6.877428   836A      6.889486  
	 837A      6.897150   838A      6.911317   839A      6.935936  
	 840A      6.959072   841A      6.980993   842A      6.993882  
	 843A      7.022721   844A      7.039329   845A      7.073444  
	 846A      7.087866   847A      7.117075   848A      7.154219  
	 849A      7.173577   850A      7.182143   851A      7.203862  
	 852A      7.251598   853A      7.273433   854A      7.305050  
	 855A      7.326530   856A      7.383606   857A      7.428378  
	 858A      7.478649   859A      7.486836   860A      7.499551  
	 861A      7.528567   862A      7.549005   863A      7.564460  
	 864A      7.587071   865A      7.605697   866A      7.620159  
	 867A      7.660921   868A      7.687178   869A      7.698897  
	 870A      7.729692   871A      7.769780   872A      7.811663  
	 873A      7.837426   874A      7.847216   875A      7.883532  
	 876A      7.897074   877A      7.952811   878A      7.968194  
	 879A      7.987476   880A      8.025075   881A      8.050914  
	 882A      8.075232   883A      8.092115   884A      8.107744  
	 885A      8.137073   886A      8.146392   887A      8.155844  
	 888A      8.194032   889A      8.201242   890A      8.214682  
	 891A      8.245132   892A      8.298922   893A      8.627494  
	 894A      8.689143   895A      8.723432   896A      8.799108  
	 897A      8.812324   898A      9.153438   899A      9.301519  
	 900A      9.370111   901A      9.509647   902A      9.801332  
	 903A     10.787945   904A     10.906856   905A     11.079514  
	 906A     11.138943   907A     11.363750   908A     17.319571  
	 909A     17.602514   910A     17.703424   911A     18.166655  
	 912A     19.056855   913A     20.922983   914A     21.453539  
	 915A     22.012741   916A     54.729223   917A     56.130323  
	 918A     57.607100   919A     58.065585   920A     58.850872  

	Final Occupation by Irrep:
	          A 
	DOCC [    29 ]

  Energy converged.

  @RHF Final Energy:  -412.62537684197457

   => Energetics <=

    Nuclear Repulsion Energy =            357.0416932131967087
    One-Electron Energy =               -1270.4664008584745716
    Two-Electron Energy =                 500.7993308033057360
    DFT Exchange-Correlation Energy =       0.0000000000000000
    Empirical Dispersion Energy =           0.0000000000000000
    Total Energy =                       -412.6253768419721268



Properties will be evaluated at   0.000000,   0.000000,   0.000000 Bohr
  ==> Properties <==


Properties computed using the SCF density density matrix
  Nuclear Dipole Moment: (a.u.)
     X:    -4.6766      Y:     5.5794      Z:  -121.4095

  Electronic Dipole Moment: (a.u.)
     X:     4.6981      Y:    -3.6578      Z:   120.9509

  Dipole Moment: (a.u.)
     X:     0.0214      Y:     1.9217      Z:    -0.4586     Total:     1.9758

  Dipole Moment: (Debye)
     X:     0.0545      Y:     4.8844      Z:    -1.1657     Total:     5.0219


  Saving occupied orbitals to File 180.

  Saving SAPT 2-MONOMER_A file.

*** tstop() called on node36.bme.utexas.edu at Mon Feb 24 11:43:15 2014
Module time:
	user time   =    1405.16 seconds =      23.42 minutes
	system time =      12.11 seconds =       0.20 minutes
	total time  =        199 seconds =       3.32 minutes
Total time:
	user time   =    3532.33 seconds =      58.87 minutes
	system time =      40.58 seconds =       0.68 minutes
	total time  =        511 seconds =       8.52 minutes

  //>>>>>>>>>>>>>>>>>>>>>>>>>>>>>>>>>>>//
  //            Monomer B HF           //
  //<<<<<<<<<<<<<<<<<<<<<<<<<<<<<<<<<<<//


  No DF_BASIS_SCF auxiliary basis selected, defaulting to aug-cc-pvtz-jkfit


*** tstart() called on node36.bme.utexas.edu
*** at Mon Feb 24 11:43:15 2014


         ---------------------------------------------------------
                                   SCF
            by Justin Turney, Rob Parrish, and Andy Simmonett
                              RHF Reference
                        8 Threads,  36000 MiB Core
         ---------------------------------------------------------

  ==> Geometry <==

    Molecular point group: c1
    Full point group: C1

    Geometry (in Angstrom), charge = 0, multiplicity = 1:

       Center              X                  Y                   Z       
    ------------   -----------------  -----------------  -----------------
           N(Gh)      0.180709755458    -0.876784853663    -0.898475308528
           H(Gh)      0.435377696458    -1.828848541663    -0.672553781528
           C(Gh)     -1.194069031542    -0.605780004663    -0.962838239528
           O(Gh)     -2.008666080542    -1.488360866663    -0.755421067528
           C(Gh)     -1.491734542542     0.779060067337    -1.284762209528
           H(Gh)     -2.521375755542     1.083554988337    -1.358427032528
           C(Gh)     -0.483132636542     1.650866847337    -1.487430889528
           H(Gh)     -0.653455058542     2.689547362337    -1.728485827528
           N(Gh)      0.830608699458     1.273895533337    -1.395491214528
           H(Gh)      1.574672719458     1.936783638337    -1.536361931528
           C(Gh)      1.239241637458    -0.012633732663    -1.086077751528
           O(Gh)      2.407284544458    -0.333811992663    -0.990442245528
           C          1.014244949458    -0.880644400663     1.785427651472
           H          1.468097458458    -0.972700639663     0.797445097472
           H          1.558747449458    -1.544624667663     2.454625323472
           C          1.068558420458     0.585307601337     2.218363633472
           H          2.026848411458     1.058206535337     2.007639344472
           H          0.880443134458     0.666945143337     3.291586765472
           C         -0.098793162542     1.198122078337     1.447592432472
           H          0.175511113458     1.286903681337     0.394120810472
           H         -0.383207586542     2.189263203337     1.799226446472
           C         -1.215737654542     0.160550169337     1.618620746472
           H         -1.941276933542     0.184164023337     0.807248834472
           H         -1.759823284542     0.365247325337     2.540869362472
           C         -0.492701309542    -1.205997661663     1.722277633472
           H         -0.735365855542    -1.850153786663     0.878917959472
           H         -0.807807536542    -1.733400075663     2.621364053472

  Running in c1 symmetry.

  Nuclear repulsion =  188.337285659554595

  Charge       = 0
  Multiplicity = 1
  Electrons    = 40
  Nalpha       = 20
  Nbeta        = 20

  ==> Algorithm <==

  SCF Algorithm Type is DF.
  DIIS enabled.
  MOM disabled.
  Fractional occupation disabled.
  Guess Type is CORE.
  Energy threshold   = 1.00e-08
  Density threshold  = 1.00e-08
  Integral threshold = 0.00e+00

  ==> Primary Basis <==

  Basis Set: AUG-CC-PVTZ
    Number of shells: 308
    Number of basis function: 920
    Number of Cartesian functions: 1065
    Spherical Harmonics?: true
    Max angular momentum: 3

  ==> Pre-Iterations <==

   -------------------------------------------------------
    Irrep   Nso     Nmo     Nalpha   Nbeta   Ndocc  Nsocc
   -------------------------------------------------------
     A        920     920       0       0       0       0
   -------------------------------------------------------
    Total     920     920      20      20      20       0
   -------------------------------------------------------

 OEINTS: Wrapper to libmints.
   by Justin Turney

   Calculation information:
      Number of atoms:                  27
      Number of AO shells:             308
      Number of SO shells:             308
      Number of primitives:            544
      Number of atomic orbitals:      1065
      Number of basis functions:       920

      Number of irreps:                  1
      Number of functions per irrep: [ 920 ]

      Overlap, kinetic, potential, dipole, and quadrupole integrals
        stored in file 35.

  ==> Integral Setup <==

  ==> DFJK: Density-Fitted J/K Matrices <==

    J tasked:                  Yes
    K tasked:                  Yes
    wK tasked:                  No
    OpenMP threads:              8
    Integrals threads:           8
    Memory (MB):             25749
    Algorithm:                Core
    Integral Cache:           LOAD
    Schwarz Cutoff:          0E+00
    Fitting Condition:       1E-12

   => Auxiliary Basis Set <=

  Basis Set: aug-cc-pvtz-jkfit
    Number of shells: 586
    Number of basis function: 1996
    Number of Cartesian functions: 2473
    Spherical Harmonics?: true
    Max angular momentum: 4

  Minimum eigenvalue in the overlap matrix is 4.0197434818E-07.
  Using Symmetric Orthogonalization.
  SCF Guess: Core (One-Electron) Hamiltonian.

  Guess energy:  -160.74425392921984

  ==> Iterations <==

                        Total Energy        Delta E     RMS |[F,P]|

   @RHF iter   1:  -140.62746532137510   -1.40627e+02   1.16518e-02 
   @RHF iter   2:  -119.08848802630234    2.15390e+01   5.93664e-03 DIIS
   @RHF iter   3:  -184.33458477344368   -6.52461e+01   4.77140e-03 DIIS
   @RHF iter   4:  -193.18980678044596   -8.85522e+00   1.93489e-03 DIIS
   @RHF iter   5:  -195.15426325048526   -1.96446e+00   3.40582e-04 DIIS
   @RHF iter   6:  -195.22663294538131   -7.23697e-02   7.37728e-05 DIIS
   @RHF iter   7:  -195.22986235676581   -3.22941e-03   2.36230e-05 DIIS
   @RHF iter   8:  -195.23021381328249   -3.51457e-04   7.24956e-06 DIIS
   @RHF iter   9:  -195.23025419269879   -4.03794e-05   1.83901e-06 DIIS
   @RHF iter  10:  -195.23025681774595   -2.62505e-06   2.38730e-07 DIIS
   @RHF iter  11:  -195.23025684655050   -2.88045e-08   1.05371e-07 DIIS
   @RHF iter  12:  -195.23025685167789   -5.12739e-09   3.15703e-08 DIIS
   @RHF iter  13:  -195.23025685220944   -5.31543e-10   2.18652e-09 DIIS

  ==> Post-Iterations <==

	Orbital Energies (a.u.)
	-----------------------

	Doubly Occupied:                                                      

	   1A    -11.210530     2A    -11.210129     3A    -11.210124  
	   4A    -11.209512     5A    -11.209374     6A     -1.116063  
	   7A     -0.956547     8A     -0.955966     9A     -0.776688  
	  10A     -0.767347    11A     -0.649868    12A     -0.644584  
	  13A     -0.569562    14A     -0.567615    15A     -0.475237  
	  16A     -0.474457    17A     -0.463583    18A     -0.459996  
	  19A     -0.459453    20A     -0.448562  

	Virtual:                                                              

	  21A      0.020948    22A      0.031452    23A      0.032153  
	  24A      0.033610    25A      0.045575    26A      0.046454  
	  27A      0.049816    28A      0.050422    29A      0.053820  
	  30A      0.067063    31A      0.069992    32A      0.074077  
	  33A      0.077965    34A      0.080208    35A      0.084393  
	  36A      0.085029    37A      0.096237    38A      0.101377  
	  39A      0.105945    40A      0.109739    41A      0.115125  
	  42A      0.120077    43A      0.122977    44A      0.125150  
	  45A      0.128019    46A      0.128553    47A      0.132628  
	  48A      0.136366    49A      0.138626    50A      0.142561  
	  51A      0.144087    52A      0.147805    53A      0.150233  
	  54A      0.152480    55A      0.161875    56A      0.166173  
	  57A      0.170767    58A      0.178178    59A      0.178971  
	  60A      0.179325    61A      0.185457    62A      0.187351  
	  63A      0.188515    64A      0.195338    65A      0.195822  
	  66A      0.199945    67A      0.206214    68A      0.210001  
	  69A      0.217471    70A      0.224441    71A      0.225504  
	  72A      0.236951    73A      0.244420    74A      0.245554  
	  75A      0.249325    76A      0.256695    77A      0.257055  
	  78A      0.260139    79A      0.267089    80A      0.270361  
	  81A      0.273166    82A      0.275018    83A      0.280932  
	  84A      0.290269    85A      0.291957    86A      0.300095  
	  87A      0.304241    88A      0.312988    89A      0.316062  
	  90A      0.319010    91A      0.324016    92A      0.329151  
	  93A      0.331963    94A      0.337859    95A      0.338825  
	  96A      0.343261    97A      0.349154    98A      0.351809  
	  99A      0.357181   100A      0.361553   101A      0.362691  
	 102A      0.368746   103A      0.372424   104A      0.375912  
	 105A      0.380520   106A      0.384272   107A      0.389185  
	 108A      0.392254   109A      0.397067   110A      0.399875  
	 111A      0.405239   112A      0.409411   113A      0.411505  
	 114A      0.415309   115A      0.422134   116A      0.425556  
	 117A      0.430072   118A      0.436732   119A      0.438719  
	 120A      0.443206   121A      0.447724   122A      0.451029  
	 123A      0.457496   124A      0.459561   125A      0.462425  
	 126A      0.464678   127A      0.466266   128A      0.473592  
	 129A      0.482068   130A      0.486069   131A      0.488767  
	 132A      0.495643   133A      0.498307   134A      0.501729  
	 135A      0.502897   136A      0.507071   137A      0.508517  
	 138A      0.519155   139A      0.522679   140A      0.526360  
	 141A      0.530760   142A      0.535435   143A      0.540096  
	 144A      0.541157   145A      0.547041   146A      0.548482  
	 147A      0.553015   148A      0.557036   149A      0.562219  
	 150A      0.566281   151A      0.567432   152A      0.576159  
	 153A      0.577574   154A      0.578295   155A      0.583296  
	 156A      0.588468   157A      0.599274   158A      0.606699  
	 159A      0.611655   160A      0.613836   161A      0.618953  
	 162A      0.620522   163A      0.625201   164A      0.631668  
	 165A      0.635418   166A      0.641159   167A      0.645396  
	 168A      0.647241   169A      0.655050   170A      0.656173  
	 171A      0.661925   172A      0.663448   173A      0.667288  
	 174A      0.676161   175A      0.681682   176A      0.686987  
	 177A      0.688092   178A      0.690384   179A      0.698180  
	 180A      0.699797   181A      0.702973   182A      0.711231  
	 183A      0.717415   184A      0.719765   185A      0.721276  
	 186A      0.722650   187A      0.730425   188A      0.736364  
	 189A      0.739937   190A      0.742984   191A      0.748436  
	 192A      0.754366   193A      0.757117   194A      0.764253  
	 195A      0.773424   196A      0.775876   197A      0.779434  
	 198A      0.790005   199A      0.793411   200A      0.802687  
	 201A      0.805095   202A      0.813882   203A      0.818248  
	 204A      0.822879   205A      0.834187   206A      0.848237  
	 207A      0.854367   208A      0.860628   209A      0.865190  
	 210A      0.868654   211A      0.876267   212A      0.883754  
	 213A      0.890535   214A      0.892870   215A      0.900710  
	 216A      0.912182   217A      0.916186   218A      0.920884  
	 219A      0.927557   220A      0.930589   221A      0.933602  
	 222A      0.943192   223A      0.949476   224A      0.954718  
	 225A      0.957798   226A      0.963703   227A      0.968391  
	 228A      0.971511   229A      0.977083   230A      0.979674  
	 231A      0.988813   232A      0.991485   233A      0.995481  
	 234A      1.003108   235A      1.007049   236A      1.013128  
	 237A      1.018528   238A      1.019377   239A      1.026749  
	 240A      1.028739   241A      1.037580   242A      1.042610  
	 243A      1.043343   244A      1.052988   245A      1.055941  
	 246A      1.060290   247A      1.062873   248A      1.073915  
	 249A      1.075630   250A      1.081605   251A      1.085721  
	 252A      1.089241   253A      1.094484   254A      1.102595  
	 255A      1.104003   256A      1.112158   257A      1.115456  
	 258A      1.118326   259A      1.128222   260A      1.134070  
	 261A      1.137417   262A      1.142016   263A      1.152999  
	 264A      1.156004   265A      1.156847   266A      1.163666  
	 267A      1.166644   268A      1.172800   269A      1.174991  
	 270A      1.185005   271A      1.192113   272A      1.194199  
	 273A      1.200194   274A      1.207674   275A      1.208144  
	 276A      1.216801   277A      1.219300   278A      1.222529  
	 279A      1.229895   280A      1.235803   281A      1.238253  
	 282A      1.242407   283A      1.249170   284A      1.252164  
	 285A      1.257719   286A      1.267682   287A      1.272363  
	 288A      1.282011   289A      1.283827   290A      1.289746  
	 291A      1.294312   292A      1.297345   293A      1.302725  
	 294A      1.309580   295A      1.320666   296A      1.322185  
	 297A      1.330638   298A      1.332669   299A      1.342121  
	 300A      1.345578   301A      1.348551   302A      1.357624  
	 303A      1.363558   304A      1.373505   305A      1.377950  
	 306A      1.384110   307A      1.386295   308A      1.393291  
	 309A      1.399115   310A      1.402546   311A      1.413624  
	 312A      1.414502   313A      1.420942   314A      1.427563  
	 315A      1.435128   316A      1.440421   317A      1.444054  
	 318A      1.450447   319A      1.453618   320A      1.469961  
	 321A      1.478334   322A      1.482790   323A      1.488688  
	 324A      1.489032   325A      1.496845   326A      1.515597  
	 327A      1.524012   328A      1.525025   329A      1.529205  
	 330A      1.534707   331A      1.543971   332A      1.547089  
	 333A      1.551419   334A      1.559018   335A      1.566009  
	 336A      1.568384   337A      1.582048   338A      1.588288  
	 339A      1.591804   340A      1.600427   341A      1.604673  
	 342A      1.611408   343A      1.618035   344A      1.618745  
	 345A      1.626314   346A      1.628935   347A      1.637750  
	 348A      1.643855   349A      1.647174   350A      1.654690  
	 351A      1.656830   352A      1.663418   353A      1.667425  
	 354A      1.681344   355A      1.684300   356A      1.689780  
	 357A      1.698858   358A      1.703317   359A      1.704123  
	 360A      1.719841   361A      1.721245   362A      1.728588  
	 363A      1.737496   364A      1.740780   365A      1.754209  
	 366A      1.756120   367A      1.765513   368A      1.773050  
	 369A      1.777145   370A      1.784289   371A      1.789137  
	 372A      1.795612   373A      1.800722   374A      1.806358  
	 375A      1.813279   376A      1.823787   377A      1.829008  
	 378A      1.829782   379A      1.841277   380A      1.847763  
	 381A      1.857679   382A      1.865936   383A      1.868714  
	 384A      1.876238   385A      1.884709   386A      1.885825  
	 387A      1.889238   388A      1.893397   389A      1.900675  
	 390A      1.909452   391A      1.918126   392A      1.927326  
	 393A      1.930075   394A      1.937920   395A      1.943339  
	 396A      1.948831   397A      1.957290   398A      1.962289  
	 399A      1.971796   400A      1.978492   401A      1.979887  
	 402A      1.991520   403A      1.996493   404A      2.001795  
	 405A      2.011502   406A      2.018444   407A      2.022979  
	 408A      2.028465   409A      2.035487   410A      2.039454  
	 411A      2.044178   412A      2.053171   413A      2.061254  
	 414A      2.066777   415A      2.075263   416A      2.078905  
	 417A      2.089925   418A      2.105277   419A      2.112130  
	 420A      2.116193   421A      2.119712   422A      2.129572  
	 423A      2.134965   424A      2.140768   425A      2.146727  
	 426A      2.153912   427A      2.160189   428A      2.163236  
	 429A      2.178870   430A      2.187511   431A      2.201483  
	 432A      2.202358   433A      2.206170   434A      2.215622  
	 435A      2.224219   436A      2.235628   437A      2.242743  
	 438A      2.251499   439A      2.257445   440A      2.259239  
	 441A      2.277135   442A      2.279386   443A      2.292402  
	 444A      2.306853   445A      2.308747   446A      2.314766  
	 447A      2.323875   448A      2.327506   449A      2.333838  
	 450A      2.343105   451A      2.353829   452A      2.356807  
	 453A      2.372701   454A      2.375627   455A      2.378560  
	 456A      2.387433   457A      2.398526   458A      2.409432  
	 459A      2.419334   460A      2.428623   461A      2.431122  
	 462A      2.438083   463A      2.446719   464A      2.450303  
	 465A      2.459570   466A      2.466007   467A      2.471911  
	 468A      2.496815   469A      2.498039   470A      2.504818  
	 471A      2.509998   472A      2.526260   473A      2.538367  
	 474A      2.547189   475A      2.552810   476A      2.557451  
	 477A      2.565854   478A      2.575080   479A      2.590530  
	 480A      2.594834   481A      2.602729   482A      2.609706  
	 483A      2.616820   484A      2.638791   485A      2.643088  
	 486A      2.650107   487A      2.663115   488A      2.663645  
	 489A      2.673637   490A      2.692291   491A      2.696115  
	 492A      2.697850   493A      2.713815   494A      2.722904  
	 495A      2.726872   496A      2.733059   497A      2.740723  
	 498A      2.748657   499A      2.762648   500A      2.774111  
	 501A      2.783537   502A      2.793917   503A      2.796694  
	 504A      2.804084   505A      2.813639   506A      2.822540  
	 507A      2.825782   508A      2.835348   509A      2.848210  
	 510A      2.863731   511A      2.877141   512A      2.880242  
	 513A      2.888755   514A      2.902642   515A      2.916575  
	 516A      2.922877   517A      2.936348   518A      2.952828  
	 519A      2.954919   520A      2.963124   521A      2.974753  
	 522A      2.992242   523A      3.014769   524A      3.026129  
	 525A      3.049640   526A      3.055638   527A      3.063671  
	 528A      3.074277   529A      3.098291   530A      3.099894  
	 531A      3.113734   532A      3.131019   533A      3.142300  
	 534A      3.151007   535A      3.180195   536A      3.192327  
	 537A      3.202138   538A      3.207606   539A      3.213074  
	 540A      3.235309   541A      3.240014   542A      3.252744  
	 543A      3.289071   544A      3.301494   545A      3.306802  
	 546A      3.344261   547A      3.354574   548A      3.363211  
	 549A      3.370420   550A      3.401046   551A      3.411836  
	 552A      3.418725   553A      3.453913   554A      3.464610  
	 555A      3.474918   556A      3.511559   557A      3.514992  
	 558A      3.525871   559A      3.535376   560A      3.559159  
	 561A      3.564485   562A      3.579998   563A      3.602691  
	 564A      3.625739   565A      3.649263   566A      3.660289  
	 567A      3.665871   568A      3.686090   569A      3.701808  
	 570A      3.715058   571A      3.727195   572A      3.731918  
	 573A      3.756576   574A      3.760822   575A      3.772974  
	 576A      3.786787   577A      3.791161   578A      3.805714  
	 579A      3.815416   580A      3.829778   581A      3.846063  
	 582A      3.846662   583A      3.862542   584A      3.867077  
	 585A      3.871263   586A      3.894240   587A      3.897808  
	 588A      3.906874   589A      3.912829   590A      3.918585  
	 591A      3.937483   592A      3.952769   593A      3.958318  
	 594A      3.972616   595A      3.983716   596A      3.990113  
	 597A      4.000139   598A      4.017689   599A      4.028348  
	 600A      4.037162   601A      4.044329   602A      4.053509  
	 603A      4.061566   604A      4.067169   605A      4.079482  
	 606A      4.085774   607A      4.093173   608A      4.099860  
	 609A      4.111906   610A      4.125593   611A      4.136014  
	 612A      4.152562   613A      4.156857   614A      4.169630  
	 615A      4.171253   616A      4.184812   617A      4.190273  
	 618A      4.194045   619A      4.211210   620A      4.214452  
	 621A      4.236661   622A      4.251991   623A      4.260553  
	 624A      4.271752   625A      4.283178   626A      4.287029  
	 627A      4.292428   628A      4.307223   629A      4.315624  
	 630A      4.328537   631A      4.337815   632A      4.345036  
	 633A      4.361233   634A      4.365782   635A      4.371615  
	 636A      4.376905   637A      4.391038   638A      4.406892  
	 639A      4.425272   640A      4.437679   641A      4.453483  
	 642A      4.459983   643A      4.460950   644A      4.467775  
	 645A      4.482395   646A      4.492019   647A      4.506521  
	 648A      4.515999   649A      4.525274   650A      4.544035  
	 651A      4.555369   652A      4.559395   653A      4.571922  
	 654A      4.584948   655A      4.593604   656A      4.600185  
	 657A      4.606054   658A      4.608482   659A      4.636933  
	 660A      4.651372   661A      4.658094   662A      4.670931  
	 663A      4.674945   664A      4.695326   665A      4.705316  
	 666A      4.720972   667A      4.730051   668A      4.743522  
	 669A      4.756948   670A      4.771094   671A      4.785184  
	 672A      4.790128   673A      4.799811   674A      4.820425  
	 675A      4.826979   676A      4.835585   677A      4.837835  
	 678A      4.855644   679A      4.861137   680A      4.869155  
	 681A      4.890566   682A      4.894795   683A      4.907806  
	 684A      4.916168   685A      4.926161   686A      4.938890  
	 687A      4.964137   688A      4.966964   689A      4.971982  
	 690A      4.981164   691A      4.996265   692A      5.003821  
	 693A      5.012646   694A      5.018171   695A      5.022929  
	 696A      5.050997   697A      5.055003   698A      5.068790  
	 699A      5.074482   700A      5.081589   701A      5.088286  
	 702A      5.102013   703A      5.107887   704A      5.119714  
	 705A      5.131483   706A      5.146480   707A      5.156211  
	 708A      5.159703   709A      5.165648   710A      5.188342  
	 711A      5.195987   712A      5.207332   713A      5.221689  
	 714A      5.226580   715A      5.250043   716A      5.262625  
	 717A      5.274359   718A      5.277690   719A      5.281335  
	 720A      5.289719   721A      5.307675   722A      5.315135  
	 723A      5.336165   724A      5.346581   725A      5.350002  
	 726A      5.360418   727A      5.369650   728A      5.390621  
	 729A      5.394621   730A      5.401930   731A      5.417085  
	 732A      5.431757   733A      5.433140   734A      5.450797  
	 735A      5.452867   736A      5.471282   737A      5.476943  
	 738A      5.501697   739A      5.513832   740A      5.526655  
	 741A      5.536723   742A      5.537094   743A      5.552218  
	 744A      5.563300   745A      5.570413   746A      5.574365  
	 747A      5.580413   748A      5.607489   749A      5.617555  
	 750A      5.632408   751A      5.641174   752A      5.646750  
	 753A      5.658497   754A      5.665958   755A      5.671662  
	 756A      5.694969   757A      5.703098   758A      5.719820  
	 759A      5.727367   760A      5.740110   761A      5.748671  
	 762A      5.763642   763A      5.778253   764A      5.782796  
	 765A      5.813624   766A      5.821366   767A      5.845913  
	 768A      5.853301   769A      5.859244   770A      5.873076  
	 771A      5.874943   772A      5.892801   773A      5.899998  
	 774A      5.914638   775A      5.940671   776A      5.946368  
	 777A      5.959184   778A      5.972500   779A      5.981216  
	 780A      5.991198   781A      6.003802   782A      6.010210  
	 783A      6.023870   784A      6.037949   785A      6.039410  
	 786A      6.065799   787A      6.090076   788A      6.125024  
	 789A      6.145548   790A      6.157420   791A      6.166983  
	 792A      6.209643   793A      6.230669   794A      6.247151  
	 795A      6.269340   796A      6.283994   797A      6.296387  
	 798A      6.315981   799A      6.325444   800A      6.351027  
	 801A      6.394167   802A      6.411137   803A      6.429845  
	 804A      6.469120   805A      6.490917   806A      6.538802  
	 807A      6.546562   808A      6.577616   809A      6.596876  
	 810A      6.627967   811A      6.632682   812A      6.652270  
	 813A      6.684637   814A      6.701488   815A      6.745217  
	 816A      6.774870   817A      6.802178   818A      6.838242  
	 819A      6.854958   820A      6.864355   821A      6.891067  
	 822A      6.908767   823A      6.971592   824A      6.982655  
	 825A      7.017793   826A      7.042922   827A      7.048116  
	 828A      7.097159   829A      7.138308   830A      7.170097  
	 831A      7.195054   832A      7.233095   833A      7.313380  
	 834A      7.336203   835A      7.407182   836A      7.437131  
	 837A      7.491956   838A      7.520671   839A      7.550941  
	 840A      7.588650   841A      7.684080   842A      7.730835  
	 843A      7.734091   844A      7.752794   845A      7.776688  
	 846A      7.804510   847A      7.856786   848A      7.879067  
	 849A      7.890575   850A      7.900096   851A      7.939556  
	 852A      7.975483   853A      8.004782   854A      8.025948  
	 855A      8.050505   856A      8.079999   857A      8.096773  
	 858A      8.135344   859A      8.152660   860A      8.164817  
	 861A      8.250148   862A      8.356349   863A      8.381696  
	 864A      8.390940   865A      8.459642   866A      8.497257  
	 867A      8.554887   868A      8.687550   869A      8.799777  
	 870A      8.831412   871A      8.858185   872A      9.055976  
	 873A      9.119509   874A      9.217598   875A      9.285915  
	 876A      9.384829   877A      9.752221   878A      9.962325  
	 879A     10.014897   880A     10.092365   881A     10.128751  
	 882A     10.171222   883A     10.230584   884A     10.351084  
	 885A     10.404072   886A     10.458301   887A     10.534752  
	 888A     10.547353   889A     10.584923   890A     10.687932  
	 891A     10.786932   892A     11.245820   893A     11.397485  
	 894A     11.551912   895A     11.685397   896A     12.185253  
	 897A     12.299580   898A     12.346523   899A     12.399391  
	 900A     12.712986   901A     12.826265   902A     12.954753  
	 903A     13.101231   904A     13.671565   905A     13.871930  
	 906A     14.330156   907A     14.405983   908A     18.760274  
	 909A     19.412594   910A     20.170004   911A     20.415260  
	 912A     20.860520   913A     53.658351   914A     54.621223  
	 915A     56.800667   916A     58.384798   917A     63.257199  
	 918A     65.170901   919A     71.496310   920A     71.706327  

	Final Occupation by Irrep:
	          A 
	DOCC [    20 ]

  Energy converged.

  @RHF Final Energy:  -195.23025685220944

   => Energetics <=

    Nuclear Repulsion Energy =            188.3372856595545954
    One-Electron Energy =                -635.4646895366485069
    Two-Electron Energy =                 251.8971470248845606
    DFT Exchange-Correlation Energy =       0.0000000000000000
    Empirical Dispersion Energy =           0.0000000000000000
    Total Energy =                       -195.2302568522093509



Properties will be evaluated at   0.000000,   0.000000,   0.000000 Bohr
  ==> Properties <==


Properties computed using the SCF density density matrix
  Nuclear Dipole Moment: (a.u.)
     X:     4.0357      Y:    -2.2792      Z:   132.9361

  Electronic Dipole Moment: (a.u.)
     X:    -4.0313      Y:     2.2834      Z:  -132.9346

  Dipole Moment: (a.u.)
     X:     0.0044      Y:     0.0042      Z:     0.0015     Total:     0.0062

  Dipole Moment: (Debye)
     X:     0.0111      Y:     0.0106      Z:     0.0038     Total:     0.0158


  Saving occupied orbitals to File 180.

  Saving SAPT 2-MONOMER_B file.

*** tstop() called on node36.bme.utexas.edu at Mon Feb 24 11:45:26 2014
Module time:
	user time   =     894.34 seconds =      14.91 minutes
	system time =       8.45 seconds =       0.14 minutes
	total time  =        131 seconds =       2.18 minutes
Total time:
	user time   =    4426.69 seconds =      73.78 minutes
	system time =      49.03 seconds =       0.82 minutes
	total time  =        642 seconds =      10.70 minutes
  No DF_BASIS_SAPT auxiliary basis selected, defaulting to aug-cc-pvtz-ri

  //>>>>>>>>>>>>>>>>>>>>>>>>>>>>>>>>>>>//
  //               SAPT2+              //
  //<<<<<<<<<<<<<<<<<<<<<<<<<<<<<<<<<<<//


*** tstart() called on node36.bme.utexas.edu
*** at Mon Feb 24 11:45:26 2014

        SAPT2+  
    Ed Hohenstein
     6 June 2009

      Orbital Information
  --------------------------
    NSO        =       920
    NMO        =       920
    NRI        =      2022
    NOCC A     =        29
    NOCC B     =        20
    FOCC A     =         8
    FOCC B     =         5
    NVIR A     =       891
    NVIR B     =       900

    Estimated memory usage: 29451.6 MB

    Elst10,r            =    -0.053269915138 H
    Exch10 (S^2)        =     0.147714477144 H
    Exch10              =     0.151070732937 H
    Ind20,r (A<-B)      =    -0.015385263245 H
    Ind20,r (B<-A)      =    -0.050266397996 H
    Ind20,r             =    -0.065651661241 H
    Exch-Ind20,r (A<-B) =     0.012511197423 H
    Exch-Ind20,r (B<-A) =     0.045534244748 H
    Exch-Ind20,r        =     0.058045442171 H
    Disp20              =    -0.067306369040 H
    Exch-Disp20         =     0.013487979767 H
    Elst12,r            =    -0.005560914183 H
    Exch11              =     0.002716131407 H
    Exch12              =     0.004274397457 H
    Ind22               =    -0.004306527724 H
    Disp21              =     0.012100625293 H
    Disp22 (SDQ)        =    -0.000224544534 H

    (i =   1 of  15)      29495 seconds
    (i =   2 of  15)      58918 seconds
    (i =   3 of  15)      89080 seconds
    (i =   4 of  15)     123885 seconds
    (i =   5 of  15)     151360 seconds
    (i =   6 of  15)     178308 seconds
    (i =   7 of  15)     205237 seconds
    (i =   8 of  15)     232230 seconds
    (i =   9 of  15)     259019 seconds
    (i =  10 of  15)     285774 seconds
    (i =  11 of  15)     312669 seconds
    (i =  12 of  15)     339591 seconds
    (i =  13 of  15)     366598 seconds
    (i =  14 of  15)     393608 seconds
    (i =  15 of  15)     420513 seconds

    Disp220 (T)         =    -0.006752376395 H

    (i =   1 of  21)      14186 seconds
    (i =   2 of  21)      28647 seconds
    (i =   3 of  21)      42851 seconds
    (i =   4 of  21)      57032 seconds
    (i =   5 of  21)      71480 seconds
    (i =   6 of  21)      85732 seconds
    (i =   7 of  21)     100182 seconds
    (i =   8 of  21)     114192 seconds
    (i =   9 of  21)     128479 seconds
    (i =  10 of  21)     142784 seconds
    (i =  11 of  21)     156912 seconds
    (i =  12 of  21)     170997 seconds
    (i =  13 of  21)     185298 seconds
    (i =  14 of  21)     199595 seconds
    (i =  15 of  21)     213780 seconds
    (i =  16 of  21)     232367 seconds
    (i =  17 of  21)     249722 seconds
    (i =  18 of  21)     263894 seconds
    (i =  19 of  21)     277983 seconds
    (i =  20 of  21)     291950 seconds
    (i =  21 of  21)     307366 seconds

    Disp202 (T)         =    -0.004740884737 H

    Disp22 (T)          =    -0.011493261132 H

    SAPT Results  
  -----------------------------------------------------------------------
    Electrostatics         -58.83082932 mH     -36.91690429 kcal mol^-1
      Elst10,r             -53.26991514 mH     -33.42737781 kcal mol^-1
      Elst12,r              -5.56091418 mH      -3.48952648 kcal mol^-1

    Exchange               158.06126180 mH      99.18494336 kcal mol^-1
      Exch10               151.07073294 mH      94.79832009 kcal mol^-1
      Exch10(S^2)          147.71447714 mH      92.69223770 kcal mol^-1
      Exch11(S^2)            2.71613141 mH       1.70439826 kcal mol^-1
      Exch12(S^2)            4.27439746 mH       2.68222501 kcal mol^-1

    Induction              -13.45272374 mH      -8.44171195 kcal mol^-1
      Ind20,r              -65.65166124 mH     -41.19704112 kcal mol^-1
      Ind22                 -4.30652772 mH      -2.70238706 kcal mol^-1
      Exch-Ind20,r          58.04544217 mH      36.42406639 kcal mol^-1
      Exch-Ind22             3.80758539 mH       2.38929600 kcal mol^-1
      delta HF,r (2)        -5.34756234 mH      -3.35564617 kcal mol^-1

    Dispersion             -53.43556965 mH     -33.53132759 kcal mol^-1
      Disp20               -67.30636904 mH     -42.23538598 kcal mol^-1
      Disp21                12.10062529 mH       7.59325733 kcal mol^-1
      Disp22 (SDQ)          -0.22454453 mH      -0.14090383 kcal mol^-1
      Disp22 (T)           -11.49326113 mH      -7.21213055 kcal mol^-1
      Exch-Disp20           13.48797977 mH       8.46383544 kcal mol^-1

    Total HF                84.84703639 mH      53.24232138 kcal mol^-1
    Total SAPT0             31.02864712 mH      19.47077084 kcal mol^-1
    Total SAPT2             31.95931946 mH      20.05477658 kcal mol^-1
    Total SAPT2+            32.34213909 mH      20.29499953 kcal mol^-1

*** tstop() called on node36.bme.utexas.edu at Wed Mar  5 16:09:59 2014
Module time:
	user time   = 4282307.31 seconds =   71371.79 minutes
	system time =  655210.53 seconds =   10920.18 minutes
	total time  =     793473 seconds =   13224.55 minutes
Total time:
	user time   = 4286734.01 seconds =   71445.57 minutes
	system time =  655259.57 seconds =   10920.99 minutes
	total time  =     794115 seconds =   13235.25 minutes

*** PSI4 exiting successfully. Buy a developer a beer!
