    -----------------------------------------------------------------------
          PSI4: An Open-Source Ab Initio Electronic Structure Package
                              PSI 4.0.0-beta4 Driver

    J. M. Turney, A. C. Simmonett, R. M. Parrish, E. G. Hohenstein,
    F. A. Evangelista, J. T. Fermann, B. J. Mintz, L. A. Burns, J. J. Wilke,
    M. L. Abrams, N. J. Russ, M. L. Leininger, C. L. Janssen, E. T. Seidl,
    W. D. Allen, H. F. Schaefer, R. A. King, E. F. Valeev, C. D. Sherrill,
    and T. D. Crawford, WIREs Comput. Mol. Sci., (2011) (doi: 10.1002/wcms.93)

                         Additional Contributions by
    A. E. DePrince, M. Saitow, U. Bozkaya, A. Yu. Sokolov
    -----------------------------------------------------------------------

    Process ID:  47977
    PSI4DATADIR: /home/xzhu216/psi4/psi4-install/share/psi

    Using LocalCommunicator (Number of processes = 1)

    Memory level set to 256.000 MB

  ==> Input File <==

--------------------------------------------------------------------------
#psi4
#
memory 10 gb

molecule DMSO_DMSO {
0 1
    C    -2.107812000    -0.338729000    -0.096962000
    O    -1.410456000     1.092431000     2.026580000
    S    -2.470806000     0.107213000     1.605412000
    C    -1.971692000    -1.467623000     2.328997000
    H    -2.738713000    -1.173952000    -0.395754000
    H    -2.337846000     0.544109000    -0.687881000
    H    -1.051820000    -0.596401000    -0.159104000
    H    -2.624136000    -2.262987000     1.973913000
    H    -0.934246000    -1.654183000     2.058435000
    H    -2.060910000    -1.363510000     3.406945000
--
0 1
    C    -3.008034253     3.186561604     2.002922197
    O    -3.212385253     1.797498604    -0.250641803
    S    -2.720529253     3.138934604     0.224686197
    C    -0.926594253     3.007799604     0.340853197
    H    -2.602436253     4.112297604     2.407804197
    H    -4.085540253     3.160995604     2.143789197
    H    -2.533909253     2.312230604     2.446752197
    H    -0.525098253     3.914630604     0.789883197
    H    -0.694001253     2.125931604     0.936211197
    H    -0.554224253     2.902188604    -0.675011803
units angstrom
no_reorient  #important for SAPT in psi4, default
symmetry c1  #important for SAPT in psi4, default
}

set {
basis aug-cc-pVTZ
scf_type DF
guess GWH
freeze_core True
}
energy('sapt2+')
--------------------------------------------------------------------------

  Memory set to  10.000 GiB by Python script.

  //>>>>>>>>>>>>>>>>>>>>>>>>>>>>>>>>>>>//
  //              Dimer HF             //
  //<<<<<<<<<<<<<<<<<<<<<<<<<<<<<<<<<<<//


  No DF_BASIS_SCF auxiliary basis selected, defaulting to aug-cc-pvtz-jkfit


*** tstart() called on node36.bme.utexas.edu
*** at Fri Jun  6 16:41:39 2014


         ---------------------------------------------------------
                                   SCF
            by Justin Turney, Rob Parrish, and Andy Simmonett
                              RHF Reference
                        4 Threads,  10000 MiB Core
         ---------------------------------------------------------

  ==> Geometry <==

    Molecular point group: c1
    Full point group: C1

    Geometry (in Angstrom), charge = 0, multiplicity = 1:

       Center              X                  Y                   Z       
    ------------   -----------------  -----------------  -----------------
           C          0.193123858814    -1.715289259922    -1.097970280598
           O          0.890479858814    -0.284129259922     1.025571719402
           S         -0.169870141186    -1.269347259922     0.604403719402
           C          0.329243858814    -2.844183259922     1.327988719402
           H         -0.437777141186    -2.550512259922    -1.396762280598
           H         -0.036910141186    -0.832451259922    -1.688889280598
           H          1.249115858814    -1.972961259922    -1.160112280598
           H         -0.323200141186    -3.639547259922     0.972904719402
           H          1.366689858814    -3.030743259922     1.057426719402
           H          0.240025858814    -2.740070259922     2.405936719402
           C         -0.707098394186     1.810001344078     1.001913916402
           O         -0.911449394186     0.420938344078    -1.251650083598
           S         -0.419593394186     1.762374344078    -0.776322083598
           C          1.374341605814     1.631239344078    -0.660155083598
           H         -0.301500394186     2.735737344078     1.406795916402
           H         -1.784604394186     1.784435344078     1.142780916402
           H         -0.232973394186     0.935670344078     1.445743916402
           H          1.775837605814     2.538070344078    -0.211125083598
           H          1.606934605814     0.749371344078    -0.064797083598
           H          1.746711605814     1.525628344078    -1.676020083598

  Running in c1 symmetry.

  Nuclear repulsion =  643.183770227572836

  Charge       = 0
  Multiplicity = 1
  Electrons    = 84
  Nalpha       = 42
  Nbeta        = 42

  ==> Algorithm <==

  SCF Algorithm Type is DF.
  DIIS enabled.
  MOM disabled.
  Fractional occupation disabled.
  Guess Type is GWH.
  Energy threshold   = 1.00e-08
  Density threshold  = 1.00e-08
  Integral threshold = 0.00e+00

  ==> Primary Basis <==

  Basis Set: AUG-CC-PVTZ
    Number of shells: 224
    Number of basis function: 652
    Number of Cartesian functions: 748
    Spherical Harmonics?: true
    Max angular momentum: 3

  ==> Pre-Iterations <==

   -------------------------------------------------------
    Irrep   Nso     Nmo     Nalpha   Nbeta   Ndocc  Nsocc
   -------------------------------------------------------
     A        652     652       0       0       0       0
   -------------------------------------------------------
    Total     652     652      42      42      42       0
   -------------------------------------------------------

 OEINTS: Wrapper to libmints.
   by Justin Turney

   Calculation information:
      Number of atoms:                  20
      Number of AO shells:             224
      Number of SO shells:             224
      Number of primitives:            440
      Number of atomic orbitals:       748
      Number of basis functions:       652

      Number of irreps:                  1
      Number of functions per irrep: [ 652 ]

      Overlap, kinetic, potential, dipole, and quadrupole integrals
        stored in file 35.

  ==> Integral Setup <==

  ==> DFJK: Density-Fitted J/K Matrices <==

    J tasked:                  Yes
    K tasked:                  Yes
    wK tasked:                  No
    OpenMP threads:              4
    Integrals threads:           4
    Memory (MB):              7152
    Algorithm:                Core
    Integral Cache:           SAVE
    Schwarz Cutoff:          0E+00
    Fitting Condition:       1E-12

   => Auxiliary Basis Set <=

  Basis Set: aug-cc-pvtz-jkfit
    Number of shells: 432
    Number of basis function: 1468
    Number of Cartesian functions: 1806
    Spherical Harmonics?: true
    Max angular momentum: 4

  Minimum eigenvalue in the overlap matrix is 6.1552140142E-06.
  Using Symmetric Orthogonalization.
  SCF Guess: Generalized Wolfsberg-Helmholtz.

  Guess energy:  -798.91644199844575

  ==> Iterations <==

                        Total Energy        Delta E     RMS |[F,P]|

   @RHF iter   1: -1055.72155626107588   -1.05572e+03   1.96809e-02 
   @RHF iter   2:  -970.37929277931551    8.53423e+01   1.51430e-02 DIIS
   @RHF iter   3: -1034.79285807294809   -6.44136e+01   1.42643e-02 DIIS
   @RHF iter   4: -1071.15308114265099   -3.63602e+01   1.03102e-02 DIIS
   @RHF iter   5: -1089.93877770590143   -1.87857e+01   5.86996e-03 DIIS
   @RHF iter   6: -1096.51298303441718   -6.57421e+00   3.84410e-03 DIIS
   @RHF iter   7: -1103.02069085792527   -6.50771e+00   9.12175e-04 DIIS
   @RHF iter   8: -1103.20928062709436   -1.88590e-01   3.78931e-04 DIIS
   @RHF iter   9: -1103.23748035545850   -2.81997e-02   1.73005e-04 DIIS
   @RHF iter  10: -1103.24567634113509   -8.19599e-03   7.63622e-05 DIIS
   @RHF iter  11: -1103.24733621147880   -1.65987e-03   3.10492e-05 DIIS
   @RHF iter  12: -1103.24761180016003   -2.75589e-04   8.26264e-06 DIIS
   @RHF iter  13: -1103.24763301674466   -2.12166e-05   2.18929e-06 DIIS
   @RHF iter  14: -1103.24763502666565   -2.00992e-06   6.94381e-07 DIIS
   @RHF iter  15: -1103.24763524329910   -2.16633e-07   2.92195e-07 DIIS
   @RHF iter  16: -1103.24763528533867   -4.20396e-08   1.22753e-07 DIIS
   @RHF iter  17: -1103.24763529309166   -7.75299e-09   4.86728e-08 DIIS
   @RHF iter  18: -1103.24763529442544   -1.33377e-09   1.56108e-08 DIIS
   @RHF iter  19: -1103.24763529458278   -1.57343e-10   5.72123e-09 DIIS

  ==> Post-Iterations <==

	Orbital Energies (a.u.)
	-----------------------

	Doubly Occupied:                                                      

	   1A    -92.059593     2A    -92.053874     3A    -20.504955  
	   4A    -20.498805     5A    -11.253379     6A    -11.226162  
	   7A    -11.223694     8A    -11.221746     9A     -9.047435  
	  10A     -9.041689    11A     -6.729007    12A     -6.728647  
	  13A     -6.727350    14A     -6.723307    15A     -6.723207  
	  16A     -6.721871    17A     -1.355727    18A     -1.335711  
	  19A     -1.067548    20A     -1.041056    21A     -0.960846  
	  22A     -0.951283    23A     -0.821410    24A     -0.798411  
	  25A     -0.664385    26A     -0.650204    27A     -0.634862  
	  28A     -0.615403    29A     -0.603389    30A     -0.598311  
	  31A     -0.594952    32A     -0.572593    33A     -0.552357  
	  34A     -0.537529    35A     -0.526569    36A     -0.514891  
	  37A     -0.499998    38A     -0.482199    39A     -0.418961  
	  40A     -0.406337    41A     -0.369475    42A     -0.353640  

	Virtual:                                                              

	  43A      0.028686    44A      0.035420    45A      0.036843  
	  46A      0.041844    47A      0.050192    48A      0.051382  
	  49A      0.057055    50A      0.062120    51A      0.063318  
	  52A      0.074271    53A      0.077524    54A      0.084533  
	  55A      0.090873    56A      0.096472    57A      0.116667  
	  58A      0.119035    59A      0.123542    60A      0.126521  
	  61A      0.128661    62A      0.135582    63A      0.138373  
	  64A      0.140081    65A      0.143308    66A      0.145881  
	  67A      0.147795    68A      0.157498    69A      0.160056  
	  70A      0.162932    71A      0.163888    72A      0.172663  
	  73A      0.180707    74A      0.187144    75A      0.203206  
	  76A      0.206546    77A      0.210204    78A      0.210810  
	  79A      0.215954    80A      0.218019    81A      0.221172  
	  82A      0.230217    83A      0.238078    84A      0.241759  
	  85A      0.254543    86A      0.259772    87A      0.261906  
	  88A      0.269480    89A      0.278445    90A      0.281339  
	  91A      0.285813    92A      0.290809    93A      0.299804  
	  94A      0.307727    95A      0.313169    96A      0.319680  
	  97A      0.326615    98A      0.329011    99A      0.340134  
	 100A      0.341841   101A      0.346347   102A      0.351095  
	 103A      0.352466   104A      0.355082   105A      0.359217  
	 106A      0.363240   107A      0.366421   108A      0.371006  
	 109A      0.377960   110A      0.384458   111A      0.386098  
	 112A      0.391252   113A      0.394883   114A      0.402388  
	 115A      0.405434   116A      0.411559   117A      0.418211  
	 118A      0.419833   119A      0.420321   120A      0.425011  
	 121A      0.426416   122A      0.432346   123A      0.435711  
	 124A      0.437403   125A      0.439130   126A      0.442468  
	 127A      0.445188   128A      0.452246   129A      0.457646  
	 130A      0.464263   131A      0.469935   132A      0.476809  
	 133A      0.481799   134A      0.485966   135A      0.487509  
	 136A      0.496553   137A      0.504048   138A      0.511686  
	 139A      0.518150   140A      0.529551   141A      0.532147  
	 142A      0.533037   143A      0.538277   144A      0.541707  
	 145A      0.549280   146A      0.553908   147A      0.560005  
	 148A      0.566368   149A      0.574245   150A      0.583108  
	 151A      0.583903   152A      0.588613   153A      0.596094  
	 154A      0.602473   155A      0.603816   156A      0.612808  
	 157A      0.618750   158A      0.628677   159A      0.631959  
	 160A      0.632890   161A      0.640121   162A      0.649474  
	 163A      0.656407   164A      0.658802   165A      0.665210  
	 166A      0.672762   167A      0.677185   168A      0.682779  
	 169A      0.696657   170A      0.702418   171A      0.717767  
	 172A      0.725127   173A      0.737055   174A      0.746588  
	 175A      0.757874   176A      0.767664   177A      0.771736  
	 178A      0.784596   179A      0.787413   180A      0.788151  
	 181A      0.801741   182A      0.811345   183A      0.820443  
	 184A      0.826318   185A      0.833421   186A      0.834757  
	 187A      0.836776   188A      0.840040   189A      0.853314  
	 190A      0.856816   191A      0.866918   192A      0.877314  
	 193A      0.880791   194A      0.887067   195A      0.891528  
	 196A      0.894263   197A      0.898396   198A      0.905153  
	 199A      0.907921   200A      0.915258   201A      0.921256  
	 202A      0.932633   203A      0.934233   204A      0.939225  
	 205A      0.943330   206A      0.948762   207A      0.950079  
	 208A      0.954667   209A      0.969996   210A      0.979551  
	 211A      0.982130   212A      0.984502   213A      0.996545  
	 214A      1.003571   215A      1.006315   216A      1.014837  
	 217A      1.022538   218A      1.029634   219A      1.033369  
	 220A      1.040780   221A      1.046004   222A      1.063267  
	 223A      1.065026   224A      1.073842   225A      1.080201  
	 226A      1.084780   227A      1.087342   228A      1.094963  
	 229A      1.098759   230A      1.105028   231A      1.120944  
	 232A      1.126737   233A      1.130357   234A      1.135599  
	 235A      1.140284   236A      1.148453   237A      1.152920  
	 238A      1.159000   239A      1.165531   240A      1.177157  
	 241A      1.180154   242A      1.192321   243A      1.193725  
	 244A      1.202378   245A      1.205247   246A      1.212746  
	 247A      1.215086   248A      1.225312   249A      1.230492  
	 250A      1.235287   251A      1.237178   252A      1.241965  
	 253A      1.252662   254A      1.259272   255A      1.269558  
	 256A      1.273588   257A      1.283887   258A      1.296043  
	 259A      1.299706   260A      1.306617   261A      1.310034  
	 262A      1.319223   263A      1.320436   264A      1.328871  
	 265A      1.337338   266A      1.350321   267A      1.353408  
	 268A      1.364337   269A      1.367237   270A      1.371539  
	 271A      1.377883   272A      1.391486   273A      1.397997  
	 274A      1.403954   275A      1.407691   276A      1.419661  
	 277A      1.424181   278A      1.430688   279A      1.447009  
	 280A      1.450889   281A      1.462828   282A      1.466114  
	 283A      1.471057   284A      1.480868   285A      1.490167  
	 286A      1.497999   287A      1.510194   288A      1.515369  
	 289A      1.523981   290A      1.535433   291A      1.537592  
	 292A      1.551302   293A      1.555437   294A      1.566093  
	 295A      1.571209   296A      1.585160   297A      1.594755  
	 298A      1.598483   299A      1.606220   300A      1.622465  
	 301A      1.626797   302A      1.629772   303A      1.636352  
	 304A      1.648896   305A      1.653174   306A      1.664550  
	 307A      1.670396   308A      1.677175   309A      1.682874  
	 310A      1.689274   311A      1.700755   312A      1.712975  
	 313A      1.718111   314A      1.724054   315A      1.741654  
	 316A      1.749772   317A      1.756859   318A      1.759099  
	 319A      1.764746   320A      1.779624   321A      1.789027  
	 322A      1.793973   323A      1.795561   324A      1.807430  
	 325A      1.816001   326A      1.823121   327A      1.832874  
	 328A      1.835666   329A      1.842493   330A      1.846688  
	 331A      1.852410   332A      1.866259   333A      1.871571  
	 334A      1.882473   335A      1.886354   336A      1.894160  
	 337A      1.901512   338A      1.903641   339A      1.920410  
	 340A      1.928293   341A      1.936971   342A      1.939467  
	 343A      1.954756   344A      1.959268   345A      1.970022  
	 346A      1.984574   347A      1.999291   348A      2.010819  
	 349A      2.021070   350A      2.033222   351A      2.043807  
	 352A      2.055288   353A      2.059134   354A      2.065371  
	 355A      2.077756   356A      2.088607   357A      2.109582  
	 358A      2.118537   359A      2.135365   360A      2.138945  
	 361A      2.145981   362A      2.155337   363A      2.171595  
	 364A      2.183975   365A      2.186347   366A      2.198187  
	 367A      2.221363   368A      2.224937   369A      2.229726  
	 370A      2.243806   371A      2.249842   372A      2.270056  
	 373A      2.273246   374A      2.282109   375A      2.290124  
	 376A      2.300453   377A      2.319084   378A      2.325447  
	 379A      2.350193   380A      2.369841   381A      2.383575  
	 382A      2.392445   383A      2.405688   384A      2.422350  
	 385A      2.443354   386A      2.448665   387A      2.458930  
	 388A      2.467612   389A      2.489378   390A      2.497541  
	 391A      2.506900   392A      2.543587   393A      2.550771  
	 394A      2.559233   395A      2.579532   396A      2.592453  
	 397A      2.611916   398A      2.611970   399A      2.630235  
	 400A      2.638807   401A      2.665285   402A      2.679824  
	 403A      2.693971   404A      2.710786   405A      2.735661  
	 406A      2.752195   407A      2.756346   408A      2.768569  
	 409A      2.788988   410A      2.818107   411A      2.823419  
	 412A      2.846339   413A      2.850094   414A      2.865025  
	 415A      2.874870   416A      2.881440   417A      2.900178  
	 418A      2.915231   419A      2.927708   420A      2.935991  
	 421A      2.953752   422A      2.954677   423A      2.982345  
	 424A      2.995397   425A      3.018480   426A      3.027862  
	 427A      3.052253   428A      3.067252   429A      3.073770  
	 430A      3.108029   431A      3.124155   432A      3.141507  
	 433A      3.157222   434A      3.188651   435A      3.204925  
	 436A      3.215007   437A      3.267087   438A      3.311169  
	 439A      3.325553   440A      3.405698   441A      3.438273  
	 442A      3.440648   443A      3.450756   444A      3.482947  
	 445A      3.514338   446A      3.518938   447A      3.542248  
	 448A      3.547742   449A      3.559697   450A      3.580794  
	 451A      3.605036   452A      3.624564   453A      3.633536  
	 454A      3.635850   455A      3.643955   456A      3.661591  
	 457A      3.674220   458A      3.689239   459A      3.694302  
	 460A      3.708872   461A      3.715086   462A      3.732258  
	 463A      3.740131   464A      3.752178   465A      3.760977  
	 466A      3.768696   467A      3.788691   468A      3.791724  
	 469A      3.802888   470A      3.813986   471A      3.827135  
	 472A      3.838187   473A      3.839879   474A      3.862463  
	 475A      3.873420   476A      3.876905   477A      3.900567  
	 478A      3.909706   479A      3.920193   480A      3.940794  
	 481A      3.950667   482A      3.965767   483A      3.968964  
	 484A      3.988860   485A      3.992760   486A      4.012260  
	 487A      4.030313   488A      4.047897   489A      4.062633  
	 490A      4.074641   491A      4.094009   492A      4.107134  
	 493A      4.116818   494A      4.123579   495A      4.124792  
	 496A      4.135843   497A      4.151641   498A      4.167137  
	 499A      4.180194   500A      4.204461   501A      4.219693  
	 502A      4.232391   503A      4.236824   504A      4.244470  
	 505A      4.254815   506A      4.263443   507A      4.277621  
	 508A      4.285085   509A      4.294131   510A      4.313923  
	 511A      4.321615   512A      4.341745   513A      4.351217  
	 514A      4.371182   515A      4.381004   516A      4.395044  
	 517A      4.413718   518A      4.425047   519A      4.444647  
	 520A      4.469531   521A      4.481581   522A      4.500805  
	 523A      4.515058   524A      4.530148   525A      4.533970  
	 526A      4.546234   527A      4.571499   528A      4.584751  
	 529A      4.598009   530A      4.600871   531A      4.614248  
	 532A      4.624544   533A      4.654016   534A      4.667070  
	 535A      4.676931   536A      4.709808   537A      4.729509  
	 538A      4.762710   539A      4.771925   540A      4.804163  
	 541A      4.824795   542A      4.834360   543A      4.841705  
	 544A      4.872333   545A      4.880486   546A      4.895967  
	 547A      4.915169   548A      4.946807   549A      4.957882  
	 550A      4.986405   551A      5.000951   552A      5.007971  
	 553A      5.028057   554A      5.042721   555A      5.046655  
	 556A      5.063075   557A      5.075361   558A      5.086344  
	 559A      5.099064   560A      5.127212   561A      5.141608  
	 562A      5.168589   563A      5.179012   564A      5.195428  
	 565A      5.223388   566A      5.232744   567A      5.241439  
	 568A      5.252163   569A      5.258388   570A      5.279520  
	 571A      5.297851   572A      5.311677   573A      5.318234  
	 574A      5.340305   575A      5.359496   576A      5.363077  
	 577A      5.381614   578A      5.387240   579A      5.399689  
	 580A      5.410704   581A      5.440434   582A      5.475089  
	 583A      5.558828   584A      5.563564   585A      5.580698  
	 586A      5.590196   587A      5.595111   588A      5.694570  
	 589A      5.710206   590A      5.727973   591A      5.745387  
	 592A      5.763132   593A      5.773489   594A      5.792783  
	 595A      5.806738   596A      5.817997   597A      5.854275  
	 598A      5.903243   599A      5.943335   600A      5.966183  
	 601A      6.019337   602A      6.045035   603A      6.061747  
	 604A      6.069040   605A      6.084016   606A      6.108472  
	 607A      6.127482   608A      6.137300   609A      6.161738  
	 610A      6.281451   611A      6.312328   612A      6.341818  
	 613A      6.721057   614A      6.761874   615A      6.784703  
	 616A      6.796559   617A      6.819789   618A      6.831693  
	 619A      6.857394   620A      6.930854   621A      6.942419  
	 622A      6.975867   623A      7.005660   624A      7.053085  
	 625A      7.106679   626A      7.109529   627A      7.152122  
	 628A      7.176960   629A      7.224658   630A      7.249386  
	 631A      7.270399   632A      7.274305   633A      7.325929  
	 634A      7.392170   635A      7.455692   636A      7.519476  
	 637A      7.560770   638A      7.612734   639A      7.688910  
	 640A      7.723809   641A      7.811758   642A      7.874876  
	 643A      8.023227   644A      8.104797   645A      9.756226  
	 646A     10.670032   647A     14.400479   648A     15.563202  
	 649A     17.560191   650A     17.979094   651A     18.121861  
	 652A     18.373234  

	Final Occupation by Irrep:
	          A 
	DOCC [    42 ]

  Energy converged.

  @RHF Final Energy: -1103.24763529458278

   => Energetics <=

    Nuclear Repulsion Energy =            643.1837702275728361
    One-Electron Energy =               -2800.0372864444716470
    Two-Electron Energy =                1053.6058809223170556
    DFT Exchange-Correlation Energy =       0.0000000000000000
    Empirical Dispersion Energy =           0.0000000000000000
    Total Energy =                      -1103.2476352945816416



Properties will be evaluated at   0.000000,   0.000000,   0.000000 Bohr
  ==> Properties <==


Properties computed using the SCF density density matrix
  Nuclear Dipole Moment: (a.u.)
     X:     4.5483      Y:    -4.2025      Z:     2.0886

  Electronic Dipole Moment: (a.u.)
     X:    -4.2293      Y:     3.6858      Z:    -1.6794

  Dipole Moment: (a.u.)
     X:     0.3190      Y:    -0.5167      Z:     0.4092     Total:     0.7322

  Dipole Moment: (Debye)
     X:     0.8107      Y:    -1.3133      Z:     1.0401     Total:     1.8611


  Saving occupied orbitals to File 180.

  Saving SAPT 2-DIMER file.

*** tstop() called on node36.bme.utexas.edu at Fri Jun  6 16:46:28 2014
Module time:
	user time   =    1020.15 seconds =      17.00 minutes
	system time =      15.32 seconds =       0.26 minutes
	total time  =        289 seconds =       4.82 minutes
Total time:
	user time   =    1020.15 seconds =      17.00 minutes
	system time =      15.32 seconds =       0.26 minutes
	total time  =        289 seconds =       4.82 minutes

  //>>>>>>>>>>>>>>>>>>>>>>>>>>>>>>>>>>>//
  //            Monomer A HF           //
  //<<<<<<<<<<<<<<<<<<<<<<<<<<<<<<<<<<<//


  No DF_BASIS_SCF auxiliary basis selected, defaulting to aug-cc-pvtz-jkfit


*** tstart() called on node36.bme.utexas.edu
*** at Fri Jun  6 16:46:28 2014


         ---------------------------------------------------------
                                   SCF
            by Justin Turney, Rob Parrish, and Andy Simmonett
                              RHF Reference
                        4 Threads,  10000 MiB Core
         ---------------------------------------------------------

  ==> Geometry <==

    Molecular point group: c1
    Full point group: C1

    Geometry (in Angstrom), charge = 0, multiplicity = 1:

       Center              X                  Y                   Z       
    ------------   -----------------  -----------------  -----------------
           C          0.193123858814    -1.715289259922    -1.097970280598
           O          0.890479858814    -0.284129259922     1.025571719402
           S         -0.169870141186    -1.269347259922     0.604403719402
           C          0.329243858814    -2.844183259922     1.327988719402
           H         -0.437777141186    -2.550512259922    -1.396762280598
           H         -0.036910141186    -0.832451259922    -1.688889280598
           H          1.249115858814    -1.972961259922    -1.160112280598
           H         -0.323200141186    -3.639547259922     0.972904719402
           H          1.366689858814    -3.030743259922     1.057426719402
           H          0.240025858814    -2.740070259922     2.405936719402
           C(Gh)     -0.707098394186     1.810001344078     1.001913916402
           O(Gh)     -0.911449394186     0.420938344078    -1.251650083598
           S(Gh)     -0.419593394186     1.762374344078    -0.776322083598
           C(Gh)      1.374341605814     1.631239344078    -0.660155083598
           H(Gh)     -0.301500394186     2.735737344078     1.406795916402
           H(Gh)     -1.784604394186     1.784435344078     1.142780916402
           H(Gh)     -0.232973394186     0.935670344078     1.445743916402
           H(Gh)      1.775837605814     2.538070344078    -0.211125083598
           H(Gh)      1.606934605814     0.749371344078    -0.064797083598
           H(Gh)      1.746711605814     1.525628344078    -1.676020083598

  Running in c1 symmetry.

  Nuclear repulsion =  184.352176924508257

  Charge       = 0
  Multiplicity = 1
  Electrons    = 42
  Nalpha       = 21
  Nbeta        = 21

  ==> Algorithm <==

  SCF Algorithm Type is DF.
  DIIS enabled.
  MOM disabled.
  Fractional occupation disabled.
  Guess Type is GWH.
  Energy threshold   = 1.00e-08
  Density threshold  = 1.00e-08
  Integral threshold = 0.00e+00

  ==> Primary Basis <==

  Basis Set: AUG-CC-PVTZ
    Number of shells: 224
    Number of basis function: 652
    Number of Cartesian functions: 748
    Spherical Harmonics?: true
    Max angular momentum: 3

  ==> Pre-Iterations <==

   -------------------------------------------------------
    Irrep   Nso     Nmo     Nalpha   Nbeta   Ndocc  Nsocc
   -------------------------------------------------------
     A        652     652       0       0       0       0
   -------------------------------------------------------
    Total     652     652      21      21      21       0
   -------------------------------------------------------

 OEINTS: Wrapper to libmints.
   by Justin Turney

   Calculation information:
      Number of atoms:                  20
      Number of AO shells:             224
      Number of SO shells:             224
      Number of primitives:            440
      Number of atomic orbitals:       748
      Number of basis functions:       652

      Number of irreps:                  1
      Number of functions per irrep: [ 652 ]

      Overlap, kinetic, potential, dipole, and quadrupole integrals
        stored in file 35.

  ==> Integral Setup <==

  ==> DFJK: Density-Fitted J/K Matrices <==

    J tasked:                  Yes
    K tasked:                  Yes
    wK tasked:                  No
    OpenMP threads:              4
    Integrals threads:           4
    Memory (MB):              7152
    Algorithm:                Core
    Integral Cache:           LOAD
    Schwarz Cutoff:          0E+00
    Fitting Condition:       1E-12

   => Auxiliary Basis Set <=

  Basis Set: aug-cc-pvtz-jkfit
    Number of shells: 432
    Number of basis function: 1468
    Number of Cartesian functions: 1806
    Spherical Harmonics?: true
    Max angular momentum: 4

  Minimum eigenvalue in the overlap matrix is 6.1552140143E-06.
  Using Symmetric Orthogonalization.
  SCF Guess: Generalized Wolfsberg-Helmholtz.

  Guess energy:  -261.46905324031673

  ==> Iterations <==

                        Total Energy        Delta E     RMS |[F,P]|

   @RHF iter   1:  -337.18419397918717   -3.37184e+02   1.03821e-01 
   @RHF iter   2:  -518.25995442233568   -1.81076e+02   9.63494e-03 DIIS
   @RHF iter   3:  -489.35822058653264    2.89017e+01   1.48651e-02 DIIS
   @RHF iter   4:  -538.38499744283513   -4.90268e+01   4.29520e-03 DIIS
   @RHF iter   5:  -527.57458788371764    1.08104e+01   8.75107e-03 DIIS
   @RHF iter   6:  -545.84735789012461   -1.82728e+01   4.85915e-03 DIIS
   @RHF iter   7:  -550.20242616528162   -4.35507e+00   2.32704e-03 DIIS
   @RHF iter   8:  -551.40996258685482   -1.20754e+00   9.00082e-04 DIIS
   @RHF iter   9:  -551.60254081263918   -1.92578e-01   4.35942e-04 DIIS
   @RHF iter  10:  -551.64775639440575   -4.52156e-02   1.12912e-04 DIIS
   @RHF iter  11:  -551.65301655752000   -5.26016e-03   2.37548e-05 DIIS
   @RHF iter  12:  -551.65338082582491   -3.64268e-04   8.22105e-06 DIIS
   @RHF iter  13:  -551.65343668924402   -5.58634e-05   2.21748e-06 DIIS
   @RHF iter  14:  -551.65344092225951   -4.23302e-06   7.49831e-07 DIIS
   @RHF iter  15:  -551.65344134736324   -4.25104e-07   2.16717e-07 DIIS
   @RHF iter  16:  -551.65344137929105   -3.19278e-08   8.70721e-08 DIIS
   @RHF iter  17:  -551.65344138374383   -4.45277e-09   2.66639e-08 DIIS
   @RHF iter  18:  -551.65344138433522   -5.91399e-10   7.92131e-09 DIIS

  ==> Post-Iterations <==

	Orbital Energies (a.u.)
	-----------------------

	Doubly Occupied:                                                      

	   1A    -92.069682     2A    -20.501663     3A    -11.263583  
	   4A    -11.262389     5A     -9.056334     6A     -6.738065  
	   7A     -6.737821     8A     -6.736467     9A     -1.328459  
	  10A     -1.067699    11A     -0.978359    12A     -0.817130  
	  13A     -0.646227    14A     -0.630460    15A     -0.623028  
	  16A     -0.588428    17A     -0.560300    18A     -0.544916  
	  19A     -0.511304    20A     -0.417314    21A     -0.369400  

	Virtual:                                                              

	  22A      0.022214    23A      0.032259    24A      0.035888  
	  25A      0.037011    26A      0.050158    27A      0.050800  
	  28A      0.056173    29A      0.058666    30A      0.064692  
	  31A      0.075504    32A      0.077259    33A      0.082924  
	  34A      0.086045    35A      0.091595    36A      0.107674  
	  37A      0.110506    38A      0.114575    39A      0.116206  
	  40A      0.122528    41A      0.127462    42A      0.135644  
	  43A      0.136305    44A      0.140056    45A      0.143386  
	  46A      0.147267    47A      0.148062    48A      0.155973  
	  49A      0.158906    50A      0.160495    51A      0.168663  
	  52A      0.173511    53A      0.177596    54A      0.188060  
	  55A      0.199210    56A      0.202530    57A      0.203996  
	  58A      0.210903    59A      0.214612    60A      0.225167  
	  61A      0.227163    62A      0.237260    63A      0.242641  
	  64A      0.244874    65A      0.258706    66A      0.261623  
	  67A      0.275387    68A      0.280270    69A      0.287622  
	  70A      0.295629    71A      0.301608    72A      0.305701  
	  73A      0.312224    74A      0.313854    75A      0.322784  
	  76A      0.329049    77A      0.332716    78A      0.334067  
	  79A      0.338107    80A      0.339167    81A      0.344450  
	  82A      0.345404    83A      0.350279    84A      0.359188  
	  85A      0.365804    86A      0.369336    87A      0.373339  
	  88A      0.378088    89A      0.381571    90A      0.389377  
	  91A      0.389835    92A      0.396607    93A      0.400449  
	  94A      0.404504    95A      0.409737    96A      0.412126  
	  97A      0.419917    98A      0.422656    99A      0.425407  
	 100A      0.429404   101A      0.431433   102A      0.434767  
	 103A      0.440378   104A      0.445606   105A      0.453532  
	 106A      0.456128   107A      0.463864   108A      0.464596  
	 109A      0.469870   110A      0.474861   111A      0.486403  
	 112A      0.496101   113A      0.505069   114A      0.512484  
	 115A      0.514478   116A      0.518937   117A      0.526637  
	 118A      0.532515   119A      0.534352   120A      0.537109  
	 121A      0.544735   122A      0.547185   123A      0.549826  
	 124A      0.560030   125A      0.575604   126A      0.579874  
	 127A      0.584920   128A      0.588517   129A      0.594968  
	 130A      0.598578   131A      0.606033   132A      0.613760  
	 133A      0.616022   134A      0.624262   135A      0.626774  
	 136A      0.629417   137A      0.637274   138A      0.644502  
	 139A      0.648699   140A      0.655418   141A      0.657254  
	 142A      0.666794   143A      0.677093   144A      0.685328  
	 145A      0.693011   146A      0.698784   147A      0.704273  
	 148A      0.716180   149A      0.722495   150A      0.726910  
	 151A      0.728865   152A      0.739026   153A      0.749109  
	 154A      0.750887   155A      0.766443   156A      0.775667  
	 157A      0.783407   158A      0.790568   159A      0.795666  
	 160A      0.799580   161A      0.806495   162A      0.811572  
	 163A      0.819144   164A      0.827719   165A      0.839655  
	 166A      0.843266   167A      0.847590   168A      0.857046  
	 169A      0.861640   170A      0.865527   171A      0.877308  
	 172A      0.880399   173A      0.896276   174A      0.898820  
	 175A      0.907397   176A      0.915326   177A      0.920404  
	 178A      0.929615   179A      0.939696   180A      0.949949  
	 181A      0.957132   182A      0.970343   183A      0.973249  
	 184A      0.978524   185A      0.986598   186A      0.994496  
	 187A      1.003657   188A      1.010149   189A      1.023637  
	 190A      1.030763   191A      1.035685   192A      1.045087  
	 193A      1.048824   194A      1.063658   195A      1.069077  
	 196A      1.079010   197A      1.084996   198A      1.089886  
	 199A      1.095839   200A      1.104051   201A      1.106733  
	 202A      1.109818   203A      1.116055   204A      1.117009  
	 205A      1.125006   206A      1.127410   207A      1.139944  
	 208A      1.143768   209A      1.150283   210A      1.154989  
	 211A      1.155944   212A      1.161825   213A      1.173259  
	 214A      1.178160   215A      1.186578   216A      1.188171  
	 217A      1.192365   218A      1.194436   219A      1.205968  
	 220A      1.210974   221A      1.218060   222A      1.218377  
	 223A      1.221452   224A      1.232150   225A      1.240564  
	 226A      1.249387   227A      1.254417   228A      1.263382  
	 229A      1.270802   230A      1.273937   231A      1.278553  
	 232A      1.289225   233A      1.298261   234A      1.309100  
	 235A      1.312201   236A      1.317788   237A      1.321476  
	 238A      1.322858   239A      1.336936   240A      1.345301  
	 241A      1.351326   242A      1.356980   243A      1.362576  
	 244A      1.372869   245A      1.385829   246A      1.392939  
	 247A      1.395109   248A      1.404900   249A      1.407406  
	 250A      1.413714   251A      1.415895   252A      1.432073  
	 253A      1.434561   254A      1.439760   255A      1.449471  
	 256A      1.453510   257A      1.460145   258A      1.471491  
	 259A      1.477398   260A      1.485352   261A      1.490450  
	 262A      1.499055   263A      1.506817   264A      1.510292  
	 265A      1.523821   266A      1.533423   267A      1.534839  
	 268A      1.544103   269A      1.553345   270A      1.562323  
	 271A      1.572542   272A      1.580233   273A      1.589326  
	 274A      1.603957   275A      1.607337   276A      1.614142  
	 277A      1.615818   278A      1.630206   279A      1.638517  
	 280A      1.643143   281A      1.653565   282A      1.660432  
	 283A      1.673738   284A      1.680681   285A      1.685129  
	 286A      1.691515   287A      1.703154   288A      1.708009  
	 289A      1.717136   290A      1.723190   291A      1.731599  
	 292A      1.745562   293A      1.750329   294A      1.759685  
	 295A      1.766290   296A      1.783880   297A      1.786889  
	 298A      1.799418   299A      1.807345   300A      1.820365  
	 301A      1.836286   302A      1.841564   303A      1.845016  
	 304A      1.853034   305A      1.863107   306A      1.869521  
	 307A      1.881398   308A      1.882491   309A      1.901855  
	 310A      1.907075   311A      1.920981   312A      1.922136  
	 313A      1.933472   314A      1.940597   315A      1.952897  
	 316A      1.958370   317A      1.975624   318A      1.986591  
	 319A      2.001834   320A      2.009228   321A      2.014189  
	 322A      2.034585   323A      2.041006   324A      2.045146  
	 325A      2.055417   326A      2.067464   327A      2.075747  
	 328A      2.090395   329A      2.101438   330A      2.105954  
	 331A      2.120786   332A      2.127209   333A      2.134593  
	 334A      2.141111   335A      2.156956   336A      2.160176  
	 337A      2.172897   338A      2.177309   339A      2.181244  
	 340A      2.194587   341A      2.200259   342A      2.217323  
	 343A      2.226681   344A      2.240814   345A      2.244924  
	 346A      2.262122   347A      2.268216   348A      2.278831  
	 349A      2.286261   350A      2.294188   351A      2.315358  
	 352A      2.338239   353A      2.359398   354A      2.376704  
	 355A      2.378982   356A      2.407489   357A      2.421320  
	 358A      2.428483   359A      2.433638   360A      2.440872  
	 361A      2.468192   362A      2.480332   363A      2.501878  
	 364A      2.519304   365A      2.523789   366A      2.530045  
	 367A      2.536011   368A      2.560387   369A      2.576937  
	 370A      2.589525   371A      2.597038   372A      2.632186  
	 373A      2.633118   374A      2.652905   375A      2.669862  
	 376A      2.677766   377A      2.691889   378A      2.701901  
	 379A      2.732128   380A      2.746791   381A      2.757354  
	 382A      2.775870   383A      2.807183   384A      2.812925  
	 385A      2.819274   386A      2.829478   387A      2.849213  
	 388A      2.872758   389A      2.888542   390A      2.911038  
	 391A      2.922472   392A      2.930071   393A      2.950746  
	 394A      2.961736   395A      2.964641   396A      2.995496  
	 397A      3.006584   398A      3.013107   399A      3.021932  
	 400A      3.037471   401A      3.051084   402A      3.061337  
	 403A      3.078189   404A      3.122925   405A      3.132017  
	 406A      3.147179   407A      3.158199   408A      3.174151  
	 409A      3.190007   410A      3.198362   411A      3.242352  
	 412A      3.280902   413A      3.294175   414A      3.335091  
	 415A      3.341920   416A      3.369921   417A      3.396991  
	 418A      3.420051   419A      3.454459   420A      3.477918  
	 421A      3.510928   422A      3.524943   423A      3.539982  
	 424A      3.550952   425A      3.584553   426A      3.586996  
	 427A      3.608242   428A      3.612670   429A      3.631243  
	 430A      3.642055   431A      3.655873   432A      3.670745  
	 433A      3.692516   434A      3.706092   435A      3.713698  
	 436A      3.734650   437A      3.751673   438A      3.768455  
	 439A      3.779956   440A      3.809097   441A      3.836182  
	 442A      3.845765   443A      3.851620   444A      3.880610  
	 445A      3.908523   446A      3.931526   447A      3.949717  
	 448A      3.959859   449A      3.969121   450A      3.984509  
	 451A      3.995580   452A      4.000706   453A      4.032100  
	 454A      4.044730   455A      4.069021   456A      4.093897  
	 457A      4.107622   458A      4.121284   459A      4.134525  
	 460A      4.147561   461A      4.168700   462A      4.179043  
	 463A      4.192188   464A      4.193958   465A      4.220388  
	 466A      4.228503   467A      4.243927   468A      4.249648  
	 469A      4.259421   470A      4.265582   471A      4.293269  
	 472A      4.300493   473A      4.306416   474A      4.320316  
	 475A      4.327963   476A      4.338519   477A      4.367139  
	 478A      4.372434   479A      4.386002   480A      4.395741  
	 481A      4.405173   482A      4.443602   483A      4.471554  
	 484A      4.473788   485A      4.482241   486A      4.508012  
	 487A      4.526087   488A      4.541248   489A      4.560230  
	 490A      4.572151   491A      4.587133   492A      4.597558  
	 493A      4.621827   494A      4.630125   495A      4.639067  
	 496A      4.652534   497A      4.677584   498A      4.684048  
	 499A      4.696636   500A      4.706806   501A      4.723314  
	 502A      4.731148   503A      4.755317   504A      4.765770  
	 505A      4.795479   506A      4.816987   507A      4.819151  
	 508A      4.826150   509A      4.842464   510A      4.849103  
	 511A      4.857995   512A      4.867177   513A      4.888423  
	 514A      4.898181   515A      4.915027   516A      4.948831  
	 517A      4.950187   518A      4.991627   519A      5.010584  
	 520A      5.020303   521A      5.022833   522A      5.031769  
	 523A      5.046417   524A      5.050078   525A      5.071273  
	 526A      5.090279   527A      5.105465   528A      5.115852  
	 529A      5.142113   530A      5.167400   531A      5.179877  
	 532A      5.184557   533A      5.203603   534A      5.215451  
	 535A      5.236455   536A      5.248858   537A      5.258984  
	 538A      5.273610   539A      5.293488   540A      5.309967  
	 541A      5.328935   542A      5.336116   543A      5.351791  
	 544A      5.357325   545A      5.383907   546A      5.397676  
	 547A      5.409457   548A      5.436081   549A      5.449280  
	 550A      5.509663   551A      5.512254   552A      5.527508  
	 553A      5.545634   554A      5.553967   555A      5.559652  
	 556A      5.569023   557A      5.598213   558A      5.609760  
	 559A      5.669244   560A      5.676662   561A      5.690791  
	 562A      5.707109   563A      5.714992   564A      5.743870  
	 565A      5.774601   566A      5.801553   567A      5.809346  
	 568A      5.827124   569A      5.840313   570A      5.851867  
	 571A      5.876304   572A      5.898833   573A      5.913355  
	 574A      5.959592   575A      6.005230   576A      6.032769  
	 577A      6.045039   578A      6.069034   579A      6.098424  
	 580A      6.117508   581A      6.197303   582A      6.217516  
	 583A      6.279821   584A      6.293578   585A      6.343017  
	 586A      6.371754   587A      6.384233   588A      6.408882  
	 589A      6.427217   590A      6.505346   591A      6.714519  
	 592A      6.740484   593A      6.761470   594A      6.782393  
	 595A      6.794199   596A      6.887454   597A      6.919767  
	 598A      6.942364   599A      7.058900   600A      7.095470  
	 601A      7.153691   602A      7.221308   603A      7.281027  
	 604A      7.283329   605A      7.336369   606A      7.446244  
	 607A      7.498691   608A      7.534561   609A      7.622352  
	 610A      7.721973   611A      7.769329   612A      7.795438  
	 613A      7.853516   614A      7.895950   615A      7.910696  
	 616A      7.920482   617A      7.932756   618A      7.982744  
	 619A      8.026771   620A      8.047445   621A      8.105955  
	 622A      8.142631   623A      8.215386   624A      8.235927  
	 625A      8.277667   626A      8.314360   627A      8.423331  
	 628A      8.457183   629A      8.487305   630A      9.892400  
	 631A      9.978184   632A     10.091012   633A     10.232097  
	 634A     10.392166   635A     10.585188   636A     10.732896  
	 637A     10.792816   638A     11.392995   639A     11.874646  
	 640A     12.095185   641A     12.984884   642A     15.588117  
	 643A     17.543633   644A     17.758675   645A     18.127765  
	 646A     25.227793   647A     25.764681   648A     26.088466  
	 649A     53.386454   650A     53.701845   651A     63.373973  
	 652A    141.912668  

	Final Occupation by Irrep:
	          A 
	DOCC [    21 ]

  Energy converged.

  @RHF Final Energy:  -551.65344138433522

   => Energetics <=

    Nuclear Repulsion Energy =            184.3521769245082567
    One-Electron Energy =               -1125.1131733868255651
    Two-Electron Energy =                 389.1075550779830792
    DFT Exchange-Correlation Energy =       0.0000000000000000
    Empirical Dispersion Energy =           0.0000000000000000
    Total Energy =                       -551.6534413843342008



Properties will be evaluated at   0.000000,   0.000000,   0.000000 Bohr
  ==> Properties <==


Properties computed using the SCF density density matrix
  Nuclear Dipole Moment: (a.u.)
     X:    18.1377      Y:  -122.2761      Z:    36.7469

  Electronic Dipole Moment: (a.u.)
     X:   -18.7403      Y:   120.6925      Z:   -37.4736

  Dipole Moment: (a.u.)
     X:    -0.6025      Y:    -1.5836      Z:    -0.7266     Total:     1.8436

  Dipole Moment: (Debye)
     X:    -1.5315      Y:    -4.0251      Z:    -1.8469     Total:     4.6859


  Saving occupied orbitals to File 180.

  Saving SAPT 2-MONOMER_A file.

*** tstop() called on node36.bme.utexas.edu at Fri Jun  6 16:50:07 2014
Module time:
	user time   =     758.63 seconds =      12.64 minutes
	system time =       7.77 seconds =       0.13 minutes
	total time  =        219 seconds =       3.65 minutes
Total time:
	user time   =    1778.81 seconds =      29.65 minutes
	system time =      23.09 seconds =       0.38 minutes
	total time  =        508 seconds =       8.47 minutes

  //>>>>>>>>>>>>>>>>>>>>>>>>>>>>>>>>>>>//
  //            Monomer B HF           //
  //<<<<<<<<<<<<<<<<<<<<<<<<<<<<<<<<<<<//


  No DF_BASIS_SCF auxiliary basis selected, defaulting to aug-cc-pvtz-jkfit


*** tstart() called on node36.bme.utexas.edu
*** at Fri Jun  6 16:50:07 2014


         ---------------------------------------------------------
                                   SCF
            by Justin Turney, Rob Parrish, and Andy Simmonett
                              RHF Reference
                        4 Threads,  10000 MiB Core
         ---------------------------------------------------------

  ==> Geometry <==

    Molecular point group: c1
    Full point group: C1

    Geometry (in Angstrom), charge = 0, multiplicity = 1:

       Center              X                  Y                   Z       
    ------------   -----------------  -----------------  -----------------
           C(Gh)      0.193123858814    -1.715289259922    -1.097970280598
           O(Gh)      0.890479858814    -0.284129259922     1.025571719402
           S(Gh)     -0.169870141186    -1.269347259922     0.604403719402
           C(Gh)      0.329243858814    -2.844183259922     1.327988719402
           H(Gh)     -0.437777141186    -2.550512259922    -1.396762280598
           H(Gh)     -0.036910141186    -0.832451259922    -1.688889280598
           H(Gh)      1.249115858814    -1.972961259922    -1.160112280598
           H(Gh)     -0.323200141186    -3.639547259922     0.972904719402
           H(Gh)      1.366689858814    -3.030743259922     1.057426719402
           H(Gh)      0.240025858814    -2.740070259922     2.405936719402
           C         -0.707098394186     1.810001344078     1.001913916402
           O         -0.911449394186     0.420938344078    -1.251650083598
           S         -0.419593394186     1.762374344078    -0.776322083598
           C          1.374341605814     1.631239344078    -0.660155083598
           H         -0.301500394186     2.735737344078     1.406795916402
           H         -1.784604394186     1.784435344078     1.142780916402
           H         -0.232973394186     0.935670344078     1.445743916402
           H          1.775837605814     2.538070344078    -0.211125083598
           H          1.606934605814     0.749371344078    -0.064797083598
           H          1.746711605814     1.525628344078    -1.676020083598

  Running in c1 symmetry.

  Nuclear repulsion =  184.291697861382659

  Charge       = 0
  Multiplicity = 1
  Electrons    = 42
  Nalpha       = 21
  Nbeta        = 21

  ==> Algorithm <==

  SCF Algorithm Type is DF.
  DIIS enabled.
  MOM disabled.
  Fractional occupation disabled.
  Guess Type is GWH.
  Energy threshold   = 1.00e-08
  Density threshold  = 1.00e-08
  Integral threshold = 0.00e+00

  ==> Primary Basis <==

  Basis Set: AUG-CC-PVTZ
    Number of shells: 224
    Number of basis function: 652
    Number of Cartesian functions: 748
    Spherical Harmonics?: true
    Max angular momentum: 3

  ==> Pre-Iterations <==

   -------------------------------------------------------
    Irrep   Nso     Nmo     Nalpha   Nbeta   Ndocc  Nsocc
   -------------------------------------------------------
     A        652     652       0       0       0       0
   -------------------------------------------------------
    Total     652     652      21      21      21       0
   -------------------------------------------------------

 OEINTS: Wrapper to libmints.
   by Justin Turney

   Calculation information:
      Number of atoms:                  20
      Number of AO shells:             224
      Number of SO shells:             224
      Number of primitives:            440
      Number of atomic orbitals:       748
      Number of basis functions:       652

      Number of irreps:                  1
      Number of functions per irrep: [ 652 ]

      Overlap, kinetic, potential, dipole, and quadrupole integrals
        stored in file 35.

  ==> Integral Setup <==

  ==> DFJK: Density-Fitted J/K Matrices <==

    J tasked:                  Yes
    K tasked:                  Yes
    wK tasked:                  No
    OpenMP threads:              4
    Integrals threads:           4
    Memory (MB):              7152
    Algorithm:                Core
    Integral Cache:           LOAD
    Schwarz Cutoff:          0E+00
    Fitting Condition:       1E-12

   => Auxiliary Basis Set <=

  Basis Set: aug-cc-pvtz-jkfit
    Number of shells: 432
    Number of basis function: 1468
    Number of Cartesian functions: 1806
    Spherical Harmonics?: true
    Max angular momentum: 4

  Minimum eigenvalue in the overlap matrix is 6.1552140143E-06.
  Using Symmetric Orthogonalization.
  SCF Guess: Generalized Wolfsberg-Helmholtz.

  Guess energy:  -275.85569435241655

  ==> Iterations <==

                        Total Energy        Delta E     RMS |[F,P]|

   @RHF iter   1:  -342.95458098634288   -3.42955e+02   9.98283e-02 
   @RHF iter   2:  -522.21738083352545   -1.79263e+02   8.49783e-03 DIIS
   @RHF iter   3:  -486.80076887212965    3.54166e+01   1.51264e-02 DIIS
   @RHF iter   4:  -534.69137240590737   -4.78906e+01   7.39387e-03 DIIS
   @RHF iter   5:  -551.36072714678255   -1.66694e+01   1.21128e-03 DIIS
   @RHF iter   6:  -551.60054172602838   -2.39815e-01   5.24986e-04 DIIS
   @RHF iter   7:  -551.64546169811092   -4.49200e-02   1.89575e-04 DIIS
   @RHF iter   8:  -551.65300699462796   -7.54530e-03   3.10388e-05 DIIS
   @RHF iter   9:  -551.65321790273379   -2.10908e-04   1.01859e-05 DIIS
   @RHF iter  10:  -551.65325058397514   -3.26812e-05   3.62936e-06 DIIS
   @RHF iter  11:  -551.65325774759015   -7.16362e-06   1.13585e-06 DIIS
   @RHF iter  12:  -551.65325873418089   -9.86591e-07   3.99845e-07 DIIS
   @RHF iter  13:  -551.65325889674591   -1.62565e-07   1.55742e-07 DIIS
   @RHF iter  14:  -551.65325891566351   -1.89176e-08   5.43983e-08 DIIS
   @RHF iter  15:  -551.65325891753446   -1.87094e-09   1.52007e-08 DIIS
   @RHF iter  16:  -551.65325891769953   -1.65073e-10   3.36643e-09 DIIS

  ==> Post-Iterations <==

	Orbital Energies (a.u.)
	-----------------------

	Doubly Occupied:                                                      

	   1A    -92.069588     2A    -20.502219     3A    -11.263364  
	   4A    -11.263351     5A     -9.056283     6A     -6.738006  
	   7A     -6.737793     8A     -6.736410     9A     -1.329372  
	  10A     -1.067993    11A     -0.977568    12A     -0.817006  
	  13A     -0.647862    14A     -0.629382    15A     -0.622009  
	  16A     -0.588378    17A     -0.560998    18A     -0.544844  
	  19A     -0.512502    20A     -0.417564    21A     -0.369075  

	Virtual:                                                              

	  22A      0.020594    23A      0.030037    24A      0.032261  
	  25A      0.040240    26A      0.049353    27A      0.050213  
	  28A      0.055845    29A      0.056996    30A      0.066414  
	  31A      0.072884    32A      0.075392    33A      0.082106  
	  34A      0.089142    35A      0.091373    36A      0.102763  
	  37A      0.110843    38A      0.111990    39A      0.119339  
	  40A      0.121860    41A      0.124219    42A      0.128758  
	  43A      0.131673    44A      0.140042    45A      0.142139  
	  46A      0.146358    47A      0.149407    48A      0.157933  
	  49A      0.159102    50A      0.161302    51A      0.166359  
	  52A      0.176180    53A      0.182420    54A      0.186716  
	  55A      0.194404    56A      0.197483    57A      0.202348  
	  58A      0.208841    59A      0.217990    60A      0.224282  
	  61A      0.230056    62A      0.234329    63A      0.247671  
	  64A      0.252878    65A      0.261804    66A      0.263816  
	  67A      0.271034    68A      0.279025    69A      0.282390  
	  70A      0.287335    71A      0.291898    72A      0.300049  
	  73A      0.309544    74A      0.315590    75A      0.316994  
	  76A      0.322361    77A      0.326669    78A      0.329915  
	  79A      0.332035    80A      0.337199    81A      0.346702  
	  82A      0.350158    83A      0.351535    84A      0.353675  
	  85A      0.360438    86A      0.365469    87A      0.374266  
	  88A      0.378179    89A      0.379893    90A      0.390880  
	  91A      0.393420    92A      0.399659    93A      0.403057  
	  94A      0.404581    95A      0.408387    96A      0.411738  
	  97A      0.416656    98A      0.423206    99A      0.425258  
	 100A      0.429300   101A      0.432530   102A      0.437789  
	 103A      0.441903   104A      0.445238   105A      0.450045  
	 106A      0.454588   107A      0.461123   108A      0.467736  
	 109A      0.472956   110A      0.477387   111A      0.481583  
	 112A      0.494551   113A      0.500617   114A      0.502701  
	 115A      0.508031   116A      0.512529   117A      0.518092  
	 118A      0.527154   119A      0.530494   120A      0.545339  
	 121A      0.546863   122A      0.548014   123A      0.554138  
	 124A      0.556951   125A      0.569050   126A      0.577750  
	 127A      0.581128   128A      0.584767   129A      0.590777  
	 130A      0.596315   131A      0.600793   132A      0.612458  
	 133A      0.613839   134A      0.621639   135A      0.630674  
	 136A      0.636124   137A      0.641602   138A      0.642507  
	 139A      0.654498   140A      0.655106   141A      0.659221  
	 142A      0.667698   143A      0.668557   144A      0.678771  
	 145A      0.685875   146A      0.690062   147A      0.703112  
	 148A      0.712136   149A      0.719345   150A      0.722489  
	 151A      0.732591   152A      0.737625   153A      0.739746  
	 154A      0.747377   155A      0.750737   156A      0.755219  
	 157A      0.774632   158A      0.780078   159A      0.784713  
	 160A      0.790067   161A      0.798329   162A      0.807297  
	 163A      0.810797   164A      0.818073   165A      0.823050  
	 166A      0.838519   167A      0.847853   168A      0.853202  
	 169A      0.866146   170A      0.867778   171A      0.876538  
	 172A      0.885463   173A      0.892791   174A      0.907756  
	 175A      0.910563   176A      0.923816   177A      0.933391  
	 178A      0.941812   179A      0.954491   180A      0.961544  
	 181A      0.966896   182A      0.972116   183A      0.975910  
	 184A      0.982829   185A      0.989030   186A      0.997858  
	 187A      1.007252   188A      1.012955   189A      1.015821  
	 190A      1.027185   191A      1.034659   192A      1.040347  
	 193A      1.047402   194A      1.055305   195A      1.058162  
	 196A      1.070438   197A      1.072878   198A      1.077392  
	 199A      1.085846   200A      1.095427   201A      1.100773  
	 202A      1.106499   203A      1.111122   204A      1.119608  
	 205A      1.123259   206A      1.127433   207A      1.136208  
	 208A      1.141434   209A      1.147818   210A      1.151362  
	 211A      1.152019   212A      1.159961   213A      1.169641  
	 214A      1.173982   215A      1.187268   216A      1.192751  
	 217A      1.195898   218A      1.205416   219A      1.210248  
	 220A      1.211134   221A      1.216317   222A      1.228074  
	 223A      1.228796   224A      1.232127   225A      1.240823  
	 226A      1.242822   227A      1.251770   228A      1.256645  
	 229A      1.271870   230A      1.279937   231A      1.280172  
	 232A      1.286656   233A      1.291605   234A      1.300292  
	 235A      1.307854   236A      1.311862   237A      1.321002  
	 238A      1.322918   239A      1.329207   240A      1.344192  
	 241A      1.346798   242A      1.357239   243A      1.361982  
	 244A      1.367729   245A      1.369718   246A      1.377296  
	 247A      1.388957   248A      1.393791   249A      1.398782  
	 250A      1.406834   251A      1.414360   252A      1.419074  
	 253A      1.423628   254A      1.429165   255A      1.440827  
	 256A      1.447636   257A      1.450401   258A      1.459269  
	 259A      1.475681   260A      1.480084   261A      1.490671  
	 262A      1.492061   263A      1.492732   264A      1.497890  
	 265A      1.514731   266A      1.527698   267A      1.531924  
	 268A      1.547118   269A      1.549103   270A      1.557363  
	 271A      1.570126   272A      1.573544   273A      1.578782  
	 274A      1.580976   275A      1.599023   276A      1.601445  
	 277A      1.613752   278A      1.631600   279A      1.637417  
	 280A      1.649280   281A      1.655512   282A      1.668479  
	 283A      1.669966   284A      1.679044   285A      1.683868  
	 286A      1.698947   287A      1.715907   288A      1.721367  
	 289A      1.726289   290A      1.730064   291A      1.735262  
	 292A      1.742171   293A      1.763960   294A      1.778715  
	 295A      1.782089   296A      1.788229   297A      1.799359  
	 298A      1.803352   299A      1.809385   300A      1.811899  
	 301A      1.825547   302A      1.836160   303A      1.846547  
	 304A      1.848639   305A      1.863215   306A      1.865795  
	 307A      1.870495   308A      1.881583   309A      1.895060  
	 310A      1.903544   311A      1.907732   312A      1.918114  
	 313A      1.923192   314A      1.938797   315A      1.948947  
	 316A      1.962390   317A      1.962809   318A      1.975676  
	 319A      1.993391   320A      2.003763   321A      2.009763  
	 322A      2.033384   323A      2.035234   324A      2.049024  
	 325A      2.067176   326A      2.074351   327A      2.078043  
	 328A      2.090933   329A      2.100179   330A      2.104555  
	 331A      2.107088   332A      2.109739   333A      2.125047  
	 334A      2.136563   335A      2.149008   336A      2.156829  
	 337A      2.166873   338A      2.172725   339A      2.184724  
	 340A      2.197523   341A      2.205453   342A      2.210985  
	 343A      2.225977   344A      2.243623   345A      2.252374  
	 346A      2.264461   347A      2.273074   348A      2.287108  
	 349A      2.295048   350A      2.304090   351A      2.309284  
	 352A      2.340286   353A      2.344237   354A      2.349379  
	 355A      2.358657   356A      2.391160   357A      2.411736  
	 358A      2.416321   359A      2.440476   360A      2.448288  
	 361A      2.467553   362A      2.478534   363A      2.479478  
	 364A      2.495495   365A      2.500444   366A      2.509319  
	 367A      2.524490   368A      2.546397   369A      2.553604  
	 370A      2.574928   371A      2.576747   372A      2.592015  
	 373A      2.605845   374A      2.617092   375A      2.643874  
	 376A      2.666208   377A      2.672088   378A      2.685441  
	 379A      2.711316   380A      2.742575   381A      2.744345  
	 382A      2.751218   383A      2.763053   384A      2.780684  
	 385A      2.793190   386A      2.823992   387A      2.836386  
	 388A      2.841202   389A      2.851407   390A      2.856427  
	 391A      2.873113   392A      2.911890   393A      2.936352  
	 394A      2.947089   395A      2.978007   396A      2.989649  
	 397A      2.995558   398A      3.001779   399A      3.018110  
	 400A      3.041200   401A      3.051270   402A      3.071995  
	 403A      3.095688   404A      3.114701   405A      3.122125  
	 406A      3.151922   407A      3.160325   408A      3.175632  
	 409A      3.197437   410A      3.226549   411A      3.248513  
	 412A      3.272763   413A      3.284436   414A      3.308951  
	 415A      3.332195   416A      3.348829   417A      3.374035  
	 418A      3.409696   419A      3.435568   420A      3.473582  
	 421A      3.521616   422A      3.525935   423A      3.541382  
	 424A      3.561232   425A      3.587322   426A      3.600590  
	 427A      3.622958   428A      3.642831   429A      3.657147  
	 430A      3.693721   431A      3.698952   432A      3.711507  
	 433A      3.721105   434A      3.735530   435A      3.744213  
	 436A      3.767084   437A      3.784896   438A      3.787021  
	 439A      3.815433   440A      3.832456   441A      3.847557  
	 442A      3.853044   443A      3.897431   444A      3.909496  
	 445A      3.927781   446A      3.956209   447A      3.964885  
	 448A      3.991850   449A      4.002131   450A      4.016161  
	 451A      4.041431   452A      4.049891   453A      4.070842  
	 454A      4.081320   455A      4.089628   456A      4.100828  
	 457A      4.104638   458A      4.136823   459A      4.140930  
	 460A      4.152624   461A      4.165296   462A      4.184420  
	 463A      4.193936   464A      4.217133   465A      4.237316  
	 466A      4.247686   467A      4.254878   468A      4.262134  
	 469A      4.264366   470A      4.272356   471A      4.295586  
	 472A      4.311092   473A      4.315104   474A      4.331407  
	 475A      4.346858   476A      4.349537   477A      4.362648  
	 478A      4.368602   479A      4.379067   480A      4.381886  
	 481A      4.420879   482A      4.432038   483A      4.447951  
	 484A      4.467369   485A      4.481389   486A      4.496541  
	 487A      4.512615   488A      4.531662   489A      4.541924  
	 490A      4.562817   491A      4.570564   492A      4.572169  
	 493A      4.593024   494A      4.600451   495A      4.611995  
	 496A      4.616603   497A      4.628300   498A      4.637824  
	 499A      4.662004   500A      4.694826   501A      4.721964  
	 502A      4.732577   503A      4.749532   504A      4.754361  
	 505A      4.766929   506A      4.769231   507A      4.809090  
	 508A      4.816180   509A      4.829118   510A      4.836673  
	 511A      4.855251   512A      4.860065   513A      4.867776  
	 514A      4.895746   515A      4.910524   516A      4.939507  
	 517A      4.944544   518A      4.951128   519A      4.980152  
	 520A      4.997893   521A      5.002164   522A      5.007207  
	 523A      5.034748   524A      5.057655   525A      5.078511  
	 526A      5.088129   527A      5.098952   528A      5.112378  
	 529A      5.137149   530A      5.157498   531A      5.189977  
	 532A      5.196127   533A      5.213475   534A      5.225819  
	 535A      5.232383   536A      5.257193   537A      5.266610  
	 538A      5.283405   539A      5.298949   540A      5.324342  
	 541A      5.338518   542A      5.353299   543A      5.358942  
	 544A      5.365872   545A      5.384601   546A      5.389671  
	 547A      5.409146   548A      5.423668   549A      5.438455  
	 550A      5.453473   551A      5.474211   552A      5.511360  
	 553A      5.530850   554A      5.550744   555A      5.563465  
	 556A      5.578721   557A      5.610604   558A      5.619593  
	 559A      5.637948   560A      5.645497   561A      5.702504  
	 562A      5.719844   563A      5.730733   564A      5.741588  
	 565A      5.757442   566A      5.768204   567A      5.786067  
	 568A      5.814532   569A      5.823083   570A      5.827497  
	 571A      5.866764   572A      5.898015   573A      5.917078  
	 574A      5.949943   575A      6.018278   576A      6.029279  
	 577A      6.063148   578A      6.090274   579A      6.134212  
	 580A      6.179026   581A      6.200456   582A      6.221047  
	 583A      6.239265   584A      6.248951   585A      6.286136  
	 586A      6.311061   587A      6.399507   588A      6.438169  
	 589A      6.475984   590A      6.673886   591A      6.720910  
	 592A      6.723001   593A      6.770575   594A      6.785725  
	 595A      6.822302   596A      6.832087   597A      6.866657  
	 598A      6.944350   599A      6.975772   600A      7.023392  
	 601A      7.058778   602A      7.162789   603A      7.197911  
	 604A      7.239686   605A      7.278445   606A      7.304241  
	 607A      7.448901   608A      7.492060   609A      7.545123  
	 610A      7.681965   611A      7.804913   612A      7.817212  
	 613A      7.853511   614A      7.857067   615A      7.907129  
	 616A      7.936536   617A      7.958963   618A      8.005481  
	 619A      8.049884   620A      8.074858   621A      8.112086  
	 622A      8.152714   623A      8.211439   624A      8.253256  
	 625A      8.290589   626A      8.303022   627A      8.356319  
	 628A      8.431782   629A      8.672477   630A      9.729422  
	 631A     10.031211   632A     10.104822   633A     10.202501  
	 634A     10.381754   635A     10.487019   636A     10.527397  
	 637A     10.733657   638A     11.614248   639A     11.991612  
	 640A     12.155339   641A     13.020540   642A     14.437191  
	 643A     17.982272   644A     18.198037   645A     19.056073  
	 646A     25.241167   647A     25.913909   648A     26.292885  
	 649A     52.381629   650A     53.542931   651A     65.648607  
	 652A    141.921302  

	Final Occupation by Irrep:
	          A 
	DOCC [    21 ]

  Energy converged.

  @RHF Final Energy:  -551.65325891769953

   => Energetics <=

    Nuclear Repulsion Energy =            184.2916978613826586
    One-Electron Energy =               -1124.9867807747459665
    Two-Electron Energy =                 389.0418239956641173
    DFT Exchange-Correlation Energy =       0.0000000000000000
    Empirical Dispersion Energy =           0.0000000000000000
    Total Energy =                       -551.6532589176991905



Properties will be evaluated at   0.000000,   0.000000,   0.000000 Bohr
  ==> Properties <==


Properties computed using the SCF density density matrix
  Nuclear Dipole Moment: (a.u.)
     X:   -13.5894      Y:   118.0736      Z:   -34.6584

  Electronic Dipole Moment: (a.u.)
     X:    14.5575      Y:  -116.9462      Z:    35.7534

  Dipole Moment: (a.u.)
     X:     0.9680      Y:     1.1274      Z:     1.0951     Total:     1.8459

  Dipole Moment: (Debye)
     X:     2.4605      Y:     2.8656      Z:     2.7834     Total:     4.6918


  Saving occupied orbitals to File 180.

  Saving SAPT 2-MONOMER_B file.

*** tstop() called on node36.bme.utexas.edu at Fri Jun  6 16:53:05 2014
Module time:
	user time   =     632.15 seconds =      10.54 minutes
	system time =       6.28 seconds =       0.10 minutes
	total time  =        178 seconds =       2.97 minutes
Total time:
	user time   =    2411.00 seconds =      40.18 minutes
	system time =      29.37 seconds =       0.49 minutes
	total time  =        686 seconds =      11.43 minutes
  No DF_BASIS_SAPT auxiliary basis selected, defaulting to aug-cc-pvtz-ri

  //>>>>>>>>>>>>>>>>>>>>>>>>>>>>>>>>>>>//
  //               SAPT2+              //
  //<<<<<<<<<<<<<<<<<<<<<<<<<<<<<<<<<<<//


*** tstart() called on node36.bme.utexas.edu
*** at Fri Jun  6 16:53:05 2014

        SAPT2+  
    Ed Hohenstein
     6 June 2009

      Orbital Information
  --------------------------
    NSO        =       652
    NMO        =       652
    NRI        =      1482
    NOCC A     =        21
    NOCC B     =        21
    FOCC A     =         8
    FOCC B     =         8
    NVIR A     =       631
    NVIR B     =       631

    Estimated memory usage: 8934.7 MB

    Elst10,r            =    -0.109011490312 H
    Exch10 (S^2)        =     0.200341415833 H
    Exch10              =     0.207241219524 H
    Ind20,r (A<-B)      =    -0.045101425228 H
    Ind20,r (B<-A)      =    -0.067999823643 H
    Ind20,r             =    -0.113101248871 H
    Exch-Ind20,r (A<-B) =     0.032783114856 H
    Exch-Ind20,r (B<-A) =     0.054610679031 H
    Exch-Ind20,r        =     0.087393793887 H
    Disp20              =    -0.061251627313 H
    Exch-Disp20         =     0.014649972727 H
    Elst12,r            =    -0.002304905097 H
    Exch11              =     0.001755562506 H
    Exch12              =     0.014857802335 H
    Ind22               =    -0.017230092379 H
    Disp21              =     0.009631615219 H
    Disp22 (SDQ)        =    -0.001688125683 H

    (i =   1 of  13)      16432 seconds
    (i =   2 of  13)      30158 seconds
    (i =   3 of  13)      43960 seconds
    (i =   4 of  13)      57778 seconds
    (i =   5 of  13)      71630 seconds
    (i =   6 of  13)      85430 seconds
    (i =   7 of  13)      99394 seconds
    (i =   8 of  13)     113319 seconds
    (i =   9 of  13)     127193 seconds
    (i =  10 of  13)     141073 seconds
    (i =  11 of  13)     154905 seconds
    (i =  12 of  13)     168791 seconds
    (i =  13 of  13)     182955 seconds

    Disp220 (T)         =    -0.005344655989 H

    (i =   1 of  13)      13573 seconds
    (i =   2 of  13)      26750 seconds
    (i =   3 of  13)      40151 seconds
    (i =   4 of  13)      53421 seconds
    (i =   5 of  13)      66628 seconds
    (i =   6 of  13)      79765 seconds
    (i =   7 of  13)      93123 seconds
    (i =   8 of  13)     106198 seconds
    (i =   9 of  13)     119009 seconds
    (i =  10 of  13)     130284 seconds
    (i =  11 of  13)     141736 seconds
    (i =  12 of  13)     153121 seconds
    (i =  13 of  13)     161041 seconds

    Disp202 (T)         =    -0.005116817584 H

    Disp22 (T)          =    -0.010461473573 H

    SAPT Results  
  -----------------------------------------------------------------------
    Electrostatics        -111.31639541 mH     -69.85209563 kcal mol^-1
      Elst10,r            -109.01149031 mH     -68.40574578 kcal mol^-1
      Elst12,r              -2.30490510 mH      -1.44634985 kcal mol^-1

    Exchange               223.85458436 mH     140.47087831 kcal mol^-1
      Exch10               207.24121952 mH     130.04583404 kcal mol^-1
      Exch10(S^2)          200.34141583 mH     125.71614168 kcal mol^-1
      Exch11(S^2)            1.75556251 mH       1.10163215 kcal mol^-1
      Exch12(S^2)           14.85780233 mH       9.32341211 kcal mol^-1

    Induction              -43.08105185 mH     -27.03376931 kcal mol^-1
      Ind20,r             -113.10124887 mH     -70.97210813 kcal mol^-1
      Ind22                -17.23009238 mH     -10.81204665 kcal mol^-1
      Exch-Ind20,r          87.39379389 mH      54.84043591 kcal mol^-1
      Exch-Ind22            13.31376229 mH       8.35451232 kcal mol^-1
      delta HF,r (2)       -13.45726678 mH      -8.44456275 kcal mol^-1

    Dispersion             -49.11963862 mH     -30.82303987 kcal mol^-1
      Disp20               -61.25162731 mH     -38.43597803 kcal mol^-1
      Disp21                 9.63161522 mH       6.04393005 kcal mol^-1
      Disp22 (SDQ)          -1.68812568 mH      -1.05931490 kcal mol^-1
      Disp22 (T)           -10.46147357 mH      -6.56467405 kcal mol^-1
      Exch-Disp20           14.64997273 mH       9.19299706 kcal mol^-1

    Total HF                59.06500745 mH      37.06385329 kcal mol^-1
    Total SAPT0             12.46335287 mH       7.82087233 kcal mol^-1
    Total SAPT2             22.85548252 mH      14.34203241 kcal mol^-1
    Total SAPT2+            20.33749848 mH      12.76197350 kcal mol^-1

*** tstop() called on node36.bme.utexas.edu at Wed Jun 11 16:24:23 2014
Module time:
	user time   = 1256353.60 seconds =   20939.23 minutes
	system time =    1771.78 seconds =      29.53 minutes
	total time  =     430278 seconds =    7171.30 minutes
Total time:
	user time   = 1258764.61 seconds =   20979.41 minutes
	system time =    1801.15 seconds =      30.02 minutes
	total time  =     430964 seconds =    7182.73 minutes

*** PSI4 exiting successfully. Buy a developer a beer!
